net 2: (10 15)->(10 15) 0 0 0 0 #timing (726 726) ps polarity 1
net 2: (10 15)->(8 15) 1 2 0 0 #timing (839 832) ps polarity 0
net 2: (8 15)->(8 15) 1 0 1 1 #timing (1053 1023) ps  polarity 1
net 2: (8 15)->(8 15) 0 0 0 1 #timing (1131 1157) ps  polarity 0
net 2: (8 15)->(4 15) 4 5 0 0 #timing (1182 1150) ps polarity 0
net 2: (4 15)->(6 15) 1 2 0 1 #timing (1378 1375) ps  polarity 1
net 2: (6 15)->(6 15) 0 0 0 1 #timing (1514 1541) ps  polarity 0
net 2: (6 15)->(7 15) 0 2 0 1 #timing (1511 1538) ps  polarity 0
net 2: (10 15)->(11 15) 0 2 0 0 #timing (738 738) ps polarity 1
net 2: (11 15)->(11 13) 1 1 0 0 #timing (864 854) ps polarity 0
net 2: (11 13)->(15 13) 4 2 0 0 #timing (1144 1140) ps polarity 0
net 2: (15 13)->(19 13) 4 5 0 1 #timing (1464 1412) ps  polarity 0
net 2: (19 13)->(17 13) 1 2 0 1 #timing (1688 1601) ps  polarity 1
net 2: (17 13)->(16 13) 0 2 0 1 #timing (1748 1846) ps  polarity 0
net 3: (12 21)->(12 21) 0 0 0 0 #timing (726 726) ps polarity 1
net 3: (12 21)->(14 23) 1 3 0 0 #timing (868 848) ps polarity 0
net 3: (14 23)->(14 19) 3 1 0 0 #timing (1147 1171) ps polarity 0
net 3: (14 19)->(10 19) 4 2 0 0 #timing (1461 1446) ps polarity 0
net 3: (10 19)->(10 15) 3 4 0 1 #timing (1868 1789) ps  polarity 0
net 3: (10 15)->(10 15) 1 0 0 1 #timing (1960 1888) ps  polarity 1
net 3: (10 15)->(10 15) 0 0 0 1 #timing (2002 2070) ps  polarity 0
net 3: (10 15)->(8 15) 1 2 0 1 #timing (1976 1898) ps  polarity 1
net 3: (8 15)->(9 15) 0 2 0 1 #timing (2013 2095) ps  polarity 0
net 4: (8 14)->(8 14) 0 0 0 0 #timing (177 177) ps polarity 1
net 4: (8 14)->(10 12) 1 3 0 0 #timing (347 316) ps polarity 0
net 4: (10 12)->(8 12) 1 2 0 1 #timing (585 526) ps  polarity 1
net 4: (8 12)->(8 13) 0 1 0 1 #timing (678 724) ps  polarity 0
net 10: (22 31)->(23 31) 0 2 0 0 #timing (2 2) ps polarity 1
net 10: (23 31)->(21 29) 1 3 0 0 #timing (196 151) ps polarity 0
net 10: (21 29)->(21 29) 5 0 1 0 #timing (273 362) ps polarity 1
net 10: (21 29)->(21 13) 13 1 0 0 #timing (1051 829) ps polarity 0
net 10: (21 13)->(29 5) 5 3 0 1 #timing (1802 1567) ps  polarity 0
net 10: (29 5)->(25 5) 4 2 0 1 #timing (1897 2116) ps  polarity 1
net 10: (25 5)->(25 1) 3 1 0 1 #timing (2287 2421) ps  polarity 1
net 10: (25 1)->(25 1) 1 0 1 1 #timing (2398 2540) ps  polarity 0
net 10: (25 1)->(24 0) 0 3 0 1 #timing (2638 2496) ps  polarity 1
net 10: (21 29)->(4 29) 13 2 1 0 #timing (1092 861) ps polarity 0
net 10: (4 29)->(4 29) 5 0 0 1 #timing (1396 1176) ps  polarity 0
net 10: (4 29)->(4 31) 1 1 0 1 #timing (1592 1353) ps  polarity 0
net 10: (4 31)->(4 31) 0 0 0 1 #timing (1494 1744) ps  polarity 1
net 10: (4 31)->(5 31) 0 2 0 1 #timing (1505 1749) ps  polarity 1
net 10: (4 29)->(8 29) 4 5 0 1 #timing (1844 1532) ps  polarity 1
net 10: (8 29)->(8 31) 1 1 0 1 #timing (2087 1731) ps  polarity 0
net 10: (8 31)->(8 31) 0 0 0 1 #timing (1872 2234) ps  polarity 1
net 10: (4 29)->(4 13) 13 1 0 0 #timing (1558 1693) ps polarity 1
net 10: (4 13)->(4 13) 5 0 0 1 #timing (1813 1959) ps  polarity 1
net 10: (4 13)->(8 13) 4 5 0 1 #timing (2304 2343) ps  polarity 0
net 10: (8 13)->(8 13) 1 0 1 1 #timing (2498 2509) ps  polarity 1
net 10: (8 13)->(8 13) 0 0 0 1 #timing (2669 2631) ps  polarity 0
net 10: (8 13)->(10 13) 1 2 0 1 #timing (2543 2541) ps  polarity 1
net 10: (10 13)->(10 13) 0 0 0 1 #timing (2704 2684) ps  polarity 0
net 10: (8 13)->(8 17) 3 4 0 1 #timing (2608 2586) ps  polarity 0
net 10: (8 17)->(10 19) 1 3 0 1 #timing (2762 2728) ps  polarity 1
net 10: (10 19)->(10 18) 0 1 0 1 #timing (2841 2894) ps  polarity 0
net 10: (4 13)->(4 5) 5 1 0 1 #timing (2043 2160) ps  polarity 0
net 10: (4 5)->(4 1) 3 1 0 1 #timing (2612 2374) ps  polarity 0
net 10: (4 1)->(6 1) 1 2 0 1 #timing (2760 2512) ps  polarity 1
net 10: (6 1)->(6 0) 0 1 0 1 #timing (2632 2899) ps  polarity 0
net 10: (6 1)->(7 0) 0 3 0 1 #timing (2658 2914) ps  polarity 0
net 10: (4 13)->(12 13) 5 2 0 1 #timing (2041 2152) ps  polarity 0
net 10: (12 13)->(12 13) 1 0 0 1 #timing (2354 2210) ps  polarity 1
net 10: (12 13)->(12 12) 0 1 0 1 #timing (2359 2479) ps  polarity 0
net 10: (12 13)->(12 17) 3 4 0 1 #timing (2552 2345) ps  polarity 0
net 10: (12 17)->(12 19) 1 1 0 1 #timing (2682 2471) ps  polarity 1
net 10: (12 19)->(12 18) 0 1 0 1 #timing (2590 2814) ps  polarity 0
net 10: (12 17)->(14 19) 1 3 0 1 #timing (2723 2496) ps  polarity 1
net 10: (14 19)->(14 18) 0 1 0 1 #timing (2632 2889) ps  polarity 0
net 10: (12 13)->(16 13) 4 5 0 1 #timing (2384 2416) ps  polarity 0
net 10: (16 13)->(16 13) 1 0 1 1 #timing (2574 2580) ps  polarity 1
net 10: (16 13)->(16 13) 0 0 0 1 #timing (2717 2696) ps  polarity 0
net 10: (4 13)->(12 5) 5 3 0 1 #timing (2295 2407) ps  polarity 1
net 10: (12 5)->(8 5) 4 2 0 1 #timing (2711 2597) ps  polarity 0
net 10: (8 5)->(8 1) 3 1 0 1 #timing (3061 2865) ps  polarity 0
net 10: (8 1)->(8 1) 1 0 1 1 #timing (3158 2967) ps  polarity 1
net 10: (8 1)->(8 0) 0 1 0 1 #timing (3085 3268) ps  polarity 0
net 10: (4 29)->(4 12) 13 1 1 0 #timing (1531 1677) ps polarity 1
net 10: (4 12)->(4 12) 5 0 0 1 #timing (1794 1953) ps  polarity 1
net 10: (4 12)->(6 12) 1 2 0 1 #timing (1991 2129) ps  polarity 1
net 10: (6 12)->(6 13) 0 1 0 1 #timing (2294 2160) ps  polarity 0
net 11: (22 31)->(22 31) 0 0 0 0 #timing (1 1) ps polarity 1
net 11: (22 31)->(20 29) 1 3 0 0 #timing (205 158) ps polarity 0
net 11: (20 29)->(20 25) 3 1 0 0 #timing (462 497) ps polarity 0
net 11: (20 25)->(16 25) 4 2 0 0 #timing (762 759) ps polarity 0
net 11: (16 25)->(12 25) 4 5 0 1 #timing (1096 1047) ps  polarity 0
net 11: (12 25)->(12 21) 3 4 0 1 #timing (1383 1278) ps  polarity 0
net 11: (12 21)->(12 21) 1 0 1 1 #timing (1480 1379) ps  polarity 1
net 11: (12 21)->(12 21) 0 0 0 1 #timing (1492 1588) ps  polarity 0
net 11: (16 25)->(16 25) 5 0 0 0 #timing (890 906) ps polarity 1
net 11: (16 25)->(16 8) 13 1 1 0 #timing (1593 1445) ps polarity 0
net 11: (16 8)->(0 8) 13 2 0 0 #timing (2149 2198) ps polarity 1
net 11: (0 8)->(8 8) 5 2 0 1 #timing (2668 2673) ps  polarity 0
net 11: (8 8)->(8 12) 3 1 0 1 #timing (3052 2966) ps  polarity 0
net 11: (8 12)->(8 14) 1 1 0 1 #timing (3205 3109) ps  polarity 1
net 11: (8 14)->(9 15) 0 3 0 1 #timing (3252 3354) ps  polarity 0
net 21: (12 10)->(12 10) 0 0 0 0 #timing (649 649) ps polarity 1
net 21: (12 10)->(14 10) 1 2 0 0 #timing (770 759) ps polarity 0
net 21: (14 10)->(14 14) 3 1 0 0 #timing (1058 1045) ps polarity 0
net 21: (14 14)->(14 14) 1 0 1 1 #timing (1271 1223) ps  polarity 1
net 21: (14 14)->(14 15) 0 1 0 1 #timing (1342 1382) ps  polarity 0
net 21: (12 10)->(14 8) 1 3 0 0 #timing (817 785) ps polarity 0
net 21: (14 8)->(12 10) 1 3 0 1 #timing (1131 1053) ps  polarity 1
net 21: (12 10)->(12 10) 0 0 0 1 #timing (1179 1282) ps  polarity 0
net 21: (12 10)->(13 10) 0 2 0 0 #timing (658 658) ps polarity 1
net 21: (13 10)->(13 10) 1 0 0 0 #timing (735 739) ps polarity 0
net 21: (13 10)->(13 6) 3 4 0 0 #timing (1003 955) ps polarity 0
net 21: (13 6)->(13 6) 5 0 0 0 #timing (1135 1098) ps polarity 1
net 21: (13 6)->(13 22) 13 1 0 0 #timing (1719 1638) ps polarity 0
net 21: (13 22)->(13 22) 5 0 1 1 #timing (1954 1883) ps  polarity 0
net 21: (13 22)->(13 22) 1 0 0 1 #timing (2096 2022) ps  polarity 0
net 21: (13 22)->(13 22) 0 0 0 1 #timing (2169 2223) ps  polarity 1
net 27: (12 17)->(12 17) 0 0 0 0 #timing (161 161) ps polarity 1
net 27: (12 17)->(14 19) 1 3 0 0 #timing (311 287) ps polarity 0
net 27: (14 19)->(12 17) 1 3 0 1 #timing (620 553) ps  polarity 1
net 27: (12 17)->(13 17) 0 2 0 1 #timing (669 765) ps  polarity 0
net 28: (12 23)->(12 23) 0 0 0 0 #timing (161 161) ps polarity 1
net 28: (12 23)->(12 23) 1 0 0 0 #timing (236 239) ps polarity 0
net 28: (12 23)->(12 27) 3 4 0 0 #timing (524 469) ps polarity 0
net 28: (12 27)->(12 27) 5 0 0 0 #timing (647 606) ps polarity 1
net 28: (12 27)->(12 11) 13 1 0 0 #timing (1212 1139) ps polarity 0
net 28: (12 11)->(12 11) 5 0 1 1 #timing (1443 1381) ps  polarity 0
net 28: (12 11)->(12 11) 1 0 0 1 #timing (1584 1520) ps  polarity 0
net 28: (12 11)->(13 10) 0 3 0 1 #timing (1648 1700) ps  polarity 1
net 29: (12 29)->(13 28) 0 3 0 0 #timing (182 182) ps polarity 1
net 29: (13 28)->(13 30) 1 1 0 0 #timing (295 287) ps polarity 0
net 29: (13 30)->(13 26) 3 1 0 0 #timing (578 556) ps polarity 0
net 29: (13 26)->(13 26) 5 0 0 0 #timing (706 696) ps polarity 1
net 29: (13 26)->(13 11) 13 1 1 0 #timing (1317 1215) ps polarity 0
net 29: (13 11)->(13 11) 5 0 0 1 #timing (1528 1442) ps  polarity 0
net 29: (13 11)->(13 11) 1 0 0 1 #timing (1671 1582) ps  polarity 0
net 29: (13 11)->(12 11) 0 2 0 1 #timing (1716 1791) ps  polarity 1
net 30: (9 14)->(9 14) 0 0 0 0 #timing (210 210) ps polarity 1
net 30: (9 14)->(11 12) 1 3 0 0 #timing (386 354) ps polarity 0
net 30: (11 12)->(11 14) 1 1 0 1 #timing (668 603) ps  polarity 1
net 30: (11 14)->(11 15) 0 1 0 1 #timing (735 808) ps  polarity 0
net 30: (11 12)->(11 8) 3 1 0 0 #timing (699 703) ps polarity 0
net 30: (11 8)->(15 8) 4 2 0 0 #timing (1020 989) ps polarity 0
net 30: (15 8)->(13 10) 1 3 0 1 #timing (1282 1249) ps  polarity 1
net 30: (13 10)->(13 10) 0 0 0 1 #timing (1407 1460) ps  polarity 0
net 30: (13 10)->(13 11) 0 1 0 1 #timing (1421 1467) ps  polarity 0
net 30: (13 10)->(12 10) 0 2 0 1 #timing (1396 1453) ps  polarity 0
net 30: (13 10)->(12 11) 0 3 0 1 #timing (1416 1465) ps  polarity 0
net 30: (11 12)->(11 16) 3 4 0 0 #timing (718 707) ps polarity 0
net 30: (11 16)->(11 16) 1 0 0 1 #timing (927 883) ps  polarity 1
net 30: (11 16)->(11 16) 0 0 0 1 #timing (1030 1054) ps  polarity 0
net 30: (11 16)->(11 17) 0 1 0 1 #timing (1046 1061) ps  polarity 0
net 30: (11 16)->(10 16) 0 2 0 1 #timing (1010 1043) ps  polarity 0
net 30: (11 16)->(10 17) 0 3 0 1 #timing (1047 1061) ps  polarity 0
net 30: (11 16)->(15 16) 4 2 0 0 #timing (1040 997) ps polarity 0
net 30: (15 16)->(15 16) 1 0 0 1 #timing (1200 1216) ps  polarity 1
net 30: (15 16)->(15 16) 0 0 0 1 #timing (1363 1327) ps  polarity 0
net 30: (15 16)->(15 17) 0 1 0 1 #timing (1381 1335) ps  polarity 0
net 30: (15 16)->(14 16) 0 2 0 1 #timing (1344 1316) ps  polarity 0
net 30: (15 16)->(14 17) 0 3 0 1 #timing (1378 1333) ps  polarity 0
net 30: (15 16)->(13 16) 1 2 0 1 #timing (1272 1260) ps  polarity 1
net 30: (13 16)->(13 17) 0 1 0 1 #timing (1444 1455) ps  polarity 0
net 30: (13 16)->(12 16) 0 2 0 1 #timing (1407 1434) ps  polarity 0
net 30: (13 16)->(12 17) 0 3 0 1 #timing (1441 1454) ps  polarity 0
net 30: (15 16)->(13 18) 1 3 0 1 #timing (1306 1281) ps  polarity 1
net 30: (13 18)->(12 19) 0 3 0 1 #timing (1467 1498) ps  polarity 0
net 30: (15 16)->(19 16) 4 5 0 1 #timing (1367 1266) ps  polarity 0
net 30: (19 16)->(19 12) 3 4 0 1 #timing (1670 1504) ps  polarity 0
net 30: (19 12)->(17 14) 1 3 0 1 #timing (1842 1656) ps  polarity 1
net 30: (17 14)->(17 14) 0 0 0 1 #timing (1784 1998) ps  polarity 0
net 30: (17 14)->(17 15) 0 1 0 1 #timing (1814 2016) ps  polarity 0
net 30: (17 14)->(16 14) 0 2 0 1 #timing (1809 2012) ps  polarity 0
net 30: (17 14)->(16 15) 0 3 0 1 #timing (1819 2018) ps  polarity 0
net 30: (11 12)->(11 12) 5 0 0 0 #timing (480 560) ps polarity 1
net 30: (11 12)->(26 12) 13 2 1 0 #timing (1187 988) ps polarity 0
net 30: (26 12)->(26 29) 13 1 1 0 #timing (1654 1752) ps polarity 1
net 30: (26 29)->(18 21) 5 3 0 1 #timing (2341 2426) ps  polarity 1
net 30: (18 21)->(14 21) 4 5 0 1 #timing (2759 2641) ps  polarity 0
net 30: (14 21)->(14 17) 3 1 0 1 #timing (3038 2865) ps  polarity 0
net 30: (14 17)->(12 17) 1 2 0 1 #timing (3192 3006) ps  polarity 1
net 30: (12 17)->(13 16) 0 3 0 1 #timing (3147 3337) ps  polarity 0
net 31: (13 29)->(13 28) 0 1 0 0 #timing (201 201) ps polarity 1
net 31: (13 28)->(13 28) 1 0 0 0 #timing (279 280) ps polarity 0
net 31: (13 28)->(17 28) 4 5 0 0 #timing (600 548) ps polarity 0
net 31: (17 28)->(17 28) 5 0 0 0 #timing (719 684) ps polarity 1
net 31: (17 28)->(17 13) 13 1 1 0 #timing (1273 1200) ps polarity 0
net 31: (17 13)->(17 13) 5 0 0 1 #timing (1496 1437) ps  polarity 0
net 31: (17 13)->(17 15) 1 1 0 1 #timing (1681 1608) ps  polarity 0
net 31: (17 15)->(16 15) 0 2 0 1 #timing (1749 1828) ps  polarity 1
net 32: (13 26)->(13 27) 0 1 0 0 #timing (174 174) ps polarity 1
net 32: (13 27)->(15 27) 1 2 0 0 #timing (313 294) ps polarity 0
net 32: (15 27)->(15 27) 5 0 0 0 #timing (413 469) ps polarity 1
net 32: (15 27)->(15 19) 5 1 0 1 #timing (734 800) ps  polarity 0
net 32: (15 19)->(15 17) 1 1 0 1 #timing (1047 934) ps  polarity 1
net 32: (15 17)->(14 16) 0 3 0 1 #timing (1086 1196) ps  polarity 0
net 33: (12 18)->(12 18) 0 0 0 0 #timing (704 704) ps polarity 1
net 33: (12 18)->(14 16) 1 3 0 0 #timing (881 843) ps polarity 0
net 33: (14 16)->(12 16) 1 2 0 1 #timing (1162 1090) ps  polarity 1
net 33: (12 16)->(12 17) 0 1 0 1 #timing (1199 1291) ps  polarity 0
net 33: (12 16)->(13 16) 0 2 0 1 #timing (1222 1305) ps  polarity 0
net 33: (14 16)->(14 12) 3 4 0 0 #timing (1144 1165) ps polarity 0
net 33: (14 12)->(10 12) 4 2 0 0 #timing (1459 1443) ps polarity 0
net 33: (10 12)->(10 14) 1 1 0 1 #timing (1719 1688) ps  polarity 1
net 33: (10 14)->(11 14) 0 2 0 1 #timing (1798 1854) ps  polarity 0
net 34: (12 29)->(13 29) 0 2 0 0 #timing (174 174) ps polarity 1
net 34: (13 29)->(15 29) 1 2 0 0 #timing (320 303) ps polarity 0
net 34: (15 29)->(15 25) 3 1 0 0 #timing (598 593) ps polarity 0
net 34: (15 25)->(15 25) 5 0 0 0 #timing (725 731) ps polarity 1
net 34: (15 25)->(15 17) 5 1 0 1 #timing (1072 1083) ps  polarity 0
net 34: (15 17)->(15 17) 1 0 0 1 #timing (1289 1242) ps  polarity 1
net 34: (15 17)->(14 17) 0 2 0 1 #timing (1375 1409) ps  polarity 0
net 35: (10 14)->(10 14) 0 0 0 0 #timing (163 163) ps polarity 1
net 35: (10 14)->(10 14) 1 0 0 0 #timing (240 242) ps polarity 0
net 35: (10 14)->(10 14) 1 0 1 1 #timing (443 413) ps  polarity 1
net 35: (10 14)->(11 15) 0 3 0 1 #timing (530 552) ps  polarity 0
net 35: (10 14)->(10 18) 3 4 0 1 #timing (625 539) ps  polarity 0
net 35: (10 18)->(10 18) 1 0 0 1 #timing (727 645) ps  polarity 1
net 35: (10 18)->(11 18) 0 2 0 1 #timing (740 824) ps  polarity 0
net 35: (10 14)->(14 14) 4 2 0 0 #timing (488 472) ps polarity 0
net 35: (14 14)->(12 12) 1 3 0 1 #timing (748 711) ps  polarity 1
net 35: (12 12)->(13 12) 0 2 0 1 #timing (871 920) ps  polarity 0
net 35: (14 14)->(14 18) 3 4 0 1 #timing (891 812) ps  polarity 0
net 35: (14 18)->(14 18) 1 0 0 1 #timing (989 915) ps  polarity 1
net 35: (14 18)->(15 18) 0 2 0 1 #timing (1011 1087) ps  polarity 0
net 35: (14 18)->(12 18) 1 2 0 1 #timing (1054 957) ps  polarity 1
net 35: (12 18)->(13 18) 0 2 0 1 #timing (1065 1181) ps  polarity 0
net 35: (14 14)->(18 14) 4 5 0 1 #timing (794 739) ps  polarity 0
net 35: (18 14)->(16 12) 1 3 0 1 #timing (1070 959) ps  polarity 1
net 35: (16 12)->(17 13) 0 3 0 1 #timing (1095 1227) ps  polarity 0
net 36: (12 23)->(13 23) 0 2 0 0 #timing (174 174) ps polarity 1
net 36: (13 23)->(15 21) 1 3 0 0 #timing (376 333) ps polarity 0
net 36: (15 21)->(15 17) 3 1 0 0 #timing (610 648) ps polarity 0
net 36: (15 17)->(11 17) 4 2 0 0 #timing (873 892) ps polarity 0
net 36: (11 17)->(11 17) 1 0 1 1 #timing (1105 1057) ps  polarity 1
net 36: (11 17)->(10 16) 0 3 0 1 #timing (1178 1217) ps  polarity 0
net 37: (13 20)->(12 20) 0 2 0 0 #timing (173 173) ps polarity 1
net 37: (12 20)->(14 22) 1 3 0 0 #timing (331 303) ps polarity 0
net 37: (14 22)->(14 18) 3 1 0 0 #timing (600 629) ps polarity 0
net 37: (14 18)->(18 18) 4 5 0 0 #timing (904 905) ps polarity 0
net 37: (18 18)->(18 14) 3 4 0 1 #timing (1337 1230) ps  polarity 0
net 37: (18 14)->(16 14) 1 2 0 1 #timing (1491 1371) ps  polarity 1
net 37: (16 14)->(17 14) 0 2 0 1 #timing (1522 1641) ps  polarity 0
net 38: (12 26)->(12 26) 0 0 0 0 #timing (166 166) ps polarity 1
net 38: (12 26)->(14 24) 1 3 0 0 #timing (352 311) ps polarity 0
net 38: (14 24)->(14 24) 5 0 0 0 #timing (434 522) ps polarity 1
net 38: (14 24)->(14 16) 5 1 0 1 #timing (760 858) ps  polarity 0
net 38: (14 16)->(14 16) 1 0 0 1 #timing (1061 929) ps  polarity 1
net 38: (14 16)->(15 17) 0 3 0 1 #timing (1069 1184) ps  polarity 0
net 39: (13 26)->(12 27) 0 3 0 0 #timing (204 204) ps polarity 1
net 39: (12 27)->(12 27) 1 0 0 0 #timing (289 289) ps polarity 0
net 39: (12 27)->(12 27) 5 0 1 0 #timing (394 411) ps polarity 1
net 39: (12 27)->(12 19) 5 1 0 1 #timing (726 749) ps  polarity 0
net 39: (12 19)->(8 19) 4 2 0 1 #timing (943 952) ps  polarity 0
net 39: (8 19)->(10 17) 1 3 0 1 #timing (1212 1166) ps  polarity 1
net 39: (10 17)->(11 16) 0 3 0 1 #timing (1316 1362) ps  polarity 0
net 40: (12 20)->(12 20) 0 0 0 0 #timing (166 166) ps polarity 1
net 40: (12 20)->(12 20) 1 0 0 0 #timing (242 245) ps polarity 0
net 40: (12 20)->(12 16) 3 1 0 0 #timing (525 471) ps polarity 0
net 40: (12 16)->(16 16) 4 5 0 0 #timing (823 744) ps polarity 0
net 40: (16 16)->(16 12) 3 4 0 1 #timing (1204 1172) ps  polarity 0
net 40: (16 12)->(16 14) 1 1 0 1 #timing (1347 1306) ps  polarity 1
net 40: (16 14)->(16 14) 0 0 0 1 #timing (1449 1502) ps  polarity 0
net 41: (8 8)->(8 8) 0 0 0 0 #timing (196 196) ps polarity 1
net 41: (8 8)->(10 10) 1 3 0 0 #timing (343 323) ps polarity 0
net 41: (10 10)->(10 6) 3 4 0 0 #timing (625 634) ps polarity 0
net 41: (10 6)->(6 6) 4 5 0 0 #timing (995 943) ps polarity 0
net 41: (6 6)->(6 2) 3 1 0 1 #timing (1459 1371) ps  polarity 0
net 41: (6 2)->(6 0) 1 1 0 1 #timing (1606 1508) ps  polarity 1
net 41: (6 0)->(6 0) 0 0 0 1 #timing (1624 1740) ps  polarity 0
net 44: (12 20)->(12 21) 0 1 0 0 #timing (180 180) ps polarity 1
net 44: (12 21)->(12 21) 1 0 0 0 #timing (260 262) ps polarity 0
net 44: (12 21)->(12 21) 5 0 0 0 #timing (364 378) ps polarity 1
net 44: (12 21)->(12 4) 13 1 1 0 #timing (1029 890) ps polarity 0
net 44: (12 4)->(12 4) 5 0 0 1 #timing (1250 1125) ps  polarity 0
net 44: (12 4)->(12 8) 3 4 0 1 #timing (1577 1394) ps  polarity 1
net 44: (12 8)->(12 10) 1 1 0 1 #timing (1703 1518) ps  polarity 0
net 44: (12 10)->(13 11) 0 3 0 1 #timing (1642 1832) ps  polarity 1
net 45: (13 23)->(12 22) 0 3 0 0 #timing (202 202) ps polarity 1
net 45: (12 22)->(12 22) 1 0 0 0 #timing (286 287) ps polarity 0
net 45: (12 22)->(12 22) 5 0 0 0 #timing (389 404) ps polarity 1
net 45: (12 22)->(12 7) 13 1 1 0 #timing (1026 894) ps polarity 0
net 45: (12 7)->(12 7) 5 0 0 1 #timing (1239 1121) ps  polarity 0
net 45: (12 7)->(12 11) 3 4 0 1 #timing (1569 1391) ps  polarity 1
net 45: (12 11)->(12 11) 1 0 1 1 #timing (1666 1491) ps  polarity 0
net 45: (12 11)->(12 10) 0 1 0 1 #timing (1602 1772) ps  polarity 1
net 46: (13 23)->(12 23) 0 2 0 0 #timing (172 172) ps polarity 1
net 46: (12 23)->(12 21) 1 1 0 0 #timing (312 292) ps polarity 0
net 46: (12 21)->(12 17) 3 1 0 0 #timing (583 564) ps polarity 0
net 46: (12 17)->(8 17) 4 2 0 0 #timing (843 809) ps polarity 0
net 46: (8 17)->(10 17) 1 2 0 1 #timing (1059 1053) ps  polarity 1
net 46: (10 17)->(11 17) 0 2 0 1 #timing (1183 1186) ps  polarity 0
net 47: (16 15)->(16 15) 0 0 0 0 #timing (726 726) ps polarity 1
net 47: (16 15)->(18 13) 1 3 0 0 #timing (900 865) ps polarity 0
net 47: (18 13)->(16 15) 1 3 0 1 #timing (1213 1129) ps  polarity 1
net 47: (16 15)->(16 15) 0 0 0 1 #timing (1289 1391) ps  polarity 0
net 47: (18 13)->(14 13) 4 5 0 0 #timing (1218 1230) ps polarity 0
net 47: (14 13)->(12 13) 1 2 0 1 #timing (1494 1435) ps  polarity 1
net 47: (12 13)->(12 13) 0 0 0 1 #timing (1581 1639) ps  polarity 0
net 47: (14 13)->(14 13) 5 0 0 0 #timing (1344 1374) ps polarity 1
net 47: (14 13)->(14 28) 13 1 1 0 #timing (2008 1856) ps polarity 0
net 47: (14 28)->(14 28) 5 0 1 1 #timing (2234 2095) ps  polarity 0
net 47: (14 28)->(12 28) 1 2 0 1 #timing (2429 2271) ps  polarity 0
net 47: (12 28)->(13 28) 0 2 0 1 #timing (2401 2567) ps  polarity 1
net 48: (14 18)->(14 18) 0 0 0 0 #timing (704 704) ps polarity 1
net 48: (14 18)->(12 16) 1 3 0 0 #timing (867 835) ps polarity 0
net 48: (12 16)->(14 16) 1 2 0 1 #timing (1162 1091) ps  polarity 1
net 48: (14 16)->(14 17) 0 1 0 1 #timing (1203 1296) ps  polarity 0
net 48: (12 16)->(12 12) 3 4 0 0 #timing (1123 1150) ps polarity 0
net 48: (12 12)->(12 12) 1 0 1 1 #timing (1332 1326) ps  polarity 1
net 48: (12 12)->(13 13) 0 3 0 1 #timing (1439 1439) ps  polarity 0
net 48: (12 12)->(12 12) 5 0 0 0 #timing (1245 1286) ps polarity 1
net 48: (12 12)->(12 28) 13 1 0 0 #timing (1945 1775) ps polarity 0
net 48: (12 28)->(12 28) 5 0 1 1 #timing (2171 2012) ps  polarity 0
net 48: (12 28)->(12 28) 1 0 0 1 #timing (2312 2151) ps  polarity 0
net 48: (12 28)->(12 29) 0 1 0 1 #timing (2246 2408) ps  polarity 1
net 49: (10 18)->(10 18) 0 0 0 0 #timing (704 704) ps polarity 1
net 49: (10 18)->(8 18) 1 2 0 0 #timing (818 809) ps polarity 0
net 49: (8 18)->(8 14) 3 4 0 0 #timing (1113 1085) ps polarity 0
net 49: (8 14)->(12 14) 4 2 0 0 #timing (1382 1346) ps polarity 0
net 49: (12 14)->(12 14) 1 0 1 1 #timing (1550 1557) ps  polarity 1
net 49: (12 14)->(12 15) 0 1 0 1 #timing (1675 1661) ps  polarity 0
net 49: (12 14)->(13 15) 0 3 0 1 #timing (1672 1658) ps  polarity 0
net 49: (10 18)->(8 16) 1 3 0 0 #timing (853 828) ps polarity 0
net 49: (8 16)->(10 16) 1 2 0 1 #timing (1095 1041) ps  polarity 1
net 49: (10 16)->(10 17) 0 1 0 1 #timing (1171 1220) ps  polarity 0
net 49: (8 16)->(12 16) 4 2 0 0 #timing (1086 1120) ps polarity 0
net 49: (12 16)->(12 16) 5 0 1 0 #timing (1211 1262) ps polarity 1
net 49: (12 16)->(12 24) 5 1 0 1 #timing (1537 1597) ps  polarity 0
net 49: (12 24)->(12 28) 3 1 0 1 #timing (1991 1842) ps  polarity 0
net 49: (12 28)->(12 28) 1 0 1 1 #timing (2091 1947) ps  polarity 1
net 49: (12 28)->(13 29) 0 3 0 1 #timing (2086 2213) ps  polarity 0
net 50: (12 12)->(12 13) 0 1 0 0 #timing (678 678) ps polarity 1
net 50: (12 13)->(14 15) 1 3 0 0 #timing (840 810) ps polarity 0
net 50: (14 15)->(12 15) 1 2 0 1 #timing (1118 1059) ps  polarity 1
net 50: (12 15)->(12 15) 0 0 0 1 #timing (1183 1252) ps  polarity 0
net 50: (12 15)->(13 15) 0 2 0 1 #timing (1178 1248) ps  polarity 0
net 50: (14 15)->(14 11) 3 1 0 0 #timing (1098 1123) ps polarity 0
net 50: (14 11)->(12 11) 1 2 0 1 #timing (1382 1347) ps  polarity 1
net 50: (12 11)->(12 11) 0 0 0 1 #timing (1490 1533) ps  polarity 0
net 50: (14 15)->(14 15) 5 0 0 0 #timing (935 1013) ps polarity 1
net 50: (14 15)->(14 30) 13 1 1 0 #timing (1616 1424) ps polarity 0
net 50: (14 30)->(14 30) 5 0 1 1 #timing (1854 1675) ps  polarity 0
net 50: (14 30)->(12 28) 1 3 0 1 #timing (2097 1879) ps  polarity 0
net 50: (12 28)->(12 28) 0 0 0 1 #timing (2026 2260) ps  polarity 1
net 51: (15 16)->(15 17) 0 1 0 0 #timing (642 642) ps polarity 1
net 51: (15 17)->(13 19) 1 3 0 0 #timing (807 776) ps polarity 0
net 51: (13 19)->(15 17) 1 3 0 1 #timing (1130 1056) ps  polarity 1
net 51: (15 17)->(15 16) 0 1 0 1 #timing (1209 1300) ps  polarity 0
net 51: (13 19)->(13 23) 3 1 0 0 #timing (1093 1109) ps polarity 0
net 51: (13 23)->(13 27) 3 4 0 1 #timing (1522 1426) ps  polarity 0
net 51: (13 27)->(13 27) 1 0 1 1 #timing (1621 1528) ps  polarity 1
net 51: (13 27)->(12 27) 0 2 0 1 #timing (1650 1735) ps  polarity 0
net 51: (13 19)->(13 15) 3 4 0 0 #timing (1105 1113) ps polarity 0
net 51: (13 15)->(13 15) 1 0 1 1 #timing (1316 1291) ps  polarity 1
net 51: (13 15)->(13 15) 0 0 0 1 #timing (1392 1418) ps  polarity 0
net 51: (13 15)->(12 15) 0 2 0 1 #timing (1413 1430) ps  polarity 0
net 52: (14 16)->(14 16) 0 0 0 0 #timing (649 649) ps polarity 1
net 52: (14 16)->(12 18) 1 3 0 0 #timing (793 772) ps polarity 0
net 52: (12 18)->(14 16) 1 3 0 1 #timing (1120 1055) ps  polarity 1
net 52: (14 16)->(14 16) 0 0 0 1 #timing (1206 1288) ps  polarity 0
net 52: (12 18)->(12 22) 3 1 0 0 #timing (1078 1097) ps polarity 0
net 52: (12 22)->(12 26) 3 4 0 1 #timing (1511 1414) ps  polarity 0
net 52: (12 26)->(12 26) 1 0 1 1 #timing (1610 1516) ps  polarity 1
net 52: (12 26)->(13 27) 0 3 0 1 #timing (1633 1719) ps  polarity 0
net 52: (14 16)->(15 16) 0 2 0 0 #timing (658 658) ps polarity 1
net 52: (15 16)->(13 18) 1 3 0 0 #timing (806 783) ps polarity 0
net 52: (13 18)->(13 14) 3 4 0 0 #timing (1089 1109) ps polarity 0
net 52: (13 14)->(13 14) 1 0 1 1 #timing (1298 1286) ps  polarity 1
net 52: (13 14)->(12 15) 0 3 0 1 #timing (1429 1421) ps  polarity 0
net 54: (12 26)->(12 27) 0 1 0 0 #timing (180 180) ps polarity 1
net 54: (12 27)->(12 25) 1 1 0 0 #timing (299 288) ps polarity 0
net 54: (12 25)->(12 25) 5 0 0 0 #timing (396 435) ps polarity 1
net 54: (12 25)->(12 17) 5 1 0 1 #timing (739 782) ps  polarity 0
net 54: (12 17)->(14 17) 1 2 0 1 #timing (1023 934) ps  polarity 1
net 54: (14 17)->(15 16) 0 3 0 1 #timing (1081 1187) ps  polarity 0
net 55: (13 29)->(12 29) 0 2 0 0 #timing (172 172) ps polarity 1
net 55: (12 29)->(14 29) 1 2 0 0 #timing (312 293) ps polarity 0
net 55: (14 29)->(14 29) 5 0 0 0 #timing (409 461) ps polarity 1
net 55: (14 29)->(14 21) 5 1 0 1 #timing (734 797) ps  polarity 0
net 55: (14 21)->(10 21) 4 2 0 1 #timing (1030 1046) ps  polarity 0
net 55: (10 21)->(10 17) 3 1 0 1 #timing (1332 1290) ps  polarity 0
net 55: (10 17)->(10 17) 1 0 1 1 #timing (1426 1389) ps  polarity 1
net 55: (10 17)->(10 17) 0 0 0 1 #timing (1517 1543) ps  polarity 0
net 56: (13 16)->(13 17) 0 1 0 0 #timing (642 642) ps polarity 1
net 56: (13 17)->(15 19) 1 3 0 0 #timing (803 771) ps polarity 0
net 56: (15 19)->(13 17) 1 3 0 1 #timing (1136 1050) ps  polarity 1
net 56: (13 17)->(13 16) 0 1 0 1 #timing (1199 1313) ps  polarity 0
net 56: (13 17)->(12 17) 0 2 0 1 #timing (1211 1322) ps  polarity 0
net 56: (15 19)->(11 19) 4 2 0 0 #timing (1044 1089) ps polarity 0
net 56: (11 19)->(11 15) 3 4 0 1 #timing (1518 1369) ps  polarity 0
net 56: (11 15)->(11 13) 1 1 0 1 #timing (1663 1504) ps  polarity 1
net 56: (11 13)->(10 12) 0 3 0 1 #timing (1651 1810) ps  polarity 0
net 57: (12 16)->(12 16) 0 0 0 0 #timing (649 649) ps polarity 1
net 57: (12 16)->(14 18) 1 3 0 0 #timing (808 781) ps polarity 0
net 57: (14 18)->(12 16) 1 3 0 1 #timing (1126 1053) ps  polarity 1
net 57: (12 16)->(12 16) 0 0 0 1 #timing (1204 1297) ps  polarity 0
net 57: (12 16)->(13 17) 0 3 0 1 #timing (1187 1285) ps  polarity 0
net 57: (14 18)->(14 14) 3 4 0 0 #timing (1078 1099) ps polarity 0
net 57: (14 14)->(10 14) 4 2 0 0 #timing (1381 1367) ps polarity 0
net 57: (10 14)->(10 12) 1 1 0 1 #timing (1626 1598) ps  polarity 1
net 57: (10 12)->(11 12) 0 2 0 1 #timing (1758 1796) ps  polarity 0
net 58: (17 15)->(17 15) 0 0 0 0 #timing (686 686) ps polarity 1
net 58: (17 15)->(19 13) 1 3 0 0 #timing (841 817) ps polarity 0
net 58: (19 13)->(17 15) 1 3 0 1 #timing (1161 1085) ps  polarity 1
net 58: (17 15)->(17 15) 0 0 0 1 #timing (1226 1331) ps  polarity 0
net 58: (19 13)->(19 17) 3 4 0 0 #timing (1127 1133) ps polarity 0
net 58: (19 17)->(15 17) 4 5 0 0 #timing (1416 1391) ps polarity 0
net 58: (15 17)->(15 21) 3 1 0 1 #timing (1806 1734) ps  polarity 0
net 58: (15 21)->(13 21) 1 2 0 1 #timing (1951 1869) ps  polarity 1
net 58: (13 21)->(13 20) 0 1 0 1 #timing (1996 2094) ps  polarity 0
net 58: (17 15)->(16 14) 0 3 0 0 #timing (702 702) ps polarity 1
net 58: (16 14)->(16 14) 1 0 0 0 #timing (794 793) ps polarity 0
net 58: (16 14)->(12 14) 4 5 0 0 #timing (1114 1058) ps polarity 0
net 58: (12 14)->(8 14) 4 2 0 1 #timing (1357 1295) ps  polarity 0
net 58: (8 14)->(8 10) 3 1 0 1 #timing (1696 1557) ps  polarity 0
net 58: (8 10)->(10 10) 1 2 0 1 #timing (1810 1671) ps  polarity 1
net 58: (10 10)->(10 11) 0 1 0 1 #timing (1802 1938) ps  polarity 0
net 59: (16 13)->(16 13) 0 0 0 0 #timing (680 680) ps polarity 1
net 59: (16 13)->(16 13) 1 0 0 0 #timing (751 758) ps polarity 0
net 59: (16 13)->(12 13) 4 5 0 0 #timing (1059 1006) ps polarity 0
net 59: (12 13)->(8 13) 4 2 0 1 #timing (1307 1244) ps  polarity 0
net 59: (8 13)->(8 9) 3 1 0 1 #timing (1629 1499) ps  polarity 0
net 59: (8 9)->(10 11) 1 3 0 1 #timing (1776 1636) ps  polarity 1
net 59: (10 11)->(10 11) 0 0 0 1 #timing (1759 1918) ps  polarity 0
net 59: (16 13)->(18 15) 1 3 0 0 #timing (826 805) ps polarity 0
net 59: (18 15)->(16 15) 1 2 0 1 #timing (1108 1058) ps  polarity 1
net 59: (16 15)->(16 14) 0 1 0 1 #timing (1194 1246) ps  polarity 0
net 59: (16 13)->(17 13) 0 2 0 0 #timing (688 688) ps polarity 1
net 59: (17 13)->(17 13) 1 0 0 0 #timing (766 763) ps polarity 0
net 59: (17 13)->(17 17) 3 4 0 0 #timing (1097 1027) ps polarity 0
net 59: (17 17)->(13 17) 4 5 0 0 #timing (1379 1284) ps polarity 0
net 59: (13 17)->(13 21) 3 1 0 1 #timing (1680 1685) ps  polarity 0
net 59: (13 21)->(13 21) 1 0 1 1 #timing (1783 1790) ps  polarity 1
net 59: (13 21)->(12 20) 0 3 0 1 #timing (1928 1904) ps  polarity 0
net 60: (13 12)->(13 13) 0 1 0 0 #timing (690 690) ps polarity 1
net 60: (13 13)->(15 15) 1 3 0 0 #timing (852 824) ps polarity 0
net 60: (15 15)->(15 11) 3 1 0 1 #timing (1329 1198) ps  polarity 0
net 60: (15 11)->(13 11) 1 2 0 1 #timing (1468 1329) ps  polarity 1
net 60: (13 11)->(13 11) 0 0 0 1 #timing (1469 1620) ps  polarity 0
net 60: (15 15)->(15 19) 3 4 0 0 #timing (1158 1166) ps polarity 0
net 60: (15 19)->(15 23) 3 1 0 1 #timing (1582 1486) ps  polarity 0
net 60: (15 23)->(13 21) 1 3 0 1 #timing (1764 1643) ps  polarity 1
net 60: (13 21)->(12 21) 0 2 0 1 #timing (1802 1943) ps  polarity 0
net 60: (15 15)->(11 15) 4 2 0 0 #timing (1107 1143) ps polarity 0
net 60: (11 15)->(11 15) 1 0 0 1 #timing (1358 1292) ps  polarity 1
net 60: (11 15)->(10 14) 0 3 0 1 #timing (1428 1478) ps  polarity 0
net 60: (11 15)->(11 11) 3 1 0 1 #timing (1576 1435) ps  polarity 0
net 60: (11 11)->(11 11) 1 0 1 1 #timing (1672 1536) ps  polarity 1
net 60: (11 11)->(10 11) 0 2 0 1 #timing (1668 1791) ps  polarity 0
net 61: (17 13)->(17 13) 0 0 0 0 #timing (762 762) ps polarity 1
net 61: (17 13)->(19 15) 1 3 0 0 #timing (913 884) ps polarity 0
net 61: (19 15)->(17 15) 1 2 0 1 #timing (1210 1144) ps  polarity 1
net 61: (17 15)->(17 14) 0 1 0 1 #timing (1274 1359) ps  polarity 0
net 61: (19 15)->(19 15) 5 0 0 0 #timing (1013 1093) ps polarity 1
net 61: (19 15)->(2 15) 13 2 1 0 #timing (1817 1593) ps polarity 0
net 61: (2 15)->(10 15) 5 2 0 1 #timing (2355 2096) ps  polarity 1
net 61: (10 15)->(10 15) 1 0 1 1 #timing (2306 2529) ps  polarity 0
net 61: (10 15)->(10 14) 0 1 0 1 #timing (2659 2423) ps  polarity 1
net 61: (17 13)->(17 12) 0 1 0 0 #timing (720 720) ps polarity 1
net 61: (17 12)->(17 12) 1 0 0 0 #timing (808 811) ps polarity 0
net 61: (17 12)->(17 16) 3 4 0 0 #timing (1113 1049) ps polarity 0
net 61: (17 16)->(13 16) 4 5 0 0 #timing (1387 1303) ps polarity 0
net 61: (13 16)->(13 20) 3 1 0 1 #timing (1686 1692) ps  polarity 0
net 61: (13 20)->(13 20) 1 0 1 1 #timing (1783 1794) ps  polarity 1
net 61: (13 20)->(13 21) 0 1 0 1 #timing (1940 1908) ps  polarity 0
net 61: (17 12)->(19 14) 1 3 0 0 #timing (880 856) ps polarity 0
net 61: (19 14)->(15 14) 4 5 0 0 #timing (1144 1174) ps polarity 0
net 61: (15 14)->(11 14) 4 2 0 1 #timing (1395 1413) ps  polarity 0
net 61: (11 14)->(11 10) 3 1 0 1 #timing (1698 1651) ps  polarity 0
net 61: (11 10)->(11 10) 1 0 0 1 #timing (1794 1753) ps  polarity 1
net 61: (11 10)->(10 11) 0 3 0 1 #timing (1916 1928) ps  polarity 0
net 63: (6 11)->(7 11) 0 2 0 0 #timing (198 198) ps polarity 1
net 63: (7 11)->(5 9) 1 3 0 0 #timing (390 346) ps polarity 0
net 63: (5 9)->(5 9) 5 0 1 0 #timing (467 554) ps polarity 1
net 63: (5 9)->(5 24) 13 1 1 0 #timing (1142 944) ps polarity 0
net 63: (5 24)->(5 24) 5 0 1 1 #timing (1375 1189) ps  polarity 0
net 63: (5 24)->(5 28) 3 1 0 1 #timing (1757 1488) ps  polarity 1
net 63: (5 28)->(5 30) 1 1 0 1 #timing (1909 1626) ps  polarity 0
net 63: (5 30)->(4 31) 0 3 0 1 #timing (1798 2070) ps  polarity 1
net 68: (6 12)->(7 12) 0 2 0 0 #timing (221 221) ps polarity 0
net 68: (7 12)->(5 12) 1 2 0 0 #timing (365 345) ps polarity 1
net 68: (5 12)->(5 8) 3 1 0 0 #timing (665 650) ps polarity 1
net 68: (5 8)->(5 8) 5 0 1 0 #timing (797 793) ps polarity 0
net 68: (5 8)->(5 0) 5 1 0 1 #timing (1122 1129) ps  polarity 1
net 68: (5 0)->(7 0) 1 2 0 1 #timing (1376 1322) ps  polarity 0
net 68: (7 0)->(7 0) 0 0 0 1 #timing (1429 1497) ps  polarity 1
net 70: (8 8)->(9 8) 0 2 0 0 #timing (183 183) ps polarity 1
net 70: (9 8)->(11 10) 1 3 0 0 #timing (334 312) ps polarity 0
net 70: (11 10)->(11 6) 3 4 0 0 #timing (615 641) ps polarity 0
net 70: (11 6)->(11 2) 3 1 0 1 #timing (1059 977) ps  polarity 0
net 70: (11 2)->(9 0) 1 3 0 1 #timing (1280 1155) ps  polarity 1
net 70: (9 0)->(8 0) 0 2 0 1 #timing (1309 1463) ps  polarity 0
net 71: (13 17)->(12 17) 0 2 0 0 #timing (172 172) ps polarity 1
net 71: (12 17)->(12 17) 1 0 0 0 #timing (254 254) ps polarity 0
net 71: (12 17)->(12 17) 1 0 1 1 #timing (457 425) ps  polarity 1
net 71: (12 17)->(12 16) 0 1 0 1 #timing (535 562) ps  polarity 0
net 74: (6 14)->(6 15) 0 1 0 0 #timing (209 209) ps polarity 1
net 74: (6 15)->(6 13) 1 1 0 0 #timing (347 327) ps polarity 0
net 74: (6 13)->(10 13) 4 5 0 0 #timing (617 628) ps polarity 0
net 74: (10 13)->(10 13) 5 0 1 0 #timing (745 770) ps polarity 1
net 74: (10 13)->(10 28) 13 1 1 0 #timing (1412 1266) ps polarity 0
net 74: (10 28)->(10 28) 5 0 1 1 #timing (1638 1506) ps  polarity 0
net 74: (10 28)->(8 30) 1 3 0 1 #timing (1818 1673) ps  polarity 0
net 74: (8 30)->(8 31) 0 1 0 1 #timing (1784 1950) ps  polarity 1
net 75: (15 18)->(15 19) 0 1 0 0 #timing (690 690) ps polarity 1
net 75: (15 19)->(13 17) 1 3 0 0 #timing (866 830) ps polarity 0
net 75: (13 17)->(15 17) 1 2 0 1 #timing (1146 1078) ps  polarity 1
net 75: (15 17)->(15 17) 0 0 0 1 #timing (1214 1289) ps  polarity 0
net 75: (13 17)->(13 21) 3 1 0 0 #timing (1142 1159) ps polarity 0
net 75: (13 21)->(13 25) 3 4 0 1 #timing (1555 1469) ps  polarity 0
net 75: (13 25)->(13 27) 1 1 0 1 #timing (1703 1608) ps  polarity 1
net 75: (13 27)->(12 26) 0 3 0 1 #timing (1762 1854) ps  polarity 0
net 75: (13 17)->(13 13) 3 4 0 0 #timing (1131 1155) ps polarity 0
net 75: (13 13)->(15 13) 1 2 0 1 #timing (1399 1371) ps  polarity 1
net 75: (15 13)->(15 13) 0 0 0 1 #timing (1493 1531) ps  polarity 0
net 76: (11 16)->(11 17) 0 1 0 0 #timing (642 642) ps polarity 1
net 76: (11 17)->(9 19) 1 3 0 0 #timing (815 775) ps polarity 0
net 76: (9 19)->(11 17) 1 3 0 1 #timing (1164 1072) ps  polarity 1
net 76: (11 17)->(11 16) 0 1 0 1 #timing (1209 1332) ps  polarity 0
net 76: (11 16)->(10 16) 0 2 0 0 #timing (643 643) ps polarity 1
net 76: (10 16)->(10 16) 1 0 0 0 #timing (720 724) ps polarity 0
net 76: (10 16)->(10 12) 3 4 0 0 #timing (965 929) ps polarity 0
net 76: (10 12)->(14 12) 4 2 0 0 #timing (1258 1206) ps polarity 0
net 76: (14 12)->(14 12) 1 0 1 1 #timing (1409 1434) ps  polarity 1
net 76: (14 12)->(14 13) 0 1 0 1 #timing (1593 1540) ps  polarity 0
net 76: (11 16)->(10 17) 0 3 0 0 #timing (653 653) ps polarity 1
net 76: (10 17)->(10 17) 1 0 0 0 #timing (738 739) ps polarity 0
net 76: (10 17)->(10 17) 5 0 0 0 #timing (841 856) ps polarity 1
net 76: (10 17)->(10 25) 5 1 0 1 #timing (1161 1186) ps  polarity 0
net 76: (10 25)->(14 25) 4 2 0 1 #timing (1428 1421) ps  polarity 0
net 76: (14 25)->(12 27) 1 3 0 1 #timing (1675 1627) ps  polarity 1
net 76: (12 27)->(13 26) 0 3 0 1 #timing (1770 1842) ps  polarity 0
net 77: (10 16)->(10 16) 0 0 0 0 #timing (649 649) ps polarity 1
net 77: (10 16)->(8 18) 1 3 0 0 #timing (780 765) ps polarity 0
net 77: (8 18)->(10 16) 1 3 0 1 #timing (1060 1012) ps  polarity 1
net 77: (10 16)->(10 16) 0 0 0 1 #timing (1168 1214) ps  polarity 0
net 77: (8 18)->(8 22) 3 1 0 0 #timing (1110 1095) ps polarity 0
net 77: (8 22)->(12 22) 4 2 0 0 #timing (1382 1358) ps polarity 0
net 77: (12 22)->(12 22) 1 0 1 1 #timing (1563 1559) ps  polarity 1
net 77: (12 22)->(12 23) 0 1 0 1 #timing (1656 1660) ps  polarity 0
net 77: (10 16)->(10 17) 0 1 0 0 #timing (656 656) ps polarity 1
net 77: (10 17)->(10 19) 1 1 0 0 #timing (772 760) ps polarity 0
net 77: (10 19)->(10 15) 3 4 0 0 #timing (1062 1034) ps polarity 0
net 77: (10 15)->(14 15) 4 2 0 0 #timing (1342 1300) ps polarity 0
net 77: (14 15)->(14 15) 1 0 1 1 #timing (1506 1518) ps  polarity 1
net 77: (14 15)->(14 15) 0 0 0 1 #timing (1633 1616) ps  polarity 0
net 77: (14 15)->(15 15) 0 2 0 1 #timing (1628 1612) ps  polarity 0
net 78: (13 10)->(13 11) 0 1 0 0 #timing (642 642) ps polarity 1
net 78: (13 11)->(15 9) 1 3 0 0 #timing (806 775) ps polarity 0
net 78: (15 9)->(13 11) 1 3 0 1 #timing (1126 1045) ps  polarity 1
net 78: (13 11)->(13 10) 0 1 0 1 #timing (1184 1291) ps  polarity 0
net 78: (15 9)->(15 13) 3 1 0 0 #timing (1076 1092) ps polarity 0
net 78: (15 13)->(15 15) 1 1 0 1 #timing (1329 1298) ps  polarity 1
net 78: (15 15)->(15 15) 0 0 0 1 #timing (1421 1463) ps  polarity 0
net 78: (15 15)->(14 15) 0 2 0 1 #timing (1441 1473) ps  polarity 0
net 78: (13 10)->(12 10) 0 2 0 0 #timing (643 643) ps polarity 1
net 78: (12 10)->(12 10) 1 0 0 0 #timing (720 724) ps polarity 0
net 78: (12 10)->(12 6) 3 4 0 0 #timing (980 938) ps polarity 0
net 78: (12 6)->(12 6) 5 0 0 0 #timing (1111 1080) ps polarity 1
net 78: (12 6)->(12 22) 13 1 0 0 #timing (1681 1599) ps polarity 0
net 78: (12 22)->(12 22) 5 0 1 1 #timing (1905 1834) ps  polarity 0
net 78: (12 22)->(12 22) 1 0 0 1 #timing (2046 1973) ps  polarity 0
net 78: (12 22)->(12 22) 0 0 0 1 #timing (2098 2161) ps  polarity 1
net 79: (11 18)->(11 18) 0 0 0 0 #timing (661 661) ps polarity 1
net 79: (11 18)->(11 18) 1 0 0 0 #timing (733 739) ps polarity 0
net 79: (11 18)->(11 14) 3 4 0 0 #timing (1005 955) ps polarity 0
net 79: (11 14)->(15 14) 4 2 0 0 #timing (1317 1240) ps polarity 0
net 79: (15 14)->(15 14) 1 0 1 1 #timing (1442 1491) ps  polarity 1
net 79: (15 14)->(15 15) 0 1 0 1 #timing (1638 1568) ps  polarity 0
net 79: (15 14)->(14 15) 0 3 0 1 #timing (1636 1566) ps  polarity 0
net 79: (11 18)->(11 19) 0 1 0 0 #timing (690 690) ps polarity 1
net 79: (11 19)->(9 17) 1 3 0 0 #timing (885 841) ps polarity 0
net 79: (9 17)->(11 17) 1 2 0 1 #timing (1199 1110) ps  polarity 1
net 79: (11 17)->(11 17) 0 0 0 1 #timing (1234 1347) ps  polarity 0
net 79: (9 17)->(9 21) 3 1 0 0 #timing (1163 1191) ps polarity 0
net 79: (9 21)->(13 21) 4 2 0 0 #timing (1503 1498) ps polarity 0
net 79: (13 21)->(13 23) 1 1 0 1 #timing (1754 1719) ps  polarity 1
net 79: (13 23)->(13 23) 0 0 0 1 #timing (1830 1883) ps  polarity 0
net 81: (16 14)->(16 14) 0 0 0 0 #timing (163 163) ps polarity 1
net 81: (16 14)->(18 12) 1 3 0 0 #timing (336 301) ps polarity 0
net 81: (18 12)->(14 12) 4 5 0 0 #timing (617 636) ps polarity 0
net 81: (14 12)->(10 12) 4 2 0 1 #timing (908 904) ps  polarity 0
net 81: (10 12)->(8 14) 1 3 0 1 #timing (1179 1119) ps  polarity 1
net 81: (8 14)->(8 15) 0 1 0 1 #timing (1283 1347) ps  polarity 0
net 81: (14 12)->(14 12) 5 0 1 0 #timing (746 784) ps polarity 1
net 81: (14 12)->(6 12) 5 2 0 1 #timing (1159 1183) ps  polarity 0
net 81: (6 12)->(6 14) 1 1 0 1 #timing (1444 1368) ps  polarity 1
net 81: (6 14)->(6 15) 0 1 0 1 #timing (1558 1615) ps  polarity 0
net 81: (6 14)->(7 15) 0 3 0 1 #timing (1511 1592) ps  polarity 0
net 82: (13 20)->(12 21) 0 3 0 0 #timing (204 204) ps polarity 1
net 82: (12 21)->(12 23) 1 1 0 0 #timing (324 314) ps polarity 0
net 82: (12 23)->(16 23) 4 5 0 0 #timing (615 617) ps polarity 0
net 82: (16 23)->(16 23) 5 0 1 0 #timing (741 758) ps polarity 1
net 82: (16 23)->(16 6) 13 1 1 0 #timing (1420 1277) ps polarity 0
net 82: (16 6)->(16 14) 5 1 0 1 #timing (1857 1697) ps  polarity 1
net 82: (16 14)->(16 14) 1 0 1 1 #timing (1901 2027) ps  polarity 0
net 82: (16 14)->(17 15) 0 3 0 1 #timing (2145 2011) ps  polarity 1
net 83: (12 17)->(13 16) 0 3 0 0 #timing (174 174) ps polarity 1
net 83: (13 16)->(15 18) 1 3 0 0 #timing (335 308) ps polarity 0
net 83: (15 18)->(13 16) 1 3 0 1 #timing (658 582) ps  polarity 1
net 83: (13 16)->(13 16) 0 0 0 1 #timing (713 818) ps  polarity 0
net 84: (8 11)->(9 10) 0 3 0 0 #timing (204 204) ps polarity 1
net 84: (9 10)->(11 10) 1 2 0 0 #timing (333 323) ps polarity 0
net 84: (11 10)->(11 10) 5 0 1 0 #timing (446 494) ps polarity 1
net 84: (11 10)->(26 10) 13 2 1 0 #timing (1095 931) ps polarity 0
net 84: (26 10)->(26 2) 5 1 0 1 #timing (1548 1371) ps  polarity 1
net 84: (26 2)->(24 0) 1 3 0 1 #timing (1629 1755) ps  polarity 0
net 84: (24 0)->(24 0) 0 0 0 1 #timing (1871 1758) ps  polarity 1
net 85: (13 18)->(13 19) 0 1 0 0 #timing (690 690) ps polarity 1
net 85: (13 19)->(15 17) 1 3 0 0 #timing (877 833) ps polarity 0
net 85: (15 17)->(13 17) 1 2 0 1 #timing (1170 1087) ps  polarity 1
net 85: (13 17)->(13 17) 0 0 0 1 #timing (1230 1327) ps  polarity 0
net 85: (13 17)->(12 16) 0 3 0 1 #timing (1227 1326) ps  polarity 0
net 85: (15 17)->(15 13) 3 4 0 0 #timing (1163 1186) ps polarity 0
net 85: (15 13)->(11 13) 4 2 0 0 #timing (1428 1436) ps polarity 0
net 85: (11 13)->(11 15) 1 1 0 1 #timing (1689 1641) ps  polarity 1
net 85: (11 15)->(11 14) 0 1 0 1 #timing (1788 1838) ps  polarity 0
net 86: (7 15)->(7 15) 0 0 0 0 #timing (761 761) ps polarity 1
net 86: (7 15)->(7 13) 1 1 0 0 #timing (866 860) ps polarity 0
net 86: (7 13)->(7 13) 1 0 1 1 #timing (1082 1049) ps  polarity 1
net 86: (7 13)->(7 13) 0 0 0 1 #timing (1146 1180) ps  polarity 0
net 86: (7 13)->(7 12) 0 1 0 1 #timing (1160 1188) ps  polarity 0
net 86: (7 15)->(5 15) 1 2 0 0 #timing (866 861) ps polarity 0
net 86: (5 15)->(5 11) 3 1 0 0 #timing (1182 1145) ps polarity 0
net 86: (5 11)->(9 11) 4 5 0 0 #timing (1560 1475) ps polarity 0
net 86: (9 11)->(9 11) 1 0 1 1 #timing (1669 1729) ps  polarity 1
net 86: (9 11)->(8 11) 0 2 0 1 #timing (1825 1767) ps  polarity 0
net 86: (9 11)->(9 9) 1 1 0 1 #timing (1713 1760) ps  polarity 1
net 86: (9 9)->(9 8) 0 1 0 1 #timing (1846 1822) ps  polarity 0
net 86: (5 15)->(9 15) 4 5 0 0 #timing (1210 1190) ps polarity 0
net 86: (9 15)->(9 15) 1 0 1 1 #timing (1383 1378) ps  polarity 1
net 86: (9 15)->(8 15) 0 2 0 1 #timing (1458 1470) ps  polarity 0
net 86: (9 15)->(9 13) 1 1 0 1 #timing (1424 1408) ps  polarity 1
net 86: (9 13)->(8 12) 0 3 0 1 #timing (1519 1552) ps  polarity 0
net 86: (5 15)->(5 15) 5 0 0 0 #timing (975 1012) ps polarity 1
net 86: (5 15)->(5 7) 5 1 0 1 #timing (1301 1347) ps  polarity 0
net 86: (5 7)->(9 7) 4 5 0 1 #timing (1650 1628) ps  polarity 0
net 86: (9 7)->(9 7) 1 0 1 1 #timing (1839 1793) ps  polarity 1
net 86: (9 7)->(8 7) 0 2 0 1 #timing (1939 1966) ps  polarity 0
net 86: (7 15)->(7 14) 0 1 0 0 #timing (827 827) ps polarity 1
net 86: (7 14)->(5 14) 1 2 0 0 #timing (957 946) ps polarity 0
net 86: (5 14)->(5 10) 3 1 0 0 #timing (1233 1213) ps polarity 0
net 86: (5 10)->(9 10) 4 5 0 0 #timing (1640 1562) ps polarity 0
net 86: (9 10)->(9 8) 1 1 0 1 #timing (1798 1839) ps  polarity 1
net 86: (9 8)->(8 9) 0 3 0 1 #timing (1958 1930) ps  polarity 0
net 87: (6 15)->(6 14) 0 1 0 0 #timing (701 701) ps polarity 1
net 87: (6 14)->(6 14) 1 0 0 0 #timing (792 791) ps polarity 0
net 87: (6 14)->(6 10) 3 1 0 0 #timing (1096 1041) ps polarity 0
net 87: (6 10)->(10 10) 4 5 0 0 #timing (1422 1337) ps polarity 0
net 87: (10 10)->(8 10) 1 2 0 1 #timing (1597 1632) ps  polarity 1
net 87: (8 10)->(8 11) 0 1 0 1 #timing (1732 1703) ps  polarity 0
net 87: (6 15)->(7 14) 0 3 0 0 #timing (696 696) ps polarity 1
net 87: (7 14)->(7 14) 1 0 0 0 #timing (791 791) ps polarity 0
net 87: (7 14)->(7 14) 1 0 1 1 #timing (997 963) ps  polarity 1
net 87: (7 14)->(7 15) 0 1 0 1 #timing (1074 1103) ps  polarity 0
net 87: (7 14)->(6 15) 0 3 0 1 #timing (1047 1086) ps  polarity 0
net 87: (7 14)->(7 12) 1 1 0 1 #timing (1044 997) ps  polarity 1
net 87: (7 12)->(6 12) 0 2 0 1 #timing (1094 1160) ps  polarity 0
net 87: (7 12)->(6 13) 0 3 0 1 #timing (1090 1158) ps  polarity 0
net 87: (7 14)->(11 14) 4 5 0 0 #timing (1124 1064) ps polarity 0
net 87: (11 14)->(9 14) 1 2 0 1 #timing (1307 1330) ps  polarity 1
net 87: (9 14)->(8 14) 0 2 0 1 #timing (1473 1472) ps  polarity 0
net 87: (11 14)->(9 12) 1 3 0 1 #timing (1357 1362) ps  polarity 1
net 87: (9 12)->(8 12) 0 2 0 1 #timing (1512 1535) ps  polarity 0
net 87: (11 14)->(11 14) 5 0 0 0 #timing (1260 1216) ps polarity 1
net 87: (11 14)->(11 6) 5 1 0 1 #timing (1588 1551) ps  polarity 0
net 87: (11 6)->(9 6) 1 2 0 1 #timing (1837 1815) ps  polarity 1
net 87: (9 6)->(8 7) 0 3 0 1 #timing (1979 2004) ps  polarity 0
net 88: (9 15)->(9 15) 0 0 0 0 #timing (760 760) ps polarity 1
net 88: (9 15)->(9 15) 1 0 0 0 #timing (830 835) ps polarity 0
net 88: (9 15)->(5 15) 4 5 0 0 #timing (1104 1064) ps polarity 0
net 88: (5 15)->(7 15) 1 2 0 1 #timing (1348 1333) ps  polarity 1
net 88: (7 15)->(7 15) 0 0 0 1 #timing (1443 1471) ps  polarity 0
net 88: (7 15)->(7 14) 0 1 0 1 #timing (1455 1478) ps  polarity 0
net 88: (7 15)->(6 15) 0 2 0 1 #timing (1463 1482) ps  polarity 0
net 88: (5 15)->(5 11) 3 1 0 1 #timing (1511 1438) ps  polarity 0
net 88: (5 11)->(7 11) 1 2 0 1 #timing (1646 1567) ps  polarity 1
net 88: (7 11)->(7 10) 0 1 0 1 #timing (1695 1780) ps  polarity 0
net 88: (9 15)->(9 15) 5 0 0 0 #timing (937 949) ps polarity 1
net 88: (9 15)->(9 7) 5 1 0 1 #timing (1312 1333) ps  polarity 0
net 88: (9 7)->(9 7) 1 0 0 1 #timing (1549 1493) ps  polarity 1
net 88: (9 7)->(9 7) 0 0 0 1 #timing (1590 1649) ps  polarity 0
net 88: (9 15)->(9 14) 0 1 0 0 #timing (826 827) ps polarity 1
net 88: (9 14)->(9 14) 1 0 0 0 #timing (918 917) ps polarity 0
net 88: (9 14)->(9 14) 1 0 1 1 #timing (1124 1089) ps  polarity 1
net 88: (9 14)->(9 15) 0 1 0 1 #timing (1200 1230) ps  polarity 0
net 88: (9 14)->(9 12) 1 1 0 1 #timing (1169 1121) ps  polarity 1
net 88: (9 12)->(9 12) 0 0 0 1 #timing (1227 1293) ps  polarity 0
net 88: (9 14)->(5 14) 4 5 0 0 #timing (1209 1164) ps polarity 0
net 88: (5 14)->(7 14) 1 2 0 1 #timing (1448 1438) ps  polarity 1
net 88: (7 14)->(6 14) 0 2 0 1 #timing (1569 1580) ps  polarity 0
net 88: (5 14)->(5 10) 3 1 0 1 #timing (1630 1558) ps  polarity 0
net 88: (5 10)->(7 10) 1 2 0 1 #timing (1777 1695) ps  polarity 1
net 88: (7 10)->(6 10) 0 2 0 1 #timing (1832 1913) ps  polarity 0
net 89: (9 13)->(9 13) 0 0 0 0 #timing (637 637) ps polarity 1
net 89: (9 13)->(9 13) 1 0 0 0 #timing (721 724) ps polarity 0
net 89: (9 13)->(9 15) 1 1 0 1 #timing (972 926) ps  polarity 1
net 89: (9 15)->(9 14) 0 1 0 1 #timing (1037 1099) ps  polarity 0
net 89: (9 13)->(5 13) 4 5 0 0 #timing (1008 964) ps polarity 0
net 89: (5 13)->(7 13) 1 2 0 1 #timing (1258 1243) ps  polarity 1
net 89: (7 13)->(6 13) 0 2 0 1 #timing (1385 1401) ps  polarity 0
net 89: (9 13)->(8 13) 0 2 0 0 #timing (644 644) ps polarity 1
net 89: (8 13)->(8 13) 1 0 0 0 #timing (726 729) ps polarity 0
net 89: (8 13)->(8 13) 1 0 0 1 #timing (933 901) ps  polarity 1
net 89: (8 13)->(8 12) 0 1 0 1 #timing (1093 1077) ps  polarity 0
net 89: (8 13)->(8 9) 3 1 0 0 #timing (1056 980) ps polarity 0
net 89: (8 9)->(8 9) 1 0 1 1 #timing (1270 1159) ps  polarity 1
net 89: (8 9)->(8 9) 0 0 0 1 #timing (1266 1374) ps  polarity 0
net 89: (8 9)->(4 9) 4 5 0 0 #timing (1406 1272) ps polarity 0
net 89: (4 9)->(6 11) 1 3 0 1 #timing (1538 1628) ps  polarity 1
net 89: (6 11)->(6 11) 0 0 0 1 #timing (1773 1712) ps  polarity 0
net 89: (6 11)->(6 10) 0 1 0 1 #timing (1784 1718) ps  polarity 0
net 89: (8 13)->(8 13) 5 0 0 0 #timing (833 846) ps polarity 1
net 89: (8 13)->(8 5) 5 1 0 1 #timing (1195 1208) ps  polarity 0
net 89: (8 5)->(8 7) 1 1 0 1 #timing (1468 1401) ps  polarity 1
net 89: (8 7)->(8 7) 0 0 0 1 #timing (1544 1621) ps  polarity 0
net 89: (8 13)->(10 15) 1 3 0 0 #timing (811 778) ps polarity 0
net 89: (10 15)->(6 15) 4 5 0 0 #timing (1126 1139) ps polarity 0
net 89: (6 15)->(6 15) 1 0 0 1 #timing (1340 1303) ps  polarity 1
net 89: (6 15)->(6 14) 0 1 0 1 #timing (1423 1452) ps  polarity 0
net 91: (6 11)->(6 11) 0 0 0 0 #timing (197 197) ps polarity 1
net 91: (6 11)->(6 11) 1 0 0 0 #timing (281 282) ps polarity 0
net 91: (6 11)->(6 11) 5 0 1 0 #timing (388 403) ps polarity 1
net 91: (6 11)->(6 26) 13 1 1 0 #timing (1012 879) ps polarity 0
net 91: (6 26)->(6 26) 5 0 1 1 #timing (1260 1139) ps  polarity 0
net 91: (6 26)->(6 30) 3 1 0 1 #timing (1620 1431) ps  polarity 1
net 91: (6 30)->(4 30) 1 2 0 1 #timing (1781 1577) ps  polarity 0
net 91: (4 30)->(5 31) 0 3 0 1 #timing (1710 1923) ps  polarity 1
net 93: (10 12)->(10 12) 0 0 0 0 #timing (191 191) ps polarity 0
net 93: (10 12)->(10 14) 1 1 0 0 #timing (296 290) ps polarity 1
net 93: (10 14)->(10 14) 1 0 0 1 #timing (524 494) ps  polarity 0
net 93: (10 14)->(10 14) 0 0 0 1 #timing (598 625) ps  polarity 1
net 95: (14 15)->(14 15) 0 0 0 0 #timing (191 191) ps polarity 0
net 95: (14 15)->(12 15) 1 2 0 0 #timing (321 307) ps polarity 1
net 95: (12 15)->(8 15) 4 2 0 0 #timing (584 599) ps polarity 1
net 95: (8 15)->(10 15) 1 2 0 1 #timing (843 791) ps  polarity 0
net 95: (10 15)->(11 15) 0 2 0 1 #timing (909 960) ps  polarity 1
net 96: (12 15)->(13 14) 0 3 0 0 #timing (209 209) ps polarity 0
net 96: (13 14)->(15 14) 1 2 0 0 #timing (354 334) ps polarity 1
net 96: (15 14)->(11 14) 4 2 0 0 #timing (613 626) ps polarity 1
net 96: (11 14)->(11 14) 1 0 1 1 #timing (840 798) ps  polarity 0
net 96: (11 14)->(10 15) 0 3 0 1 #timing (943 963) ps  polarity 1
net 97: (15 15)->(15 15) 0 0 0 0 #timing (178 178) ps polarity 0
net 97: (15 15)->(15 13) 1 1 0 0 #timing (284 280) ps polarity 1
net 97: (15 13)->(11 13) 4 2 0 1 #timing (677 611) ps  polarity 1
net 97: (11 13)->(11 13) 1 0 1 1 #timing (869 777) ps  polarity 0
net 97: (11 13)->(10 13) 0 2 0 1 #timing (909 988) ps  polarity 1
net 98: (13 15)->(13 14) 0 1 0 0 #timing (190 190) ps polarity 0
net 98: (13 14)->(15 12) 1 3 0 0 #timing (364 328) ps polarity 1
net 98: (15 12)->(11 12) 4 2 0 1 #timing (773 677) ps  polarity 1
net 98: (11 12)->(11 12) 1 0 1 1 #timing (961 842) ps  polarity 0
net 98: (11 12)->(10 13) 0 3 0 1 #timing (984 1084) ps  polarity 1
net 102: (8 11)->(9 11) 0 2 0 0 #timing (201 201) ps polarity 1
net 102: (9 11)->(9 9) 1 1 0 0 #timing (327 315) ps polarity 0
net 102: (9 9)->(9 9) 1 0 1 1 #timing (546 509) ps  polarity 1
net 102: (9 9)->(8 9) 0 2 0 1 #timing (590 634) ps  polarity 0
net 103: (9 11)->(8 10) 0 3 0 0 #timing (222 222) ps polarity 1
net 103: (8 10)->(8 10) 1 0 0 0 #timing (303 307) ps polarity 0
net 103: (8 10)->(8 14) 3 1 0 0 #timing (590 532) ps polarity 0
net 103: (8 14)->(4 14) 4 5 0 0 #timing (946 818) ps polarity 0
net 103: (4 14)->(6 14) 1 2 0 1 #timing (1045 1138) ps  polarity 1
net 103: (6 14)->(6 14) 0 0 0 1 #timing (1265 1198) ps  polarity 0
net 103: (8 10)->(4 10) 4 5 0 0 #timing (682 600) ps polarity 0
net 103: (4 10)->(6 10) 1 2 0 1 #timing (836 885) ps  polarity 1
net 103: (6 10)->(6 10) 0 0 0 1 #timing (1032 997) ps  polarity 0
net 103: (6 10)->(6 11) 0 1 0 1 #timing (1000 978) ps  polarity 0
net 104: (9 8)->(8 8) 0 2 0 0 #timing (214 214) ps polarity 1
net 104: (8 8)->(8 8) 1 0 0 0 #timing (298 299) ps polarity 0
net 104: (8 8)->(8 8) 1 0 1 1 #timing (505 471) ps  polarity 1
net 104: (8 8)->(8 9) 0 1 0 1 #timing (585 613) ps  polarity 0
net 106: (7 11)->(7 11) 0 0 0 0 #timing (211 211) ps polarity 1
net 106: (7 11)->(7 11) 1 0 0 0 #timing (296 298) ps polarity 0
net 106: (7 11)->(7 11) 1 0 0 1 #timing (502 470) ps  polarity 1
net 106: (7 11)->(6 10) 0 3 0 1 #timing (555 594) ps  polarity 0
net 106: (7 11)->(7 10) 0 1 0 0 #timing (223 223) ps polarity 1
net 106: (7 10)->(7 10) 1 0 0 0 #timing (306 307) ps polarity 0
net 106: (7 10)->(7 10) 1 0 1 1 #timing (510 478) ps  polarity 1
net 106: (7 10)->(6 11) 0 3 0 1 #timing (588 616) ps  polarity 0
net 109: (9 11)->(9 11) 0 0 0 0 #timing (216 216) ps polarity 1
net 109: (9 11)->(11 9) 1 3 0 0 #timing (419 375) ps polarity 0
net 109: (11 9)->(7 9) 4 5 0 0 #timing (748 779) ps polarity 0
net 109: (7 9)->(7 11) 1 1 0 1 #timing (1024 956) ps  polarity 1
net 109: (7 11)->(6 11) 0 2 0 1 #timing (1047 1139) ps  polarity 0
net 116: (9 12)->(8 13) 0 3 0 0 #timing (190 190) ps polarity 0
net 116: (8 13)->(8 15) 1 1 0 0 #timing (307 299) ps polarity 1
net 116: (8 15)->(8 11) 3 1 0 0 #timing (631 585) ps polarity 1
net 116: (8 11)->(8 11) 1 0 1 1 #timing (851 766) ps  polarity 0
net 116: (8 11)->(8 11) 0 0 0 1 #timing (897 969) ps  polarity 1
net 125: (11 14)->(10 14) 0 2 0 0 #timing (173 173) ps polarity 1
net 125: (10 14)->(10 12) 1 1 0 0 #timing (311 293) ps polarity 0
net 125: (10 12)->(10 12) 1 0 1 1 #timing (529 485) ps  polarity 1
net 125: (10 12)->(10 13) 0 1 0 1 #timing (634 656) ps  polarity 0
net 130: (7 14)->(7 15) 0 1 0 0 #timing (231 231) ps polarity 1
net 130: (7 15)->(7 15) 1 0 0 0 #timing (343 339) ps polarity 0
net 130: (7 15)->(7 15) 1 0 1 1 #timing (548 510) ps  polarity 1
net 130: (7 15)->(6 14) 0 3 0 1 #timing (611 649) ps  polarity 0
