{
  "floorplan": "1K\n\nM\n",
  "packing": {
    "CLK_UNCERTAINTY": 150,
    "ENABLE_HIGH_DENSITY_IO_PACKING": false,
    "ENABLE_HIGH_DENSITY_PACKING": true,
    "ENABLE_HIGH_DENSITY_RBBM_PACKING": true,
    "ENABLE_INNER_EDGE_IO": false,
    "EXT_RAM_TDP_TO_2SP_MAP": true,
    "EXT_RAM_list": [],
    "EXT_RAM_list_inst": [],
    "FP_AUTO_GEN": false,
    "GENERATE_VIRTUAL_ARRAY": false,
    "HIGH_DENSITY_PACKING_RBB_THR": 50,
    "HOLD_TIME_THRESHOLD": 150,
    "IGNORE_INPUT_OUTPUT_DELAY": 0,
    "INTERCONNECT_DELAY": [
      5000,
      10000
    ],
    "LOGIC_DELAY": [
      0,
      10000,
      10000,
      10000,
      10000,
      1000,
      250,
      1000,
      710,
      0,
      0,
      10000,
      10000,
      10000,
      0,
      0,
      0,
      0,
      10000,
      10000,
      10000,
      10000,
      10000,
      0,
      0,
      10000,
      10000,
      0
    ],
    "MAX_MUXF8_INPUTS": 24,
    "MIN_NET_CRIT": 0.05,
    "RBB_L_DELAY": [
      [
        1800,
        1800,
        1800,
        1800,
        1800,
        1800,
        1800,
        1800,
        1800,
        1800,
        1800,
        1800,
        1800,
        1800,
        1800,
        1800,
        1800,
        1800,
        1800,
        1800,
        1800,
        1800,
        1800,
        1800,
        1800
      ],
      [
        1800,
        1800,
        1800,
        1800,
        1800,
        1800,
        1800,
        1800,
        1800,
        1800,
        1800,
        1800,
        1800,
        1800,
        1800,
        1800,
        1800,
        1800,
        1800,
        1800,
        1800,
        1800,
        1800,
        1800,
        1800
      ],
      [
        1800,
        1800,
        1800,
        1800,
        1800,
        1800,
        1800,
        1800,
        1800,
        1800,
        1800,
        1800,
        1800,
        1800,
        1800,
        1800,
        1800,
        1800,
        1800,
        1800,
        1800,
        1800,
        1800,
        1800,
        1800
      ],
      [
        1800,
        1800,
        1800,
        1800,
        1800,
        1800,
        1800,
        1800,
        1800,
        1800,
        1800,
        1800,
        1800,
        1800,
        1800,
        1800,
        1800,
        1800,
        1800,
        1800,
        1800,
        1800,
        1800,
        1800,
        1800
      ],
      [
        1800,
        1800,
        1800,
        1800,
        1800,
        1800,
        1800,
        1800,
        1800,
        1800,
        1800,
        1800,
        1800,
        1800,
        1800,
        1800,
        1800,
        1800,
        1800,
        1800,
        1800,
        1800,
        1800,
        1800,
        1800
      ],
      [
        1800,
        1800,
        1800,
        1800,
        1800,
        1800,
        1800,
        1800,
        1800,
        1800,
        1800,
        1800,
        1800,
        1800,
        1800,
        1800,
        1800,
        1800,
        1800,
        1800,
        1800,
        1800,
        1800,
        1800,
        1800
      ],
      [
        1800,
        1800,
        1800,
        1800,
        1800,
        1800,
        1800,
        1800,
        1800,
        1800,
        1800,
        1800,
        1800,
        1800,
        1800,
        1800,
        1800,
        1800,
        1800,
        1800,
        1800,
        1800,
        1800,
        1800,
        1800
      ],
      [
        1800,
        1800,
        1800,
        1800,
        1800,
        1800,
        1800,
        1800,
        1800,
        1800,
        1800,
        1800,
        1800,
        1800,
        1800,
        1800,
        1800,
        1800,
        1800,
        1800,
        1800,
        1800,
        1800,
        1800,
        1800
      ],
      [
        1800,
        1800,
        1800,
        1800,
        1800,
        1800,
        1800,
        1800,
        1800,
        1800,
        1800,
        1800,
        1800,
        1800,
        1800,
        1800,
        1800,
        1800,
        1800,
        1800,
        1800,
        1800,
        1800,
        1800,
        1800
      ],
      [
        1800,
        1800,
        1800,
        1800,
        1800,
        1800,
        1800,
        1800,
        1800,
        1800,
        1800,
        1800,
        1800,
        1800,
        1800,
        1800,
        1800,
        1800,
        1800,
        1800,
        1800,
        1800,
        1800,
        1800,
        1800
      ],
      [
        1800,
        1800,
        1800,
        1800,
        1800,
        1800,
        1800,
        1800,
        1800,
        1800,
        1800,
        1800,
        1800,
        1800,
        1800,
        1800,
        1800,
        1800,
        1800,
        1800,
        1800,
        1800,
        1800,
        1800,
        1800
      ],
      [
        1800,
        1800,
        1800,
        1800,
        1800,
        1800,
        1800,
        1800,
        1800,
        1800,
        1800,
        1800,
        1800,
        1800,
        1800,
        1800,
        1800,
        1800,
        1800,
        1800,
        1800,
        1800,
        1800,
        1800,
        1800
      ],
      [
        3000,
        3000,
        3000,
        3000,
        3000,
        3000,
        3000,
        3000,
        3000,
        3000,
        3000,
        3000,
        3000,
        3000,
        3000,
        3000,
        3000,
        3000,
        3000,
        3000,
        3000,
        3000,
        3000,
        3000,
        710
      ]
    ],
    "TIMING_DRIVEN_PACKING_THR": 0.7,
    "TIMING_REPORT_IO_PATHS": false,
    "avail_ext_ram_2p": 0,
    "avail_ext_ram_dp": 0,
    "avail_ext_ram_sp": 0,
    "clock_net": [
      {
        "clk_in": [],
        "clk_is_input": false,
        "clk_is_inverted": false,
        "clk_net": 6,
        "clk_net_has_parent": -1,
        "clk_out": [],
        "json_ref": 50
      }
    ],
    "curr_carry_len": 0,
    "debug_net": [],
    "dsp_errors": {},
    "holdtime_to_fix": [],
    "loop_clks": [],
    "max_carry_len": 40,
    "module_name": "mux",
    "name_to_clk_net": {
      "virtual_clock": 6
    },
    "num_physical_loops": 0,
    "packed_inst": [
      {
        "IOB": {
          "FF_CE_used": [
            -1,
            -1
          ],
          "FF_async_PRECLR": [
            -1,
            -1
          ],
          "FF_sync_SR": [
            -1,
            -1
          ],
          "clock_input": [
            6
          ],
          "clock_polarity": [
            0
          ],
          "in_len": 4,
          "inst_EFLX_input": [
            5,
            -1
          ],
          "inst_EFLX_output": [
            -1,
            -1
          ],
          "inst_FD_input": [
            -1,
            -1
          ],
          "inst_FD_output": [
            -1,
            -1
          ],
          "json_ref": 53,
          "net_EFLX_input": [
            1,
            -1
          ],
          "net_EFLX_output": [
            -1,
            -1
          ],
          "net_input": [
            -1,
            -1,
            -1,
            -1
          ],
          "net_input_timing": [
            -1,
            -1,
            -1,
            -1
          ],
          "net_input_timing_min": [
            -1,
            -1,
            -1,
            -1
          ],
          "net_output": [
            1,
            -1
          ],
          "net_output_timing": [
            -1,
            -1
          ],
          "net_output_timing_min": [
            -1,
            -1
          ],
          "out_len": 2,
          "port_EFLX_INPUT": [
            "sel",
            ""
          ],
          "port_EFLX_INPUT_DELAY": [
            -1,
            -2
          ],
          "port_EFLX_OUTPUT": [
            "",
            ""
          ],
          "port_EFLX_OUTPUT_DELAY": [
            -2,
            -2
          ]
        },
        "RBB_phy_version": 0,
        "already_packed": -1,
        "clk_i": -1,
        "clock_latency": {
          "clk_source": "",
          "fall_avg": 0,
          "fall_max": 0,
          "fall_min": 0,
          "json_ref": 52,
          "rise_avg": 0,
          "rise_max": 0,
          "rise_min": 0
        },
        "clustering_index": -1,
        "dont_pack": false,
        "dont_place": false,
        "dont_touch": false,
        "in_len": 4,
        "in_out_FF": [
          {
            "in_port": []
          },
          {
            "in_port": []
          }
        ],
        "in_out_timing": [
          {
            "in_port": []
          },
          {
            "in_port": []
          }
        ],
        "input_timing_propagated": [
          true,
          true,
          true,
          true
        ],
        "input_timing_traced": [
          true,
          true,
          true,
          true
        ],
        "inst_name": "RBB_0",
        "inst_type": "type_IOB",
        "internal_timing": -1,
        "json_ref": 51,
        "net_input_branch": [
          -1,
          -1,
          -1,
          -1
        ],
        "net_input_output_timing_branch": [
          0,
          0,
          0,
          0,
          0,
          0,
          0,
          0,
          0,
          0,
          0,
          0,
          0,
          0,
          0,
          0,
          0,
          0,
          0,
          0,
          0,
          0,
          0,
          0,
          0,
          0,
          0,
          0,
          0,
          0,
          0,
          0
        ],
        "net_input_timing_branch": [
          0,
          0,
          0,
          0,
          0,
          0,
          0,
          0,
          0,
          0,
          0,
          0,
          0,
          0,
          0,
          0
        ],
        "net_output_timing_branch": [
          0,
          0,
          0,
          0,
          0,
          0,
          0,
          0
        ],
        "out_len": 2,
        "output_timing_propagated": [
          true,
          true
        ],
        "output_timing_traced": [
          true,
          true
        ],
        "placed_at_RBBM": false,
        "placed_b": 0,
        "placed_tile_x": 0,
        "placed_tile_y": 0,
        "placed_x": 6,
        "placed_y": 0,
        "prefer_place_at_RBBM": -1
      },
      {
        "IOB": {
          "FF_CE_used": [
            -1,
            -1
          ],
          "FF_async_PRECLR": [
            -1,
            -1
          ],
          "FF_sync_SR": [
            -1,
            -1
          ],
          "clock_input": [
            6
          ],
          "clock_polarity": [
            0
          ],
          "in_len": 4,
          "inst_EFLX_input": [
            -1,
            -1
          ],
          "inst_EFLX_output": [
            6,
            7
          ],
          "inst_FD_input": [
            -1,
            -1
          ],
          "inst_FD_output": [
            -1,
            -1
          ],
          "json_ref": 56,
          "net_EFLX_input": [
            -1,
            -1
          ],
          "net_EFLX_output": [
            1,
            0
          ],
          "net_input": [
            1,
            0,
            -1,
            -1
          ],
          "net_input_timing": [
            -1,
            -1,
            -1,
            -1
          ],
          "net_input_timing_min": [
            -1,
            -1,
            -1,
            -1
          ],
          "net_output": [
            -1,
            -1
          ],
          "net_output_timing": [
            -1,
            -1
          ],
          "net_output_timing_min": [
            -1,
            -1
          ],
          "out_len": 2,
          "port_EFLX_INPUT": [
            "",
            ""
          ],
          "port_EFLX_INPUT_DELAY": [
            -2,
            -2
          ],
          "port_EFLX_OUTPUT": [
            "y",
            "y_en"
          ],
          "port_EFLX_OUTPUT_DELAY": [
            -1,
            -1
          ]
        },
        "RBB_phy_version": 0,
        "already_packed": -1,
        "clk_i": -1,
        "clock_latency": {
          "clk_source": "",
          "fall_avg": 0,
          "fall_max": 0,
          "fall_min": 0,
          "json_ref": 55,
          "rise_avg": 0,
          "rise_max": 0,
          "rise_min": 0
        },
        "clustering_index": -1,
        "dont_pack": false,
        "dont_place": false,
        "dont_touch": false,
        "in_len": 4,
        "in_out_FF": [
          {
            "in_port": []
          },
          {
            "in_port": []
          }
        ],
        "in_out_timing": [
          {
            "in_port": []
          },
          {
            "in_port": []
          }
        ],
        "input_timing_propagated": [
          true,
          true,
          true,
          true
        ],
        "input_timing_traced": [
          true,
          true,
          true,
          true
        ],
        "inst_name": "RBB_1",
        "inst_type": "type_IOB",
        "internal_timing": -1,
        "json_ref": 54,
        "net_input_branch": [
          -1,
          -1,
          -1,
          -1
        ],
        "net_input_output_timing_branch": [
          0,
          0,
          0,
          0,
          0,
          0,
          0,
          0,
          0,
          0,
          0,
          0,
          0,
          0,
          0,
          0,
          0,
          0,
          0,
          0,
          0,
          0,
          0,
          0,
          0,
          0,
          0,
          0,
          0,
          0,
          0,
          0
        ],
        "net_input_timing_branch": [
          0,
          0,
          0,
          0,
          0,
          0,
          0,
          0,
          0,
          0,
          0,
          0,
          0,
          0,
          0,
          0
        ],
        "net_output_timing_branch": [
          0,
          0,
          0,
          0,
          0,
          0,
          0,
          0
        ],
        "out_len": 2,
        "output_timing_propagated": [
          true,
          true
        ],
        "output_timing_traced": [
          true,
          true
        ],
        "placed_at_RBBM": false,
        "placed_b": 0,
        "placed_tile_x": 0,
        "placed_tile_y": 0,
        "placed_x": 5,
        "placed_y": 31,
        "prefer_place_at_RBBM": -1
      }
    ],
    "packed_net": [
      {
        "Anet": 0.0,
        "Anet_best_timing": 0.0,
        "Anet_saved": 0.0,
        "clock_domain": -1,
        "clock_synchronizer_net": false,
        "dont_route": true,
        "fixed_route": false,
        "ignore_timing": true,
        "inst_input": [
          {
            "Anet": 0.0,
            "Anet_best_timing": 0.0,
            "Anet_saved": 0.0,
            "clk": -1,
            "inst": 1,
            "is_internal_timing": false,
            "json_ref": 58,
            "loop": -1,
            "path_num": 0,
            "port": 1,
            "timing": -1,
            "timing_min": -1
          }
        ],
        "inst_output": [],
        "json_ref": 57,
        "net_name": "VCC_NET"
      },
      {
        "Anet": 0.0,
        "Anet_best_timing": 0.0,
        "Anet_saved": 0.0,
        "clock_domain": 6,
        "clock_synchronizer_net": false,
        "dont_route": false,
        "fixed_route": false,
        "ignore_timing": true,
        "inst_input": [
          {
            "Anet": 0.0,
            "Anet_best_timing": 0.0,
            "Anet_saved": 0.0,
            "clk": -1,
            "inst": 1,
            "is_internal_timing": false,
            "json_ref": 60,
            "loop": -1,
            "path_num": 0,
            "port": 0,
            "timing": -1,
            "timing_min": -1
          }
        ],
        "inst_output": [
          {
            "Anet": 0.0,
            "Anet_best_timing": 0.0,
            "Anet_saved": 0.0,
            "clk": -1,
            "inst": 0,
            "is_internal_timing": false,
            "json_ref": 61,
            "loop": -1,
            "path_num": 0,
            "port": 0,
            "timing": -1,
            "timing_min": -1
          }
        ],
        "json_ref": 59,
        "net_name": "sel"
      },
      {
        "Anet": 0.0,
        "Anet_best_timing": 0.0,
        "Anet_saved": 0.0,
        "clock_domain": -1,
        "clock_synchronizer_net": false,
        "dont_route": true,
        "fixed_route": false,
        "ignore_timing": false,
        "inst_input": [],
        "inst_output": [],
        "json_ref": 62,
        "net_name": "sel_ibuf"
      },
      {
        "Anet": 0.0,
        "Anet_best_timing": 0.0,
        "Anet_saved": 0.0,
        "clock_domain": -1,
        "clock_synchronizer_net": false,
        "dont_route": true,
        "fixed_route": false,
        "ignore_timing": false,
        "inst_input": [],
        "inst_output": [],
        "json_ref": 63,
        "net_name": "y_obuf"
      },
      {
        "Anet": 0.0,
        "Anet_best_timing": 0.0,
        "Anet_saved": 0.0,
        "clock_domain": -1,
        "clock_synchronizer_net": false,
        "dont_route": true,
        "fixed_route": false,
        "ignore_timing": false,
        "inst_input": [],
        "inst_output": [],
        "json_ref": 64,
        "net_name": "y_en_obuf"
      },
      {
        "Anet": 0.0,
        "Anet_best_timing": 0.0,
        "Anet_saved": 0.0,
        "clock_domain": -1,
        "clock_synchronizer_net": false,
        "dont_route": true,
        "fixed_route": false,
        "ignore_timing": true,
        "inst_input": [],
        "inst_output": [],
        "json_ref": 65,
        "net_name": "GND_net"
      },
      {
        "Anet": 0.0,
        "Anet_best_timing": 0.0,
        "Anet_saved": 0.0,
        "clock_domain": -1,
        "clock_synchronizer_net": false,
        "dont_route": true,
        "fixed_route": false,
        "ignore_timing": false,
        "inst_input": [],
        "inst_output": [],
        "json_ref": 66,
        "net_name": "virtual_clock"
      }
    ],
    "prepack_inst": [
      {
        "RBB_phy_version": 0,
        "UNUSED": {
          "in_len": 0,
          "json_ref": 3,
          "net_input": [],
          "net_input_timing": [],
          "net_input_timing_min": [],
          "net_output": [
            2
          ],
          "net_output_timing": [
            -1
          ],
          "net_output_timing_min": [
            -1
          ],
          "out_len": 1
        },
        "already_packed": -1,
        "clk_i": -1,
        "clock_latency": {
          "clk_source": "",
          "fall_avg": 0,
          "fall_max": 0,
          "fall_min": 0,
          "json_ref": 2,
          "rise_avg": 0,
          "rise_max": 0,
          "rise_min": 0
        },
        "clustering_index": -1,
        "dont_pack": true,
        "dont_place": true,
        "dont_touch": false,
        "in_len": 0,
        "in_out_FF": [
          {
            "in_port": []
          }
        ],
        "in_out_timing": [
          {
            "in_port": []
          }
        ],
        "input_timing_propagated": [],
        "input_timing_traced": [],
        "inst_name": "sel",
        "inst_type": "type_UNUSED",
        "internal_timing": -1,
        "json_ref": 1,
        "net_input_branch": [],
        "net_input_output_timing_branch": [],
        "net_input_timing_branch": [],
        "net_output_timing_branch": [
          0,
          0,
          0,
          0
        ],
        "out_len": 1,
        "output_timing_propagated": [
          true
        ],
        "output_timing_traced": [
          true
        ],
        "placed_at_RBBM": false,
        "placed_b": -1,
        "placed_tile_x": -1,
        "placed_tile_y": -1,
        "placed_x": -1,
        "placed_y": -1,
        "prefer_place_at_RBBM": -1
      },
      {
        "RBB_phy_version": 0,
        "UNUSED": {
          "in_len": 1,
          "json_ref": 6,
          "net_input": [
            3
          ],
          "net_input_timing": [
            -1
          ],
          "net_input_timing_min": [
            -1
          ],
          "net_output": [],
          "net_output_timing": [],
          "net_output_timing_min": [],
          "out_len": 0
        },
        "already_packed": -1,
        "clk_i": -1,
        "clock_latency": {
          "clk_source": "",
          "fall_avg": 0,
          "fall_max": 0,
          "fall_min": 0,
          "json_ref": 5,
          "rise_avg": 0,
          "rise_max": 0,
          "rise_min": 0
        },
        "clustering_index": -1,
        "dont_pack": true,
        "dont_place": true,
        "dont_touch": false,
        "in_len": 1,
        "in_out_FF": [],
        "in_out_timing": [],
        "input_timing_propagated": [
          true
        ],
        "input_timing_traced": [
          true
        ],
        "inst_name": "y",
        "inst_type": "type_UNUSED",
        "internal_timing": -1,
        "json_ref": 4,
        "net_input_branch": [
          -1
        ],
        "net_input_output_timing_branch": [],
        "net_input_timing_branch": [
          0,
          0,
          0,
          0
        ],
        "net_output_timing_branch": [],
        "out_len": 0,
        "output_timing_propagated": [],
        "output_timing_traced": [],
        "placed_at_RBBM": false,
        "placed_b": -1,
        "placed_tile_x": -1,
        "placed_tile_y": -1,
        "placed_x": -1,
        "placed_y": -1,
        "prefer_place_at_RBBM": -1
      },
      {
        "RBB_phy_version": 0,
        "UNUSED": {
          "in_len": 1,
          "json_ref": 9,
          "net_input": [
            4
          ],
          "net_input_timing": [
            -1
          ],
          "net_input_timing_min": [
            -1
          ],
          "net_output": [],
          "net_output_timing": [],
          "net_output_timing_min": [],
          "out_len": 0
        },
        "already_packed": -1,
        "clk_i": -1,
        "clock_latency": {
          "clk_source": "",
          "fall_avg": 0,
          "fall_max": 0,
          "fall_min": 0,
          "json_ref": 8,
          "rise_avg": 0,
          "rise_max": 0,
          "rise_min": 0
        },
        "clustering_index": -1,
        "dont_pack": true,
        "dont_place": true,
        "dont_touch": false,
        "in_len": 1,
        "in_out_FF": [],
        "in_out_timing": [],
        "input_timing_propagated": [
          true
        ],
        "input_timing_traced": [
          true
        ],
        "inst_name": "y_en",
        "inst_type": "type_UNUSED",
        "internal_timing": -1,
        "json_ref": 7,
        "net_input_branch": [
          -1
        ],
        "net_input_output_timing_branch": [],
        "net_input_timing_branch": [
          0,
          0,
          0,
          0
        ],
        "net_output_timing_branch": [],
        "out_len": 0,
        "output_timing_propagated": [],
        "output_timing_traced": [],
        "placed_at_RBBM": false,
        "placed_b": -1,
        "placed_tile_x": -1,
        "placed_tile_y": -1,
        "placed_x": -1,
        "placed_y": -1,
        "prefer_place_at_RBBM": -1
      },
      {
        "RBB_phy_version": 0,
        "VDDGND": {
          "in_len": 0,
          "is_VDD": false,
          "json_ref": 12,
          "net_input_timing": [],
          "net_input_timing_min": [],
          "net_output": [
            -1
          ],
          "net_output_timing": [
            -1
          ],
          "net_output_timing_min": [
            -1
          ],
          "out_len": 1
        },
        "already_packed": -1,
        "clk_i": -1,
        "clock_latency": {
          "clk_source": "",
          "fall_avg": 0,
          "fall_max": 0,
          "fall_min": 0,
          "json_ref": 11,
          "rise_avg": 0,
          "rise_max": 0,
          "rise_min": 0
        },
        "clustering_index": -1,
        "dont_pack": true,
        "dont_place": false,
        "dont_touch": false,
        "in_len": 0,
        "in_out_FF": [
          {
            "in_port": []
          }
        ],
        "in_out_timing": [
          {
            "in_port": []
          }
        ],
        "input_timing_propagated": [],
        "input_timing_traced": [],
        "inst_name": "GND",
        "inst_type": "type_VDDGND",
        "internal_timing": -1,
        "json_ref": 10,
        "net_input_branch": [],
        "net_input_output_timing_branch": [],
        "net_input_timing_branch": [],
        "net_output_timing_branch": [
          0,
          0,
          0,
          0
        ],
        "out_len": 1,
        "output_timing_propagated": [
          true
        ],
        "output_timing_traced": [
          true
        ],
        "placed_at_RBBM": false,
        "placed_b": -1,
        "placed_tile_x": -1,
        "placed_tile_y": -1,
        "placed_x": -1,
        "placed_y": -1,
        "prefer_place_at_RBBM": -1
      },
      {
        "RBB_phy_version": 0,
        "VDDGND": {
          "in_len": 0,
          "is_VDD": true,
          "json_ref": 15,
          "net_input_timing": [],
          "net_input_timing_min": [],
          "net_output": [
            0
          ],
          "net_output_timing": [
            -1
          ],
          "net_output_timing_min": [
            -1
          ],
          "out_len": 1
        },
        "already_packed": -1,
        "clk_i": -1,
        "clock_latency": {
          "clk_source": "",
          "fall_avg": 0,
          "fall_max": 0,
          "fall_min": 0,
          "json_ref": 14,
          "rise_avg": 0,
          "rise_max": 0,
          "rise_min": 0
        },
        "clustering_index": -1,
        "dont_pack": true,
        "dont_place": false,
        "dont_touch": false,
        "in_len": 0,
        "in_out_FF": [
          {
            "in_port": []
          }
        ],
        "in_out_timing": [
          {
            "in_port": []
          }
        ],
        "input_timing_propagated": [],
        "input_timing_traced": [],
        "inst_name": "VCC",
        "inst_type": "type_VDDGND",
        "internal_timing": -1,
        "json_ref": 13,
        "net_input_branch": [],
        "net_input_output_timing_branch": [],
        "net_input_timing_branch": [],
        "net_output_timing_branch": [
          0,
          0,
          0,
          0
        ],
        "out_len": 1,
        "output_timing_propagated": [
          true
        ],
        "output_timing_traced": [
          true
        ],
        "placed_at_RBBM": false,
        "placed_b": -1,
        "placed_tile_x": -1,
        "placed_tile_y": -1,
        "placed_x": -1,
        "placed_y": -1,
        "prefer_place_at_RBBM": -1
      },
      {
        "IO": {
          "clock_input": [
            6
          ],
          "clock_polarity": [
            0
          ],
          "in_len": 2,
          "input_output_delay": -1,
          "is_input": true,
          "json_ref": 18,
          "net_input": [
            2,
            -1
          ],
          "net_input_timing": [
            -1,
            -1
          ],
          "net_input_timing_min": [
            -1,
            -1
          ],
          "net_output": [
            1
          ],
          "net_output_timing": [
            -1
          ],
          "net_output_timing_min": [
            -1
          ],
          "out_len": 1
        },
        "RBB_phy_version": 0,
        "already_packed": 0,
        "clk_i": -1,
        "clock_latency": {
          "clk_source": "",
          "fall_avg": 0,
          "fall_max": 0,
          "fall_min": 0,
          "json_ref": 17,
          "rise_avg": 0,
          "rise_max": 0,
          "rise_min": 0
        },
        "clustering_index": -1,
        "dont_pack": false,
        "dont_place": false,
        "dont_touch": false,
        "in_len": 2,
        "in_out_FF": [
          {
            "in_port": []
          }
        ],
        "in_out_timing": [
          {
            "in_port": [
              0,
              1
            ]
          }
        ],
        "input_timing_propagated": [
          true,
          true
        ],
        "input_timing_traced": [
          true,
          true
        ],
        "inst_name": "g_5_sel_ibuf",
        "inst_type": "type_IO",
        "internal_timing": -1,
        "json_ref": 16,
        "net_input_branch": [
          -1,
          -1
        ],
        "net_input_output_timing_branch": [
          0,
          0,
          0,
          0,
          0,
          0,
          0,
          0
        ],
        "net_input_timing_branch": [
          0,
          0,
          0,
          0,
          0,
          0,
          0,
          0
        ],
        "net_output_timing_branch": [
          0,
          0,
          0,
          0
        ],
        "out_len": 1,
        "output_timing_propagated": [
          true
        ],
        "output_timing_traced": [
          true
        ],
        "placed_at_RBBM": false,
        "placed_b": -1,
        "placed_tile_x": -1,
        "placed_tile_y": -1,
        "placed_x": -1,
        "placed_y": -1,
        "prefer_place_at_RBBM": -1
      },
      {
        "IO": {
          "clock_input": [
            6
          ],
          "clock_polarity": [
            0
          ],
          "in_len": 2,
          "input_output_delay": -1,
          "is_input": false,
          "json_ref": 21,
          "net_input": [
            1,
            -1
          ],
          "net_input_timing": [
            -1,
            -1
          ],
          "net_input_timing_min": [
            -1,
            -1
          ],
          "net_output": [
            3
          ],
          "net_output_timing": [
            -1
          ],
          "net_output_timing_min": [
            -1
          ],
          "out_len": 1
        },
        "RBB_phy_version": 0,
        "already_packed": 1,
        "clk_i": -1,
        "clock_latency": {
          "clk_source": "",
          "fall_avg": 0,
          "fall_max": 0,
          "fall_min": 0,
          "json_ref": 20,
          "rise_avg": 0,
          "rise_max": 0,
          "rise_min": 0
        },
        "clustering_index": -1,
        "dont_pack": false,
        "dont_place": false,
        "dont_touch": false,
        "in_len": 2,
        "in_out_FF": [
          {
            "in_port": []
          }
        ],
        "in_out_timing": [
          {
            "in_port": [
              0,
              1
            ]
          }
        ],
        "input_timing_propagated": [
          true,
          true
        ],
        "input_timing_traced": [
          true,
          true
        ],
        "inst_name": "g_6_y_obuf",
        "inst_type": "type_IO",
        "internal_timing": -1,
        "json_ref": 19,
        "net_input_branch": [
          -1,
          -1
        ],
        "net_input_output_timing_branch": [
          0,
          0,
          0,
          0,
          0,
          0,
          0,
          0
        ],
        "net_input_timing_branch": [
          0,
          0,
          0,
          0,
          0,
          0,
          0,
          0
        ],
        "net_output_timing_branch": [
          0,
          0,
          0,
          0
        ],
        "out_len": 1,
        "output_timing_propagated": [
          true
        ],
        "output_timing_traced": [
          true
        ],
        "placed_at_RBBM": false,
        "placed_b": -1,
        "placed_tile_x": -1,
        "placed_tile_y": -1,
        "placed_x": -1,
        "placed_y": -1,
        "prefer_place_at_RBBM": -1
      },
      {
        "IO": {
          "clock_input": [
            6
          ],
          "clock_polarity": [
            0
          ],
          "in_len": 2,
          "input_output_delay": -1,
          "is_input": false,
          "json_ref": 24,
          "net_input": [
            0,
            -1
          ],
          "net_input_timing": [
            -1,
            -1
          ],
          "net_input_timing_min": [
            -1,
            -1
          ],
          "net_output": [
            4
          ],
          "net_output_timing": [
            -1
          ],
          "net_output_timing_min": [
            -1
          ],
          "out_len": 1
        },
        "RBB_phy_version": 0,
        "already_packed": 1,
        "clk_i": -1,
        "clock_latency": {
          "clk_source": "",
          "fall_avg": 0,
          "fall_max": 0,
          "fall_min": 0,
          "json_ref": 23,
          "rise_avg": 0,
          "rise_max": 0,
          "rise_min": 0
        },
        "clustering_index": -1,
        "dont_pack": false,
        "dont_place": false,
        "dont_touch": false,
        "in_len": 2,
        "in_out_FF": [
          {
            "in_port": []
          }
        ],
        "in_out_timing": [
          {
            "in_port": [
              0,
              1
            ]
          }
        ],
        "input_timing_propagated": [
          true,
          true
        ],
        "input_timing_traced": [
          true,
          true
        ],
        "inst_name": "g_7_y_en_obuf",
        "inst_type": "type_IO",
        "internal_timing": -1,
        "json_ref": 22,
        "net_input_branch": [
          -1,
          -1
        ],
        "net_input_output_timing_branch": [
          0,
          0,
          0,
          0,
          0,
          0,
          0,
          0
        ],
        "net_input_timing_branch": [
          0,
          0,
          0,
          0,
          0,
          0,
          0,
          0
        ],
        "net_output_timing_branch": [
          0,
          0,
          0,
          0
        ],
        "out_len": 1,
        "output_timing_propagated": [
          true
        ],
        "output_timing_traced": [
          true
        ],
        "placed_at_RBBM": false,
        "placed_b": -1,
        "placed_tile_x": -1,
        "placed_tile_y": -1,
        "placed_x": -1,
        "placed_y": -1,
        "prefer_place_at_RBBM": -1
      },
      {
        "RBB_phy_version": 0,
        "VDDGND": {
          "in_len": 0,
          "is_VDD": false,
          "json_ref": 27,
          "net_input_timing": [],
          "net_input_timing_min": [],
          "net_output": [
            5
          ],
          "net_output_timing": [
            -1
          ],
          "net_output_timing_min": [
            -1
          ],
          "out_len": 1
        },
        "already_packed": -1,
        "clk_i": -1,
        "clock_latency": {
          "clk_source": "",
          "fall_avg": 0,
          "fall_max": 0,
          "fall_min": 0,
          "json_ref": 26,
          "rise_avg": 0,
          "rise_max": 0,
          "rise_min": 0
        },
        "clustering_index": -1,
        "dont_pack": true,
        "dont_place": false,
        "dont_touch": false,
        "in_len": 0,
        "in_out_FF": [
          {
            "in_port": []
          }
        ],
        "in_out_timing": [
          {
            "in_port": []
          }
        ],
        "input_timing_propagated": [],
        "input_timing_traced": [],
        "inst_name": "GND_inst",
        "inst_type": "type_VDDGND",
        "internal_timing": -1,
        "json_ref": 25,
        "net_input_branch": [],
        "net_input_output_timing_branch": [],
        "net_input_timing_branch": [],
        "net_output_timing_branch": [
          0,
          0,
          0,
          0
        ],
        "out_len": 1,
        "output_timing_propagated": [
          true
        ],
        "output_timing_traced": [
          true
        ],
        "placed_at_RBBM": false,
        "placed_b": -1,
        "placed_tile_x": -1,
        "placed_tile_y": -1,
        "placed_x": -1,
        "placed_y": -1,
        "prefer_place_at_RBBM": -1
      },
      {
        "CLKBUF": {
          "clock_polarity": [
            0
          ],
          "in_len": 1,
          "json_ref": 30,
          "net_input": [
            -1
          ],
          "net_input_timing": [
            -1
          ],
          "net_input_timing_min": [
            -1
          ],
          "net_output": [
            6
          ],
          "net_output_timing": [
            -1
          ],
          "net_output_timing_min": [
            -1
          ],
          "out_len": 1
        },
        "RBB_phy_version": 0,
        "already_packed": -1,
        "clk_i": -1,
        "clock_latency": {
          "clk_source": "",
          "fall_avg": 0,
          "fall_max": 0,
          "fall_min": 0,
          "json_ref": 29,
          "rise_avg": 0,
          "rise_max": 0,
          "rise_min": 0
        },
        "clustering_index": -1,
        "dont_pack": true,
        "dont_place": true,
        "dont_touch": false,
        "in_len": 1,
        "in_out_FF": [
          {
            "in_port": []
          }
        ],
        "in_out_timing": [
          {
            "in_port": [
              0
            ]
          }
        ],
        "input_timing_propagated": [
          true
        ],
        "input_timing_traced": [
          true
        ],
        "inst_name": "virtual_clock",
        "inst_type": "type_CLKBUF",
        "internal_timing": -1,
        "json_ref": 28,
        "net_input_branch": [
          -1
        ],
        "net_input_output_timing_branch": [
          0,
          0,
          0,
          0
        ],
        "net_input_timing_branch": [
          0,
          0,
          0,
          0
        ],
        "net_output_timing_branch": [
          0,
          0,
          0,
          0
        ],
        "out_len": 1,
        "output_timing_propagated": [
          true
        ],
        "output_timing_traced": [
          true
        ],
        "placed_at_RBBM": false,
        "placed_b": -1,
        "placed_tile_x": -1,
        "placed_tile_y": -1,
        "placed_x": -1,
        "placed_y": -1,
        "prefer_place_at_RBBM": -1
      }
    ],
    "prepack_net": [
      {
        "Anet": 0.0,
        "Anet_best_timing": 0.0,
        "Anet_saved": 0.0,
        "clock_domain": -1,
        "clock_synchronizer_net": false,
        "dont_route": true,
        "fixed_route": false,
        "ignore_timing": true,
        "inst_input": [
          {
            "Anet": 0.0,
            "Anet_best_timing": 0.0,
            "Anet_saved": 0.0,
            "clk": -1,
            "inst": 7,
            "is_internal_timing": false,
            "json_ref": 32,
            "loop": -1,
            "path_num": 0,
            "port": 0,
            "timing": -1,
            "timing_min": -1
          }
        ],
        "inst_output": [
          {
            "Anet": 0.0,
            "Anet_best_timing": 0.0,
            "Anet_saved": 0.0,
            "clk": -1,
            "inst": 4,
            "is_internal_timing": false,
            "json_ref": 33,
            "loop": -1,
            "path_num": 0,
            "port": 0,
            "timing": -1,
            "timing_min": -1
          }
        ],
        "json_ref": 31,
        "net_name": "VCC_NET"
      },
      {
        "Anet": 0.0,
        "Anet_best_timing": 0.0,
        "Anet_saved": 0.0,
        "clock_domain": 6,
        "clock_synchronizer_net": false,
        "dont_route": false,
        "fixed_route": false,
        "ignore_timing": true,
        "inst_input": [
          {
            "Anet": 0.0,
            "Anet_best_timing": 0.0,
            "Anet_saved": 0.0,
            "clk": -1,
            "inst": 6,
            "is_internal_timing": false,
            "json_ref": 35,
            "loop": -1,
            "path_num": 0,
            "port": 0,
            "timing": -1,
            "timing_min": -1
          }
        ],
        "inst_output": [
          {
            "Anet": 0.0,
            "Anet_best_timing": 0.0,
            "Anet_saved": 0.0,
            "clk": -1,
            "inst": 5,
            "is_internal_timing": false,
            "json_ref": 36,
            "loop": -1,
            "path_num": 0,
            "port": 0,
            "timing": -1,
            "timing_min": -1
          }
        ],
        "json_ref": 34,
        "net_name": "sel"
      },
      {
        "Anet": 0.0,
        "Anet_best_timing": 0.0,
        "Anet_saved": 0.0,
        "clock_domain": -1,
        "clock_synchronizer_net": false,
        "dont_route": true,
        "fixed_route": false,
        "ignore_timing": false,
        "inst_input": [
          {
            "Anet": 0.0,
            "Anet_best_timing": 0.0,
            "Anet_saved": 0.0,
            "clk": -1,
            "inst": 5,
            "is_internal_timing": false,
            "json_ref": 38,
            "loop": -1,
            "path_num": 0,
            "port": 0,
            "timing": -1,
            "timing_min": -1
          }
        ],
        "inst_output": [
          {
            "Anet": 0.0,
            "Anet_best_timing": 0.0,
            "Anet_saved": 0.0,
            "clk": -1,
            "inst": 0,
            "is_internal_timing": false,
            "json_ref": 39,
            "loop": -1,
            "path_num": 0,
            "port": 0,
            "timing": -1,
            "timing_min": -1
          }
        ],
        "json_ref": 37,
        "net_name": "sel_ibuf"
      },
      {
        "Anet": 0.0,
        "Anet_best_timing": 0.0,
        "Anet_saved": 0.0,
        "clock_domain": 6,
        "clock_synchronizer_net": false,
        "dont_route": true,
        "fixed_route": false,
        "ignore_timing": false,
        "inst_input": [
          {
            "Anet": 0.0,
            "Anet_best_timing": 0.0,
            "Anet_saved": 0.0,
            "clk": -1,
            "inst": 1,
            "is_internal_timing": false,
            "json_ref": 41,
            "loop": -1,
            "path_num": 0,
            "port": 0,
            "timing": -1,
            "timing_min": -1
          }
        ],
        "inst_output": [
          {
            "Anet": 0.0,
            "Anet_best_timing": 0.0,
            "Anet_saved": 0.0,
            "clk": -1,
            "inst": 6,
            "is_internal_timing": false,
            "json_ref": 42,
            "loop": -1,
            "path_num": 0,
            "port": 0,
            "timing": -1,
            "timing_min": -1
          }
        ],
        "json_ref": 40,
        "net_name": "y_obuf"
      },
      {
        "Anet": 0.0,
        "Anet_best_timing": 0.0,
        "Anet_saved": 0.0,
        "clock_domain": 6,
        "clock_synchronizer_net": false,
        "dont_route": true,
        "fixed_route": false,
        "ignore_timing": false,
        "inst_input": [
          {
            "Anet": 0.0,
            "Anet_best_timing": 0.0,
            "Anet_saved": 0.0,
            "clk": -1,
            "inst": 2,
            "is_internal_timing": false,
            "json_ref": 44,
            "loop": -1,
            "path_num": 0,
            "port": 0,
            "timing": -1,
            "timing_min": -1
          }
        ],
        "inst_output": [
          {
            "Anet": 0.0,
            "Anet_best_timing": 0.0,
            "Anet_saved": 0.0,
            "clk": -1,
            "inst": 7,
            "is_internal_timing": false,
            "json_ref": 45,
            "loop": -1,
            "path_num": 0,
            "port": 0,
            "timing": -1,
            "timing_min": -1
          }
        ],
        "json_ref": 43,
        "net_name": "y_en_obuf"
      },
      {
        "Anet": 0.0,
        "Anet_best_timing": 0.0,
        "Anet_saved": 0.0,
        "clock_domain": -1,
        "clock_synchronizer_net": false,
        "dont_route": true,
        "fixed_route": false,
        "ignore_timing": true,
        "inst_input": [],
        "inst_output": [
          {
            "Anet": 0.0,
            "Anet_best_timing": 0.0,
            "Anet_saved": 0.0,
            "clk": -1,
            "inst": 8,
            "is_internal_timing": false,
            "json_ref": 47,
            "loop": -1,
            "path_num": 0,
            "port": 0,
            "timing": -1,
            "timing_min": -1
          }
        ],
        "json_ref": 46,
        "net_name": "GND_net"
      },
      {
        "Anet": 0.0,
        "Anet_best_timing": 0.0,
        "Anet_saved": 0.0,
        "clock_domain": -1,
        "clock_synchronizer_net": false,
        "dont_route": true,
        "fixed_route": false,
        "ignore_timing": false,
        "inst_input": [],
        "inst_output": [
          {
            "Anet": 0.0,
            "Anet_best_timing": 0.0,
            "Anet_saved": 0.0,
            "clk": -1,
            "inst": 9,
            "is_internal_timing": false,
            "json_ref": 49,
            "loop": -1,
            "path_num": 0,
            "port": 0,
            "timing": -1,
            "timing_min": -1
          }
        ],
        "json_ref": 48,
        "net_name": "virtual_clock"
      }
    ],
    "ram_inst_list": [],
    "ram_inverted_clk_net": [],
    "sdc_cache": "",
    "ta_process_corner": "TSMC 40nm ULP tt1p1v25c_Typical",
    "timing_trace": [
      []
    ],
    "total_bram": 0,
    "total_dsp": 0,
    "total_dual_ff": 0,
    "total_dual_lut": 0,
    "total_ext_ram_2p": 0,
    "total_ext_ram_dp": 0,
    "total_ext_ram_sp": 0,
    "total_ff": 0,
    "total_io": 2,
    "total_logic": 0,
    "total_logic_memory": 0,
    "total_lut": 0,
    "worst_timing": [
      -99999999
    ]
  },
  "placement": {
    "CLK_UNCERTAINTY": 150,
    "ENABLE_HIGH_DENSITY_IO_PACKING": true,
    "ENABLE_HIGH_DENSITY_PACKING": true,
    "ENABLE_HIGH_DENSITY_RBBM_PACKING": true,
    "ENABLE_INNER_EDGE_IO": false,
    "EXT_RAM_TDP_TO_2SP_MAP": true,
    "EXT_RAM_list": [],
    "EXT_RAM_list_inst": [],
    "FP_AUTO_GEN": false,
    "GENERATE_VIRTUAL_ARRAY": false,
    "HIGH_DENSITY_PACKING_RBB_THR": 50,
    "HOLD_TIME_THRESHOLD": 150,
    "IGNORE_INPUT_OUTPUT_DELAY": 0,
    "INTERCONNECT_DELAY": [
      5000,
      10000
    ],
    "LOGIC_DELAY": [
      0,
      10000,
      10000,
      10000,
      10000,
      1000,
      250,
      1000,
      710,
      0,
      0,
      10000,
      10000,
      10000,
      0,
      0,
      0,
      0,
      10000,
      10000,
      10000,
      10000,
      10000,
      0,
      0,
      10000,
      10000,
      0
    ],
    "MAX_MUXF8_INPUTS": 24,
    "MIN_NET_CRIT": 0.05,
    "RBB_L_DELAY": [
      [
        1800,
        1800,
        1800,
        1800,
        1800,
        1800,
        1800,
        1800,
        1800,
        1800,
        1800,
        1800,
        1800,
        1800,
        1800,
        1800,
        1800,
        1800,
        1800,
        1800,
        1800,
        1800,
        1800,
        1800,
        1800
      ],
      [
        1800,
        1800,
        1800,
        1800,
        1800,
        1800,
        1800,
        1800,
        1800,
        1800,
        1800,
        1800,
        1800,
        1800,
        1800,
        1800,
        1800,
        1800,
        1800,
        1800,
        1800,
        1800,
        1800,
        1800,
        1800
      ],
      [
        1800,
        1800,
        1800,
        1800,
        1800,
        1800,
        1800,
        1800,
        1800,
        1800,
        1800,
        1800,
        1800,
        1800,
        1800,
        1800,
        1800,
        1800,
        1800,
        1800,
        1800,
        1800,
        1800,
        1800,
        1800
      ],
      [
        1800,
        1800,
        1800,
        1800,
        1800,
        1800,
        1800,
        1800,
        1800,
        1800,
        1800,
        1800,
        1800,
        1800,
        1800,
        1800,
        1800,
        1800,
        1800,
        1800,
        1800,
        1800,
        1800,
        1800,
        1800
      ],
      [
        1800,
        1800,
        1800,
        1800,
        1800,
        1800,
        1800,
        1800,
        1800,
        1800,
        1800,
        1800,
        1800,
        1800,
        1800,
        1800,
        1800,
        1800,
        1800,
        1800,
        1800,
        1800,
        1800,
        1800,
        1800
      ],
      [
        1800,
        1800,
        1800,
        1800,
        1800,
        1800,
        1800,
        1800,
        1800,
        1800,
        1800,
        1800,
        1800,
        1800,
        1800,
        1800,
        1800,
        1800,
        1800,
        1800,
        1800,
        1800,
        1800,
        1800,
        1800
      ],
      [
        1800,
        1800,
        1800,
        1800,
        1800,
        1800,
        1800,
        1800,
        1800,
        1800,
        1800,
        1800,
        1800,
        1800,
        1800,
        1800,
        1800,
        1800,
        1800,
        1800,
        1800,
        1800,
        1800,
        1800,
        1800
      ],
      [
        1800,
        1800,
        1800,
        1800,
        1800,
        1800,
        1800,
        1800,
        1800,
        1800,
        1800,
        1800,
        1800,
        1800,
        1800,
        1800,
        1800,
        1800,
        1800,
        1800,
        1800,
        1800,
        1800,
        1800,
        1800
      ],
      [
        1800,
        1800,
        1800,
        1800,
        1800,
        1800,
        1800,
        1800,
        1800,
        1800,
        1800,
        1800,
        1800,
        1800,
        1800,
        1800,
        1800,
        1800,
        1800,
        1800,
        1800,
        1800,
        1800,
        1800,
        1800
      ],
      [
        1800,
        1800,
        1800,
        1800,
        1800,
        1800,
        1800,
        1800,
        1800,
        1800,
        1800,
        1800,
        1800,
        1800,
        1800,
        1800,
        1800,
        1800,
        1800,
        1800,
        1800,
        1800,
        1800,
        1800,
        1800
      ],
      [
        1800,
        1800,
        1800,
        1800,
        1800,
        1800,
        1800,
        1800,
        1800,
        1800,
        1800,
        1800,
        1800,
        1800,
        1800,
        1800,
        1800,
        1800,
        1800,
        1800,
        1800,
        1800,
        1800,
        1800,
        1800
      ],
      [
        1800,
        1800,
        1800,
        1800,
        1800,
        1800,
        1800,
        1800,
        1800,
        1800,
        1800,
        1800,
        1800,
        1800,
        1800,
        1800,
        1800,
        1800,
        1800,
        1800,
        1800,
        1800,
        1800,
        1800,
        1800
      ],
      [
        3000,
        3000,
        3000,
        3000,
        3000,
        3000,
        3000,
        3000,
        3000,
        3000,
        3000,
        3000,
        3000,
        3000,
        3000,
        3000,
        3000,
        3000,
        3000,
        3000,
        3000,
        3000,
        3000,
        3000,
        710
      ]
    ],
    "TIMING_DRIVEN_PACKING_THR": 0.7,
    "TIMING_REPORT_IO_PATHS": false,
    "avail_ext_ram_2p": 0,
    "avail_ext_ram_dp": 0,
    "avail_ext_ram_sp": 0,
    "clock_net": [
      {
        "clk_in": [
          {
            "delays": [
              {
                "clk_source": "",
                "fall_avg": 0,
                "fall_max": 0,
                "fall_min": 0,
                "json_ref": 52,
                "rise_avg": 0,
                "rise_max": 0,
                "rise_min": 0
              },
              {
                "clk_source": "",
                "fall_avg": 0,
                "fall_max": 0,
                "fall_min": 0,
                "json_ref": 53,
                "rise_avg": 0,
                "rise_max": 0,
                "rise_min": 0
              },
              {
                "clk_source": "",
                "fall_avg": 0,
                "fall_max": 0,
                "fall_min": 0,
                "json_ref": 54,
                "rise_avg": 0,
                "rise_max": 0,
                "rise_min": 0
              },
              {
                "clk_source": "",
                "fall_avg": 0,
                "fall_max": 0,
                "fall_min": 0,
                "json_ref": 55,
                "rise_avg": 0,
                "rise_max": 0,
                "rise_min": 0
              },
              {
                "clk_source": "",
                "fall_avg": 0,
                "fall_max": 0,
                "fall_min": 0,
                "json_ref": 56,
                "rise_avg": 0,
                "rise_max": 0,
                "rise_min": 0
              }
            ],
            "index": 1,
            "json_ref": 51,
            "side": 2,
            "tile_x": 0,
            "tile_y": 0
          }
        ],
        "clk_is_input": true,
        "clk_is_inverted": false,
        "clk_net": 6,
        "clk_net_has_parent": -1,
        "clk_out": [],
        "json_ref": 50
      }
    ],
    "curr_carry_len": 0,
    "debug_net": [],
    "dsp_errors": {},
    "holdtime_to_fix": [],
    "loop_clks": [],
    "max_carry_len": 40,
    "module_name": "mux",
    "name_to_clk_net": {
      "virtual_clock": 6
    },
    "num_physical_loops": 0,
    "packed_inst": [
      {
        "IOB": {
          "FF_CE_used": [
            -1,
            -1
          ],
          "FF_async_PRECLR": [
            -1,
            -1
          ],
          "FF_sync_SR": [
            -1,
            -1
          ],
          "clock_input": [
            6
          ],
          "clock_polarity": [
            0
          ],
          "in_len": 4,
          "inst_EFLX_input": [
            5,
            -1
          ],
          "inst_EFLX_output": [
            -1,
            -1
          ],
          "inst_FD_input": [
            -1,
            -1
          ],
          "inst_FD_output": [
            -1,
            -1
          ],
          "json_ref": 59,
          "net_EFLX_input": [
            1,
            -1
          ],
          "net_EFLX_output": [
            -1,
            -1
          ],
          "net_input": [
            -1,
            -1,
            -1,
            -1
          ],
          "net_input_timing": [
            -1,
            -1,
            -1,
            -1
          ],
          "net_input_timing_min": [
            -1,
            -1,
            -1,
            -1
          ],
          "net_output": [
            1,
            -1
          ],
          "net_output_timing": [
            -1,
            -1
          ],
          "net_output_timing_min": [
            -1,
            -1
          ],
          "out_len": 2,
          "port_EFLX_INPUT": [
            "sel",
            ""
          ],
          "port_EFLX_INPUT_DELAY": [
            -1,
            -2
          ],
          "port_EFLX_OUTPUT": [
            "",
            ""
          ],
          "port_EFLX_OUTPUT_DELAY": [
            -2,
            -2
          ]
        },
        "RBB_phy_version": 2,
        "already_packed": -1,
        "clk_i": 0,
        "clock_latency": {
          "clk_source": "",
          "fall_avg": 0,
          "fall_max": 997,
          "fall_min": 997,
          "json_ref": 58,
          "rise_avg": 0,
          "rise_max": 1036,
          "rise_min": 1036
        },
        "clustering_index": -1,
        "dont_pack": false,
        "dont_place": false,
        "dont_touch": false,
        "in_len": 4,
        "in_out_FF": [
          {
            "in_port": []
          },
          {
            "in_port": []
          }
        ],
        "in_out_timing": [
          {
            "in_port": []
          },
          {
            "in_port": []
          }
        ],
        "input_timing_propagated": [
          true,
          true,
          true,
          true
        ],
        "input_timing_traced": [
          true,
          true,
          true,
          true
        ],
        "inst_name": "RBB_0",
        "inst_type": "type_IOB",
        "internal_timing": -1,
        "json_ref": 57,
        "net_input_branch": [
          -1,
          -1,
          -1,
          -1
        ],
        "net_input_output_timing_branch": [
          0,
          0,
          0,
          0,
          0,
          0,
          0,
          0,
          0,
          0,
          0,
          0,
          0,
          0,
          0,
          0,
          0,
          0,
          0,
          0,
          0,
          0,
          0,
          0,
          0,
          0,
          0,
          0,
          0,
          0,
          0,
          0
        ],
        "net_input_timing_branch": [
          0,
          0,
          0,
          0,
          0,
          0,
          0,
          0,
          0,
          0,
          0,
          0,
          0,
          0,
          0,
          0
        ],
        "net_output_timing_branch": [
          0,
          0,
          0,
          0,
          0,
          0,
          0,
          0
        ],
        "out_len": 2,
        "output_timing_propagated": [
          true,
          true
        ],
        "output_timing_traced": [
          true,
          true
        ],
        "placed_at_RBBM": false,
        "placed_b": 0,
        "placed_tile_x": 0,
        "placed_tile_y": 0,
        "placed_x": 6,
        "placed_y": 0,
        "prefer_place_at_RBBM": -1
      },
      {
        "IOB": {
          "FF_CE_used": [
            -1,
            -1
          ],
          "FF_async_PRECLR": [
            -1,
            -1
          ],
          "FF_sync_SR": [
            -1,
            -1
          ],
          "clock_input": [
            6
          ],
          "clock_polarity": [
            0
          ],
          "in_len": 4,
          "inst_EFLX_input": [
            -1,
            -1
          ],
          "inst_EFLX_output": [
            6,
            7
          ],
          "inst_FD_input": [
            -1,
            -1
          ],
          "inst_FD_output": [
            -1,
            -1
          ],
          "json_ref": 62,
          "net_EFLX_input": [
            -1,
            -1
          ],
          "net_EFLX_output": [
            1,
            0
          ],
          "net_input": [
            1,
            0,
            -1,
            -1
          ],
          "net_input_timing": [
            0,
            0,
            -1,
            -1
          ],
          "net_input_timing_min": [
            0,
            0,
            -1,
            -1
          ],
          "net_output": [
            -1,
            -1
          ],
          "net_output_timing": [
            -1,
            -1
          ],
          "net_output_timing_min": [
            -1,
            -1
          ],
          "out_len": 2,
          "port_EFLX_INPUT": [
            "",
            ""
          ],
          "port_EFLX_INPUT_DELAY": [
            -2,
            -2
          ],
          "port_EFLX_OUTPUT": [
            "y",
            "y_en"
          ],
          "port_EFLX_OUTPUT_DELAY": [
            -1,
            -1
          ]
        },
        "RBB_phy_version": 0,
        "already_packed": -1,
        "clk_i": 0,
        "clock_latency": {
          "clk_source": "",
          "fall_avg": 0,
          "fall_max": 962,
          "fall_min": 962,
          "json_ref": 61,
          "rise_avg": 0,
          "rise_max": 1016,
          "rise_min": 1016
        },
        "clustering_index": -1,
        "dont_pack": false,
        "dont_place": false,
        "dont_touch": false,
        "in_len": 4,
        "in_out_FF": [
          {
            "in_port": []
          },
          {
            "in_port": []
          }
        ],
        "in_out_timing": [
          {
            "in_port": []
          },
          {
            "in_port": []
          }
        ],
        "input_timing_propagated": [
          false,
          false,
          true,
          true
        ],
        "input_timing_traced": [
          false,
          false,
          true,
          true
        ],
        "inst_name": "RBB_1",
        "inst_type": "type_IOB",
        "internal_timing": -1,
        "json_ref": 60,
        "net_input_branch": [
          -1,
          -1,
          -1,
          -1
        ],
        "net_input_output_timing_branch": [
          0,
          0,
          0,
          0,
          0,
          0,
          0,
          0,
          0,
          0,
          0,
          0,
          0,
          0,
          0,
          0,
          0,
          0,
          0,
          0,
          0,
          0,
          0,
          0,
          0,
          0,
          0,
          0,
          0,
          0,
          0,
          0
        ],
        "net_input_timing_branch": [
          0,
          0,
          0,
          0,
          0,
          0,
          0,
          0,
          0,
          0,
          0,
          0,
          0,
          0,
          0,
          0
        ],
        "net_output_timing_branch": [
          0,
          0,
          0,
          0,
          0,
          0,
          0,
          0
        ],
        "out_len": 2,
        "output_timing_propagated": [
          true,
          true
        ],
        "output_timing_traced": [
          true,
          true
        ],
        "placed_at_RBBM": false,
        "placed_b": 0,
        "placed_tile_x": 0,
        "placed_tile_y": 0,
        "placed_x": 5,
        "placed_y": 31,
        "prefer_place_at_RBBM": -1
      }
    ],
    "packed_net": [
      {
        "Anet": 0.0,
        "Anet_best_timing": 0.0,
        "Anet_saved": 0.0,
        "clock_domain": -1,
        "clock_synchronizer_net": false,
        "dont_route": true,
        "fixed_route": false,
        "ignore_timing": true,
        "inst_input": [
          {
            "Anet": 0.0,
            "Anet_best_timing": 0.0,
            "Anet_saved": 0.0,
            "clk": -1,
            "inst": 1,
            "is_internal_timing": false,
            "json_ref": 64,
            "loop": -1,
            "path_num": 0,
            "port": 1,
            "timing": -1,
            "timing_min": -1
          }
        ],
        "inst_output": [],
        "json_ref": 63,
        "net_name": "VCC_NET"
      },
      {
        "Anet": 0.0,
        "Anet_best_timing": 0.0,
        "Anet_saved": 0.0,
        "clock_domain": 6,
        "clock_synchronizer_net": false,
        "dont_route": false,
        "fixed_route": false,
        "ignore_timing": true,
        "inst_input": [
          {
            "Anet": 0.0,
            "Anet_best_timing": 0.0,
            "Anet_saved": 0.0,
            "clk": -1,
            "inst": 1,
            "is_internal_timing": false,
            "json_ref": 66,
            "loop": -1,
            "path_num": 0,
            "port": 0,
            "timing": -1,
            "timing_min": -1
          }
        ],
        "inst_output": [
          {
            "Anet": 0.0,
            "Anet_best_timing": 0.0,
            "Anet_saved": 0.0,
            "clk": -1,
            "inst": 0,
            "is_internal_timing": false,
            "json_ref": 67,
            "loop": -1,
            "path_num": 0,
            "port": 0,
            "timing": -1,
            "timing_min": -1
          }
        ],
        "json_ref": 65,
        "net_name": "sel"
      },
      {
        "Anet": 0.0,
        "Anet_best_timing": 0.0,
        "Anet_saved": 0.0,
        "clock_domain": -1,
        "clock_synchronizer_net": false,
        "dont_route": true,
        "fixed_route": false,
        "ignore_timing": false,
        "inst_input": [],
        "inst_output": [],
        "json_ref": 68,
        "net_name": "sel_ibuf"
      },
      {
        "Anet": 0.0,
        "Anet_best_timing": 0.0,
        "Anet_saved": 0.0,
        "clock_domain": -1,
        "clock_synchronizer_net": false,
        "dont_route": true,
        "fixed_route": false,
        "ignore_timing": false,
        "inst_input": [],
        "inst_output": [],
        "json_ref": 69,
        "net_name": "y_obuf"
      },
      {
        "Anet": 0.0,
        "Anet_best_timing": 0.0,
        "Anet_saved": 0.0,
        "clock_domain": -1,
        "clock_synchronizer_net": false,
        "dont_route": true,
        "fixed_route": false,
        "ignore_timing": false,
        "inst_input": [],
        "inst_output": [],
        "json_ref": 70,
        "net_name": "y_en_obuf"
      },
      {
        "Anet": 0.0,
        "Anet_best_timing": 0.0,
        "Anet_saved": 0.0,
        "clock_domain": -1,
        "clock_synchronizer_net": false,
        "dont_route": true,
        "fixed_route": false,
        "ignore_timing": true,
        "inst_input": [],
        "inst_output": [],
        "json_ref": 71,
        "net_name": "GND_net"
      },
      {
        "Anet": 0.0,
        "Anet_best_timing": 0.0,
        "Anet_saved": 0.0,
        "clock_domain": -1,
        "clock_synchronizer_net": false,
        "dont_route": true,
        "fixed_route": false,
        "ignore_timing": false,
        "inst_input": [],
        "inst_output": [],
        "json_ref": 72,
        "net_name": "virtual_clock"
      }
    ],
    "prepack_inst": [
      {
        "RBB_phy_version": 0,
        "UNUSED": {
          "in_len": 0,
          "json_ref": 3,
          "net_input": [],
          "net_input_timing": [],
          "net_input_timing_min": [],
          "net_output": [
            2
          ],
          "net_output_timing": [
            -1
          ],
          "net_output_timing_min": [
            -1
          ],
          "out_len": 1
        },
        "already_packed": -1,
        "clk_i": -1,
        "clock_latency": {
          "clk_source": "",
          "fall_avg": 0,
          "fall_max": 0,
          "fall_min": 0,
          "json_ref": 2,
          "rise_avg": 0,
          "rise_max": 0,
          "rise_min": 0
        },
        "clustering_index": -1,
        "dont_pack": true,
        "dont_place": true,
        "dont_touch": false,
        "in_len": 0,
        "in_out_FF": [
          {
            "in_port": []
          }
        ],
        "in_out_timing": [
          {
            "in_port": []
          }
        ],
        "input_timing_propagated": [],
        "input_timing_traced": [],
        "inst_name": "sel",
        "inst_type": "type_UNUSED",
        "internal_timing": -1,
        "json_ref": 1,
        "net_input_branch": [],
        "net_input_output_timing_branch": [],
        "net_input_timing_branch": [],
        "net_output_timing_branch": [
          0,
          0,
          0,
          0
        ],
        "out_len": 1,
        "output_timing_propagated": [
          true
        ],
        "output_timing_traced": [
          true
        ],
        "placed_at_RBBM": false,
        "placed_b": -1,
        "placed_tile_x": -1,
        "placed_tile_y": -1,
        "placed_x": -1,
        "placed_y": -1,
        "prefer_place_at_RBBM": -1
      },
      {
        "RBB_phy_version": 0,
        "UNUSED": {
          "in_len": 1,
          "json_ref": 6,
          "net_input": [
            3
          ],
          "net_input_timing": [
            -1
          ],
          "net_input_timing_min": [
            -1
          ],
          "net_output": [],
          "net_output_timing": [],
          "net_output_timing_min": [],
          "out_len": 0
        },
        "already_packed": -1,
        "clk_i": -1,
        "clock_latency": {
          "clk_source": "",
          "fall_avg": 0,
          "fall_max": 0,
          "fall_min": 0,
          "json_ref": 5,
          "rise_avg": 0,
          "rise_max": 0,
          "rise_min": 0
        },
        "clustering_index": -1,
        "dont_pack": true,
        "dont_place": true,
        "dont_touch": false,
        "in_len": 1,
        "in_out_FF": [],
        "in_out_timing": [],
        "input_timing_propagated": [
          true
        ],
        "input_timing_traced": [
          true
        ],
        "inst_name": "y",
        "inst_type": "type_UNUSED",
        "internal_timing": -1,
        "json_ref": 4,
        "net_input_branch": [
          -1
        ],
        "net_input_output_timing_branch": [],
        "net_input_timing_branch": [
          0,
          0,
          0,
          0
        ],
        "net_output_timing_branch": [],
        "out_len": 0,
        "output_timing_propagated": [],
        "output_timing_traced": [],
        "placed_at_RBBM": false,
        "placed_b": -1,
        "placed_tile_x": -1,
        "placed_tile_y": -1,
        "placed_x": -1,
        "placed_y": -1,
        "prefer_place_at_RBBM": -1
      },
      {
        "RBB_phy_version": 0,
        "UNUSED": {
          "in_len": 1,
          "json_ref": 9,
          "net_input": [
            4
          ],
          "net_input_timing": [
            -1
          ],
          "net_input_timing_min": [
            -1
          ],
          "net_output": [],
          "net_output_timing": [],
          "net_output_timing_min": [],
          "out_len": 0
        },
        "already_packed": -1,
        "clk_i": -1,
        "clock_latency": {
          "clk_source": "",
          "fall_avg": 0,
          "fall_max": 0,
          "fall_min": 0,
          "json_ref": 8,
          "rise_avg": 0,
          "rise_max": 0,
          "rise_min": 0
        },
        "clustering_index": -1,
        "dont_pack": true,
        "dont_place": true,
        "dont_touch": false,
        "in_len": 1,
        "in_out_FF": [],
        "in_out_timing": [],
        "input_timing_propagated": [
          true
        ],
        "input_timing_traced": [
          true
        ],
        "inst_name": "y_en",
        "inst_type": "type_UNUSED",
        "internal_timing": -1,
        "json_ref": 7,
        "net_input_branch": [
          -1
        ],
        "net_input_output_timing_branch": [],
        "net_input_timing_branch": [
          0,
          0,
          0,
          0
        ],
        "net_output_timing_branch": [],
        "out_len": 0,
        "output_timing_propagated": [],
        "output_timing_traced": [],
        "placed_at_RBBM": false,
        "placed_b": -1,
        "placed_tile_x": -1,
        "placed_tile_y": -1,
        "placed_x": -1,
        "placed_y": -1,
        "prefer_place_at_RBBM": -1
      },
      {
        "RBB_phy_version": 0,
        "VDDGND": {
          "in_len": 0,
          "is_VDD": false,
          "json_ref": 12,
          "net_input_timing": [],
          "net_input_timing_min": [],
          "net_output": [
            -1
          ],
          "net_output_timing": [
            -1
          ],
          "net_output_timing_min": [
            -1
          ],
          "out_len": 1
        },
        "already_packed": -1,
        "clk_i": -1,
        "clock_latency": {
          "clk_source": "",
          "fall_avg": 0,
          "fall_max": 0,
          "fall_min": 0,
          "json_ref": 11,
          "rise_avg": 0,
          "rise_max": 0,
          "rise_min": 0
        },
        "clustering_index": -1,
        "dont_pack": true,
        "dont_place": false,
        "dont_touch": false,
        "in_len": 0,
        "in_out_FF": [
          {
            "in_port": []
          }
        ],
        "in_out_timing": [
          {
            "in_port": []
          }
        ],
        "input_timing_propagated": [],
        "input_timing_traced": [],
        "inst_name": "GND",
        "inst_type": "type_VDDGND",
        "internal_timing": -1,
        "json_ref": 10,
        "net_input_branch": [],
        "net_input_output_timing_branch": [],
        "net_input_timing_branch": [],
        "net_output_timing_branch": [
          0,
          0,
          0,
          0
        ],
        "out_len": 1,
        "output_timing_propagated": [
          true
        ],
        "output_timing_traced": [
          true
        ],
        "placed_at_RBBM": false,
        "placed_b": -1,
        "placed_tile_x": -1,
        "placed_tile_y": -1,
        "placed_x": -1,
        "placed_y": -1,
        "prefer_place_at_RBBM": -1
      },
      {
        "RBB_phy_version": 0,
        "VDDGND": {
          "in_len": 0,
          "is_VDD": true,
          "json_ref": 15,
          "net_input_timing": [],
          "net_input_timing_min": [],
          "net_output": [
            0
          ],
          "net_output_timing": [
            -1
          ],
          "net_output_timing_min": [
            -1
          ],
          "out_len": 1
        },
        "already_packed": -1,
        "clk_i": -1,
        "clock_latency": {
          "clk_source": "",
          "fall_avg": 0,
          "fall_max": 0,
          "fall_min": 0,
          "json_ref": 14,
          "rise_avg": 0,
          "rise_max": 0,
          "rise_min": 0
        },
        "clustering_index": -1,
        "dont_pack": true,
        "dont_place": false,
        "dont_touch": false,
        "in_len": 0,
        "in_out_FF": [
          {
            "in_port": []
          }
        ],
        "in_out_timing": [
          {
            "in_port": []
          }
        ],
        "input_timing_propagated": [],
        "input_timing_traced": [],
        "inst_name": "VCC",
        "inst_type": "type_VDDGND",
        "internal_timing": -1,
        "json_ref": 13,
        "net_input_branch": [],
        "net_input_output_timing_branch": [],
        "net_input_timing_branch": [],
        "net_output_timing_branch": [
          0,
          0,
          0,
          0
        ],
        "out_len": 1,
        "output_timing_propagated": [
          true
        ],
        "output_timing_traced": [
          true
        ],
        "placed_at_RBBM": false,
        "placed_b": -1,
        "placed_tile_x": -1,
        "placed_tile_y": -1,
        "placed_x": -1,
        "placed_y": -1,
        "prefer_place_at_RBBM": -1
      },
      {
        "IO": {
          "clock_input": [
            6
          ],
          "clock_polarity": [
            0
          ],
          "in_len": 2,
          "input_output_delay": -1,
          "is_input": true,
          "json_ref": 18,
          "net_input": [
            2,
            -1
          ],
          "net_input_timing": [
            -1,
            -1
          ],
          "net_input_timing_min": [
            -1,
            -1
          ],
          "net_output": [
            1
          ],
          "net_output_timing": [
            -1
          ],
          "net_output_timing_min": [
            -1
          ],
          "out_len": 1
        },
        "RBB_phy_version": 0,
        "already_packed": 0,
        "clk_i": -1,
        "clock_latency": {
          "clk_source": "",
          "fall_avg": 0,
          "fall_max": 0,
          "fall_min": 0,
          "json_ref": 17,
          "rise_avg": 0,
          "rise_max": 0,
          "rise_min": 0
        },
        "clustering_index": -1,
        "dont_pack": false,
        "dont_place": false,
        "dont_touch": false,
        "in_len": 2,
        "in_out_FF": [
          {
            "in_port": []
          }
        ],
        "in_out_timing": [
          {
            "in_port": [
              0,
              1
            ]
          }
        ],
        "input_timing_propagated": [
          true,
          true
        ],
        "input_timing_traced": [
          true,
          true
        ],
        "inst_name": "g_5_sel_ibuf",
        "inst_type": "type_IO",
        "internal_timing": -1,
        "json_ref": 16,
        "net_input_branch": [
          -1,
          -1
        ],
        "net_input_output_timing_branch": [
          0,
          0,
          0,
          0,
          0,
          0,
          0,
          0
        ],
        "net_input_timing_branch": [
          0,
          0,
          0,
          0,
          0,
          0,
          0,
          0
        ],
        "net_output_timing_branch": [
          0,
          0,
          0,
          0
        ],
        "out_len": 1,
        "output_timing_propagated": [
          true
        ],
        "output_timing_traced": [
          true
        ],
        "placed_at_RBBM": false,
        "placed_b": -1,
        "placed_tile_x": -1,
        "placed_tile_y": -1,
        "placed_x": -1,
        "placed_y": -1,
        "prefer_place_at_RBBM": -1
      },
      {
        "IO": {
          "clock_input": [
            6
          ],
          "clock_polarity": [
            0
          ],
          "in_len": 2,
          "input_output_delay": -1,
          "is_input": false,
          "json_ref": 21,
          "net_input": [
            1,
            -1
          ],
          "net_input_timing": [
            -1,
            -1
          ],
          "net_input_timing_min": [
            -1,
            -1
          ],
          "net_output": [
            3
          ],
          "net_output_timing": [
            -1
          ],
          "net_output_timing_min": [
            -1
          ],
          "out_len": 1
        },
        "RBB_phy_version": 0,
        "already_packed": 1,
        "clk_i": -1,
        "clock_latency": {
          "clk_source": "",
          "fall_avg": 0,
          "fall_max": 0,
          "fall_min": 0,
          "json_ref": 20,
          "rise_avg": 0,
          "rise_max": 0,
          "rise_min": 0
        },
        "clustering_index": -1,
        "dont_pack": false,
        "dont_place": false,
        "dont_touch": false,
        "in_len": 2,
        "in_out_FF": [
          {
            "in_port": []
          }
        ],
        "in_out_timing": [
          {
            "in_port": [
              0,
              1
            ]
          }
        ],
        "input_timing_propagated": [
          true,
          true
        ],
        "input_timing_traced": [
          true,
          true
        ],
        "inst_name": "g_6_y_obuf",
        "inst_type": "type_IO",
        "internal_timing": -1,
        "json_ref": 19,
        "net_input_branch": [
          -1,
          -1
        ],
        "net_input_output_timing_branch": [
          0,
          0,
          0,
          0,
          0,
          0,
          0,
          0
        ],
        "net_input_timing_branch": [
          0,
          0,
          0,
          0,
          0,
          0,
          0,
          0
        ],
        "net_output_timing_branch": [
          0,
          0,
          0,
          0
        ],
        "out_len": 1,
        "output_timing_propagated": [
          true
        ],
        "output_timing_traced": [
          true
        ],
        "placed_at_RBBM": false,
        "placed_b": -1,
        "placed_tile_x": -1,
        "placed_tile_y": -1,
        "placed_x": -1,
        "placed_y": -1,
        "prefer_place_at_RBBM": -1
      },
      {
        "IO": {
          "clock_input": [
            6
          ],
          "clock_polarity": [
            0
          ],
          "in_len": 2,
          "input_output_delay": -1,
          "is_input": false,
          "json_ref": 24,
          "net_input": [
            0,
            -1
          ],
          "net_input_timing": [
            -1,
            -1
          ],
          "net_input_timing_min": [
            -1,
            -1
          ],
          "net_output": [
            4
          ],
          "net_output_timing": [
            -1
          ],
          "net_output_timing_min": [
            -1
          ],
          "out_len": 1
        },
        "RBB_phy_version": 0,
        "already_packed": 1,
        "clk_i": -1,
        "clock_latency": {
          "clk_source": "",
          "fall_avg": 0,
          "fall_max": 0,
          "fall_min": 0,
          "json_ref": 23,
          "rise_avg": 0,
          "rise_max": 0,
          "rise_min": 0
        },
        "clustering_index": -1,
        "dont_pack": false,
        "dont_place": false,
        "dont_touch": false,
        "in_len": 2,
        "in_out_FF": [
          {
            "in_port": []
          }
        ],
        "in_out_timing": [
          {
            "in_port": [
              0,
              1
            ]
          }
        ],
        "input_timing_propagated": [
          true,
          true
        ],
        "input_timing_traced": [
          true,
          true
        ],
        "inst_name": "g_7_y_en_obuf",
        "inst_type": "type_IO",
        "internal_timing": -1,
        "json_ref": 22,
        "net_input_branch": [
          -1,
          -1
        ],
        "net_input_output_timing_branch": [
          0,
          0,
          0,
          0,
          0,
          0,
          0,
          0
        ],
        "net_input_timing_branch": [
          0,
          0,
          0,
          0,
          0,
          0,
          0,
          0
        ],
        "net_output_timing_branch": [
          0,
          0,
          0,
          0
        ],
        "out_len": 1,
        "output_timing_propagated": [
          true
        ],
        "output_timing_traced": [
          true
        ],
        "placed_at_RBBM": false,
        "placed_b": -1,
        "placed_tile_x": -1,
        "placed_tile_y": -1,
        "placed_x": -1,
        "placed_y": -1,
        "prefer_place_at_RBBM": -1
      },
      {
        "RBB_phy_version": 0,
        "VDDGND": {
          "in_len": 0,
          "is_VDD": false,
          "json_ref": 27,
          "net_input_timing": [],
          "net_input_timing_min": [],
          "net_output": [
            5
          ],
          "net_output_timing": [
            -1
          ],
          "net_output_timing_min": [
            -1
          ],
          "out_len": 1
        },
        "already_packed": -1,
        "clk_i": -1,
        "clock_latency": {
          "clk_source": "",
          "fall_avg": 0,
          "fall_max": 0,
          "fall_min": 0,
          "json_ref": 26,
          "rise_avg": 0,
          "rise_max": 0,
          "rise_min": 0
        },
        "clustering_index": -1,
        "dont_pack": true,
        "dont_place": false,
        "dont_touch": false,
        "in_len": 0,
        "in_out_FF": [
          {
            "in_port": []
          }
        ],
        "in_out_timing": [
          {
            "in_port": []
          }
        ],
        "input_timing_propagated": [],
        "input_timing_traced": [],
        "inst_name": "GND_inst",
        "inst_type": "type_VDDGND",
        "internal_timing": -1,
        "json_ref": 25,
        "net_input_branch": [],
        "net_input_output_timing_branch": [],
        "net_input_timing_branch": [],
        "net_output_timing_branch": [
          0,
          0,
          0,
          0
        ],
        "out_len": 1,
        "output_timing_propagated": [
          true
        ],
        "output_timing_traced": [
          true
        ],
        "placed_at_RBBM": false,
        "placed_b": -1,
        "placed_tile_x": -1,
        "placed_tile_y": -1,
        "placed_x": -1,
        "placed_y": -1,
        "prefer_place_at_RBBM": -1
      },
      {
        "CLKBUF": {
          "clock_polarity": [
            0
          ],
          "in_len": 1,
          "json_ref": 30,
          "net_input": [
            -1
          ],
          "net_input_timing": [
            -1
          ],
          "net_input_timing_min": [
            -1
          ],
          "net_output": [
            6
          ],
          "net_output_timing": [
            -1
          ],
          "net_output_timing_min": [
            -1
          ],
          "out_len": 1
        },
        "RBB_phy_version": 0,
        "already_packed": -1,
        "clk_i": -1,
        "clock_latency": {
          "clk_source": "",
          "fall_avg": 0,
          "fall_max": 0,
          "fall_min": 0,
          "json_ref": 29,
          "rise_avg": 0,
          "rise_max": 0,
          "rise_min": 0
        },
        "clustering_index": -1,
        "dont_pack": true,
        "dont_place": true,
        "dont_touch": false,
        "in_len": 1,
        "in_out_FF": [
          {
            "in_port": []
          }
        ],
        "in_out_timing": [
          {
            "in_port": [
              0
            ]
          }
        ],
        "input_timing_propagated": [
          true
        ],
        "input_timing_traced": [
          true
        ],
        "inst_name": "virtual_clock",
        "inst_type": "type_CLKBUF",
        "internal_timing": -1,
        "json_ref": 28,
        "net_input_branch": [
          -1
        ],
        "net_input_output_timing_branch": [
          0,
          0,
          0,
          0
        ],
        "net_input_timing_branch": [
          0,
          0,
          0,
          0
        ],
        "net_output_timing_branch": [
          0,
          0,
          0,
          0
        ],
        "out_len": 1,
        "output_timing_propagated": [
          true
        ],
        "output_timing_traced": [
          true
        ],
        "placed_at_RBBM": false,
        "placed_b": -1,
        "placed_tile_x": -1,
        "placed_tile_y": -1,
        "placed_x": -1,
        "placed_y": -1,
        "prefer_place_at_RBBM": -1
      }
    ],
    "prepack_net": [
      {
        "Anet": 0.0,
        "Anet_best_timing": 0.0,
        "Anet_saved": 0.0,
        "clock_domain": -1,
        "clock_synchronizer_net": false,
        "dont_route": true,
        "fixed_route": false,
        "ignore_timing": true,
        "inst_input": [
          {
            "Anet": 0.0,
            "Anet_best_timing": 0.0,
            "Anet_saved": 0.0,
            "clk": -1,
            "inst": 7,
            "is_internal_timing": false,
            "json_ref": 32,
            "loop": -1,
            "path_num": 0,
            "port": 0,
            "timing": -1,
            "timing_min": -1
          }
        ],
        "inst_output": [
          {
            "Anet": 0.0,
            "Anet_best_timing": 0.0,
            "Anet_saved": 0.0,
            "clk": -1,
            "inst": 4,
            "is_internal_timing": false,
            "json_ref": 33,
            "loop": -1,
            "path_num": 0,
            "port": 0,
            "timing": -1,
            "timing_min": -1
          }
        ],
        "json_ref": 31,
        "net_name": "VCC_NET"
      },
      {
        "Anet": 0.0,
        "Anet_best_timing": 0.0,
        "Anet_saved": 0.0,
        "clock_domain": 6,
        "clock_synchronizer_net": false,
        "dont_route": false,
        "fixed_route": false,
        "ignore_timing": true,
        "inst_input": [
          {
            "Anet": 0.0,
            "Anet_best_timing": 0.0,
            "Anet_saved": 0.0,
            "clk": -1,
            "inst": 6,
            "is_internal_timing": false,
            "json_ref": 35,
            "loop": -1,
            "path_num": 0,
            "port": 0,
            "timing": -1,
            "timing_min": -1
          }
        ],
        "inst_output": [
          {
            "Anet": 0.0,
            "Anet_best_timing": 0.0,
            "Anet_saved": 0.0,
            "clk": -1,
            "inst": 5,
            "is_internal_timing": false,
            "json_ref": 36,
            "loop": -1,
            "path_num": 0,
            "port": 0,
            "timing": -1,
            "timing_min": -1
          }
        ],
        "json_ref": 34,
        "net_name": "sel"
      },
      {
        "Anet": 0.0,
        "Anet_best_timing": 0.0,
        "Anet_saved": 0.0,
        "clock_domain": -1,
        "clock_synchronizer_net": false,
        "dont_route": true,
        "fixed_route": false,
        "ignore_timing": false,
        "inst_input": [
          {
            "Anet": 0.0,
            "Anet_best_timing": 0.0,
            "Anet_saved": 0.0,
            "clk": -1,
            "inst": 5,
            "is_internal_timing": false,
            "json_ref": 38,
            "loop": -1,
            "path_num": 0,
            "port": 0,
            "timing": -1,
            "timing_min": -1
          }
        ],
        "inst_output": [
          {
            "Anet": 0.0,
            "Anet_best_timing": 0.0,
            "Anet_saved": 0.0,
            "clk": -1,
            "inst": 0,
            "is_internal_timing": false,
            "json_ref": 39,
            "loop": -1,
            "path_num": 0,
            "port": 0,
            "timing": -1,
            "timing_min": -1
          }
        ],
        "json_ref": 37,
        "net_name": "sel_ibuf"
      },
      {
        "Anet": 0.0,
        "Anet_best_timing": 0.0,
        "Anet_saved": 0.0,
        "clock_domain": 6,
        "clock_synchronizer_net": false,
        "dont_route": true,
        "fixed_route": false,
        "ignore_timing": false,
        "inst_input": [
          {
            "Anet": 0.0,
            "Anet_best_timing": 0.0,
            "Anet_saved": 0.0,
            "clk": -1,
            "inst": 1,
            "is_internal_timing": false,
            "json_ref": 41,
            "loop": -1,
            "path_num": 0,
            "port": 0,
            "timing": -1,
            "timing_min": -1
          }
        ],
        "inst_output": [
          {
            "Anet": 0.0,
            "Anet_best_timing": 0.0,
            "Anet_saved": 0.0,
            "clk": -1,
            "inst": 6,
            "is_internal_timing": false,
            "json_ref": 42,
            "loop": -1,
            "path_num": 0,
            "port": 0,
            "timing": -1,
            "timing_min": -1
          }
        ],
        "json_ref": 40,
        "net_name": "y_obuf"
      },
      {
        "Anet": 0.0,
        "Anet_best_timing": 0.0,
        "Anet_saved": 0.0,
        "clock_domain": 6,
        "clock_synchronizer_net": false,
        "dont_route": true,
        "fixed_route": false,
        "ignore_timing": false,
        "inst_input": [
          {
            "Anet": 0.0,
            "Anet_best_timing": 0.0,
            "Anet_saved": 0.0,
            "clk": -1,
            "inst": 2,
            "is_internal_timing": false,
            "json_ref": 44,
            "loop": -1,
            "path_num": 0,
            "port": 0,
            "timing": -1,
            "timing_min": -1
          }
        ],
        "inst_output": [
          {
            "Anet": 0.0,
            "Anet_best_timing": 0.0,
            "Anet_saved": 0.0,
            "clk": -1,
            "inst": 7,
            "is_internal_timing": false,
            "json_ref": 45,
            "loop": -1,
            "path_num": 0,
            "port": 0,
            "timing": -1,
            "timing_min": -1
          }
        ],
        "json_ref": 43,
        "net_name": "y_en_obuf"
      },
      {
        "Anet": 0.0,
        "Anet_best_timing": 0.0,
        "Anet_saved": 0.0,
        "clock_domain": -1,
        "clock_synchronizer_net": false,
        "dont_route": true,
        "fixed_route": false,
        "ignore_timing": true,
        "inst_input": [],
        "inst_output": [
          {
            "Anet": 0.0,
            "Anet_best_timing": 0.0,
            "Anet_saved": 0.0,
            "clk": -1,
            "inst": 8,
            "is_internal_timing": false,
            "json_ref": 47,
            "loop": -1,
            "path_num": 0,
            "port": 0,
            "timing": -1,
            "timing_min": -1
          }
        ],
        "json_ref": 46,
        "net_name": "GND_net"
      },
      {
        "Anet": 0.0,
        "Anet_best_timing": 0.0,
        "Anet_saved": 0.0,
        "clock_domain": -1,
        "clock_synchronizer_net": false,
        "dont_route": true,
        "fixed_route": false,
        "ignore_timing": false,
        "inst_input": [],
        "inst_output": [
          {
            "Anet": 0.0,
            "Anet_best_timing": 0.0,
            "Anet_saved": 0.0,
            "clk": -1,
            "inst": 9,
            "is_internal_timing": false,
            "json_ref": 49,
            "loop": -1,
            "path_num": 0,
            "port": 0,
            "timing": -1,
            "timing_min": -1
          }
        ],
        "json_ref": 48,
        "net_name": "virtual_clock"
      }
    ],
    "ram_inst_list": [],
    "ram_inverted_clk_net": [],
    "sdc_cache": "",
    "ta_process_corner": "TSMC 40nm ULP tt1p1v25c_Typical",
    "timing_trace": [
      []
    ],
    "total_bram": 0,
    "total_dsp": 0,
    "total_dual_ff": 0,
    "total_dual_lut": 0,
    "total_ext_ram_2p": 0,
    "total_ext_ram_dp": 0,
    "total_ext_ram_sp": 0,
    "total_ff": 0,
    "total_io": 2,
    "total_logic": 0,
    "total_logic_memory": 0,
    "total_lut": 0,
    "worst_timing": [
      -99999999
    ]
  }
}
