

####   Resource Utilization Report   ####

    Top level module name: mux

    Resource usage:
       2 I/O CLBs
            1  Input pins
            2 Output pins
       1 Clock
           Clock 0: net     6, virtual_clock, Fanout: 2 CLBs
           Total 1 unique clocks
    need 0 DSP and 1 Logic-Memory FPGA 1K Tiles.

 
####   Resource Utilization Complete   ####

TILE-REQ:		0		0		0		1

### Total FPGA resources from current floorplan: ###
                       184 IOBs
                       140 Logic 6-LUT CLBs
                              40 CLBs support RAM/SR

Usage of Logic CLBs is 0.0%.
    Logic-Memory CLB for RAM/Shift-Register is 0.0%.
Usage of LUTs is 0.0%.
    dual-LUTs is 0.0%.
Usage of FF is 0.0%.
    dual-FF is 0.0%.
Usage of IO CLB is 1.1%.
