net 2: (7 9)->(7 9) 0 0 0 0 #timing (761 761) ps polarity 1
net 2: (7 9)->(5 11) 1 3 0 0 #timing (894 878) ps polarity 0
net 2: (5 11)->(7 9) 1 3 0 1 #timing (1200 1142) ps  polarity 1
net 2: (7 9)->(6 8) 0 3 0 1 #timing (1283 1357) ps  polarity 0
net 2: (5 11)->(5 7) 3 4 0 0 #timing (1226 1210) ps polarity 0
net 2: (5 7)->(9 7) 4 5 0 0 #timing (1601 1533) ps polarity 0
net 2: (9 7)->(11 5) 1 3 0 1 #timing (1821 1833) ps  polarity 1
net 2: (11 5)->(10 4) 0 3 0 1 #timing (2018 2023) ps  polarity 0
net 3: (6 9)->(6 9) 0 0 0 0 #timing (797 797) ps polarity 1
net 3: (6 9)->(4 11) 1 3 0 0 #timing (956 928) ps polarity 0
net 3: (4 11)->(6 9) 1 3 0 1 #timing (1292 1213) ps  polarity 1
net 3: (6 9)->(7 8) 0 3 0 1 #timing (1368 1469) ps  polarity 0
net 3: (4 11)->(4 7) 3 4 0 0 #timing (1253 1272) ps polarity 0
net 3: (4 7)->(8 7) 4 5 0 0 #timing (1669 1615) ps polarity 0
net 3: (8 7)->(10 7) 1 2 0 1 #timing (1856 1868) ps  polarity 1
net 3: (10 7)->(11 6) 0 3 0 1 #timing (2018 1989) ps  polarity 0
net 4: (6 7)->(6 7) 0 0 0 0 #timing (652 652) ps polarity 1
net 4: (6 7)->(4 5) 1 3 0 0 #timing (839 800) ps polarity 0
net 4: (4 5)->(8 5) 4 5 0 1 #timing (1330 1205) ps  polarity 0
net 4: (8 5)->(10 5) 1 2 0 1 #timing (1566 1400) ps  polarity 1
net 4: (10 5)->(11 5) 0 2 0 1 #timing (1528 1689) ps  polarity 0
net 4: (6 7)->(6 6) 0 1 0 0 #timing (770 770) ps polarity 1
net 4: (6 6)->(6 6) 1 0 0 0 #timing (874 872) ps polarity 0
net 4: (6 6)->(6 4) 1 1 0 1 #timing (1130 1079) ps  polarity 1
net 4: (6 4)->(7 5) 0 3 0 1 #timing (1217 1276) ps  polarity 0
net 4: (6 6)->(6 10) 3 4 0 0 #timing (1207 1139) ps polarity 0
net 4: (6 10)->(6 8) 1 1 0 1 #timing (1475 1356) ps  polarity 1
net 4: (6 8)->(7 9) 0 3 0 1 #timing (1495 1617) ps  polarity 0
net 5: (7 6)->(7 6) 0 0 0 0 #timing (187 187) ps polarity 0
net 5: (7 6)->(7 4) 1 1 0 0 #timing (315 302) ps polarity 1
net 5: (7 4)->(7 4) 1 0 0 1 #timing (529 488) ps  polarity 0
net 5: (7 4)->(6 5) 0 3 0 1 #timing (598 636) ps  polarity 1
net 5: (7 6)->(6 7) 0 3 0 0 #timing (188 188) ps polarity 0
net 5: (6 7)->(6 5) 1 1 0 0 #timing (326 310) ps polarity 1
net 5: (6 5)->(10 5) 4 5 0 0 #timing (625 620) ps polarity 1
net 5: (10 5)->(10 5) 5 0 0 0 #timing (755 762) ps polarity 0
net 5: (10 5)->(26 5) 13 2 0 0 #timing (1385 1259) ps polarity 1
net 5: (26 5)->(26 5) 5 0 1 1 #timing (1632 1516) ps  polarity 1
net 5: (26 5)->(26 1) 3 1 0 1 #timing (1993 1805) ps  polarity 0
net 5: (26 1)->(24 1) 1 2 0 1 #timing (2110 1921) ps  polarity 1
net 5: (24 1)->(24 0) 0 1 0 1 #timing (2028 2220) ps  polarity 0
net 6: (11 5)->(11 5) 0 0 0 0 #timing (156 156) ps polarity 1
net 6: (11 5)->(9 7) 1 3 0 0 #timing (331 296) ps polarity 0
net 6: (9 7)->(9 3) 3 1 0 0 #timing (668 685) ps polarity 0
net 6: (9 3)->(5 3) 4 5 0 0 #timing (980 962) ps polarity 0
net 6: (5 3)->(7 1) 1 3 0 1 #timing (1280 1229) ps  polarity 1
net 6: (7 1)->(6 0) 0 3 0 1 #timing (1381 1434) ps  polarity 0
net 7: (10 5)->(10 5) 0 0 0 0 #timing (155 155) ps polarity 1
net 7: (10 5)->(8 7) 1 3 0 0 #timing (300 279) ps polarity 0
net 7: (8 7)->(8 7) 5 0 1 0 #timing (401 464) ps polarity 1
net 7: (8 7)->(8 23) 13 1 0 0 #timing (1075 896) ps polarity 0
net 7: (8 23)->(0 31) 5 3 0 1 #timing (1816 1616) ps  polarity 0
net 7: (0 31)->(4 31) 4 2 0 1 #timing (1936 2143) ps  polarity 1
net 7: (4 31)->(4 31) 1 0 1 1 #timing (2130 2312) ps  polarity 0
net 7: (4 31)->(4 31) 0 0 0 1 #timing (2409 2229) ps  polarity 1
net 8: (2 2)->(2 2) 0 0 0 0 #timing (163 163) ps polarity 1
net 8: (2 2)->(0 0) 1 3 0 0 #timing (382 327) ps polarity 0
net 8: (0 0)->(4 0) 4 2 0 0 #timing (631 694) ps polarity 0
net 8: (4 0)->(8 0) 4 5 0 1 #timing (1008 1030) ps  polarity 0
net 8: (8 0)->(8 0) 1 0 0 1 #timing (1209 1202) ps  polarity 1
net 8: (8 0)->(8 0) 0 0 0 1 #timing (1309 1315) ps  polarity 0
net 9: (11 5)->(11 4) 0 1 0 0 #timing (201 201) ps polarity 1
net 9: (11 4)->(9 6) 1 3 0 0 #timing (373 337) ps polarity 0
net 9: (9 6)->(9 2) 3 1 0 0 #timing (688 710) ps polarity 0
net 9: (9 2)->(5 2) 4 5 0 0 #timing (1005 992) ps polarity 0
net 9: (5 2)->(7 0) 1 3 0 1 #timing (1341 1264) ps  polarity 1
net 9: (7 0)->(7 0) 0 0 0 1 #timing (1413 1498) ps  polarity 0
net 10: (3 18)->(3 18) 0 0 0 0 #timing (661 661) ps polarity 1
net 10: (3 18)->(1 16) 1 3 0 0 #timing (828 796) ps polarity 0
net 10: (1 16)->(3 16) 1 2 0 1 #timing (1104 1040) ps  polarity 1
net 10: (3 16)->(3 17) 0 1 0 1 #timing (1160 1237) ps  polarity 0
net 10: (3 16)->(2 17) 0 3 0 1 #timing (1171 1244) ps  polarity 0
net 11: (2 18)->(3 19) 0 3 0 0 #timing (674 674) ps polarity 1
net 11: (3 19)->(1 19) 1 2 0 0 #timing (819 803) ps polarity 0
net 11: (1 19)->(3 17) 1 3 0 1 #timing (1130 1063) ps  polarity 1
net 11: (3 17)->(2 17) 0 2 0 1 #timing (1194 1283) ps  polarity 0
net 12: (3 16)->(3 16) 0 0 0 0 #timing (637 637) ps polarity 1
net 12: (3 16)->(1 18) 1 3 0 0 #timing (793 767) ps polarity 0
net 12: (1 18)->(3 18) 1 2 0 1 #timing (1077 1020) ps  polarity 1
net 12: (3 18)->(3 18) 0 0 0 1 #timing (1129 1206) ps  polarity 0
net 13: (2 16)->(2 16) 0 0 0 0 #timing (649 649) ps polarity 1
net 13: (2 16)->(0 18) 1 3 0 0 #timing (795 774) ps polarity 0
net 13: (0 18)->(2 16) 1 3 0 1 #timing (1115 1046) ps  polarity 1
net 13: (2 16)->(2 16) 0 0 0 1 #timing (1165 1264) ps  polarity 0
net 13: (2 16)->(2 17) 0 1 0 1 #timing (1186 1277) ps  polarity 0
net 14: (3 15)->(3 15) 0 0 0 0 #timing (686 686) ps polarity 1
net 14: (3 15)->(1 13) 1 3 0 0 #timing (870 833) ps polarity 0
net 14: (1 13)->(3 15) 1 3 0 1 #timing (1190 1103) ps  polarity 1
net 14: (3 15)->(3 15) 0 0 0 1 #timing (1226 1346) ps  polarity 0
net 14: (1 13)->(1 9) 3 1 0 0 #timing (1128 1153) ps polarity 0
net 14: (1 9)->(1 9) 5 0 1 0 #timing (1256 1295) ps polarity 1
net 14: (1 9)->(1 1) 5 1 0 1 #timing (1608 1653) ps  polarity 0
net 14: (1 1)->(3 3) 1 3 0 1 #timing (1951 1837) ps  polarity 1
net 14: (3 3)->(2 2) 0 3 0 1 #timing (1993 2121) ps  polarity 0
net 15: (2 15)->(2 15) 0 0 0 0 #timing (726 726) ps polarity 1
net 15: (2 15)->(0 13) 1 3 0 0 #timing (891 860) ps polarity 0
net 15: (0 13)->(2 15) 1 3 0 1 #timing (1218 1129) ps  polarity 1
net 15: (2 15)->(2 15) 0 0 0 1 #timing (1259 1385) ps  polarity 0
net 15: (0 13)->(0 9) 3 1 0 0 #timing (1166 1179) ps polarity 0
net 15: (0 9)->(0 9) 5 0 1 0 #timing (1297 1322) ps polarity 1
net 15: (0 9)->(0 1) 5 1 0 1 #timing (1621 1658) ps  polarity 0
net 15: (0 1)->(2 3) 1 3 0 1 #timing (1932 1837) ps  polarity 1
net 15: (2 3)->(2 2) 0 1 0 1 #timing (1969 2097) ps  polarity 0
net 16: (3 13)->(3 13) 0 0 0 0 #timing (762 762) ps polarity 1
net 16: (3 13)->(1 15) 1 3 0 0 #timing (916 886) ps polarity 0
net 16: (1 15)->(3 15) 1 2 0 1 #timing (1211 1150) ps  polarity 1
net 16: (3 15)->(3 14) 0 1 0 1 #timing (1266 1341) ps  polarity 0
net 16: (3 13)->(2 12) 0 3 0 0 #timing (723 723) ps polarity 1
net 16: (2 12)->(2 12) 1 0 0 0 #timing (814 816) ps polarity 0
net 16: (2 12)->(2 8) 3 1 0 0 #timing (1063 1022) ps polarity 0
net 16: (2 8)->(2 8) 5 0 0 0 #timing (1188 1161) ps polarity 1
net 16: (2 8)->(2 0) 5 1 0 1 #timing (1516 1500) ps  polarity 0
net 16: (2 0)->(2 0) 1 0 0 1 #timing (1707 1688) ps  polarity 1
net 16: (2 0)->(3 1) 0 3 0 1 #timing (1802 1816) ps  polarity 0
net 17: (2 13)->(2 12) 0 1 0 0 #timing (700 700) ps polarity 1
net 17: (2 12)->(2 14) 1 1 0 0 #timing (822 816) ps polarity 0
net 17: (2 14)->(2 10) 3 1 0 0 #timing (1085 1075) ps polarity 0
net 17: (2 10)->(2 10) 5 0 0 0 #timing (1215 1218) ps polarity 1
net 17: (2 10)->(2 2) 5 1 0 1 #timing (1565 1576) ps  polarity 0
net 17: (2 2)->(2 2) 1 0 1 1 #timing (1783 1736) ps  polarity 1
net 17: (2 2)->(2 2) 0 0 0 1 #timing (1840 1884) ps  polarity 0
net 17: (2 13)->(3 13) 0 2 0 0 #timing (688 688) ps polarity 1
net 17: (3 13)->(3 15) 1 1 0 0 #timing (796 784) ps polarity 0
net 17: (3 15)->(3 15) 1 0 1 1 #timing (1016 981) ps  polarity 1
net 17: (3 15)->(2 14) 0 3 0 1 #timing (1120 1138) ps  polarity 0
net 18: (3 24)->(3 24) 0 0 0 0 #timing (661 661) ps polarity 1
net 18: (3 24)->(1 26) 1 3 0 0 #timing (809 788) ps polarity 0
net 18: (1 26)->(1 22) 3 4 0 1 #timing (1257 1146) ps  polarity 0
net 18: (1 22)->(3 22) 1 2 0 1 #timing (1412 1286) ps  polarity 1
net 18: (3 22)->(3 23) 0 1 0 1 #timing (1406 1543) ps  polarity 0
net 18: (3 22)->(2 23) 0 3 0 1 #timing (1413 1547) ps  polarity 0
net 19: (2 24)->(3 25) 0 3 0 0 #timing (675 675) ps polarity 1
net 19: (3 25)->(3 25) 1 0 0 0 #timing (767 769) ps polarity 0
net 19: (3 25)->(3 21) 3 4 0 0 #timing (1042 991) ps polarity 0
net 19: (3 21)->(3 23) 1 1 0 1 #timing (1308 1207) ps  polarity 1
net 19: (3 23)->(2 23) 0 2 0 1 #timing (1345 1463) ps  polarity 0
net 20: (3 22)->(3 22) 0 0 0 0 #timing (637 637) ps polarity 1
net 20: (3 22)->(1 20) 1 3 0 0 #timing (823 782) ps polarity 0
net 20: (1 20)->(1 24) 3 4 0 1 #timing (1264 1138) ps  polarity 0
net 20: (1 24)->(3 24) 1 2 0 1 #timing (1425 1280) ps  polarity 1
net 20: (3 24)->(3 24) 0 0 0 1 #timing (1390 1554) ps  polarity 0
net 21: (2 22)->(2 22) 0 0 0 0 #timing (649 649) ps polarity 1
net 21: (2 22)->(0 20) 1 3 0 0 #timing (816 785) ps polarity 0
net 21: (0 20)->(2 22) 1 3 0 1 #timing (1131 1051) ps  polarity 1
net 21: (2 22)->(2 22) 0 0 0 1 #timing (1171 1281) ps  polarity 0
net 21: (2 22)->(2 23) 0 1 0 1 #timing (1189 1294) ps  polarity 0
net 22: (3 21)->(3 20) 0 1 0 0 #timing (700 700) ps polarity 1
net 22: (3 20)->(3 22) 1 1 0 0 #timing (816 804) ps polarity 0
net 22: (3 22)->(3 18) 3 1 0 0 #timing (1079 1072) ps polarity 0
net 22: (3 18)->(3 18) 5 0 0 0 #timing (1215 1217) ps polarity 1
net 22: (3 18)->(3 3) 13 1 1 0 #timing (1808 1698) ps polarity 0
net 22: (3 3)->(3 3) 5 0 1 1 #timing (2019 1921) ps  polarity 0
net 22: (3 3)->(3 3) 1 0 0 1 #timing (2159 2060) ps  polarity 0
net 22: (3 3)->(3 2) 0 1 0 1 #timing (2172 2266) ps  polarity 1
net 22: (3 21)->(2 20) 0 3 0 0 #timing (702 702) ps polarity 1
net 22: (2 20)->(2 20) 1 0 0 0 #timing (793 792) ps polarity 0
net 22: (2 20)->(2 20) 1 0 1 1 #timing (996 963) ps  polarity 1
net 22: (2 20)->(3 21) 0 3 0 1 #timing (1082 1106) ps  polarity 0
net 23: (2 21)->(2 21) 0 0 0 0 #timing (726 726) ps polarity 1
net 23: (2 21)->(2 21) 1 0 0 0 #timing (798 803) ps polarity 0
net 23: (2 21)->(2 17) 3 1 0 0 #timing (1044 1003) ps polarity 0
net 23: (2 17)->(2 17) 5 0 1 0 #timing (1181 1151) ps polarity 1
net 23: (2 17)->(2 0) 13 1 1 0 #timing (1775 1691) ps polarity 0
net 23: (2 0)->(2 0) 5 0 1 1 #timing (2005 1933) ps  polarity 0
net 23: (2 0)->(2 2) 1 1 0 1 #timing (2193 2104) ps  polarity 0
net 23: (2 2)->(3 2) 0 2 0 1 #timing (2238 2335) ps  polarity 1
net 23: (2 21)->(3 20) 0 3 0 0 #timing (743 743) ps polarity 1
net 23: (3 20)->(3 20) 1 0 0 0 #timing (830 831) ps polarity 0
net 23: (3 20)->(3 20) 1 0 0 1 #timing (1034 1002) ps  polarity 1
net 23: (3 20)->(2 21) 0 3 0 1 #timing (1144 1156) ps  polarity 0
net 24: (3 19)->(3 19) 0 0 0 0 #timing (762 762) ps polarity 1
net 24: (3 19)->(1 17) 1 3 0 0 #timing (934 895) ps polarity 0
net 24: (1 17)->(1 21) 3 1 0 1 #timing (1354 1241) ps  polarity 0
net 24: (1 21)->(3 21) 1 2 0 1 #timing (1510 1384) ps  polarity 1
net 24: (3 21)->(3 20) 0 1 0 1 #timing (1495 1632) ps  polarity 0
net 24: (3 19)->(3 18) 0 1 0 0 #timing (720 720) ps polarity 1
net 24: (3 18)->(3 16) 1 1 0 0 #timing (857 847) ps polarity 0
net 24: (3 16)->(3 16) 5 0 0 0 #timing (956 997) ps polarity 1
net 24: (3 16)->(3 1) 13 1 1 0 #timing (1625 1463) ps polarity 0
net 24: (3 1)->(3 1) 5 0 0 1 #timing (1829 1680) ps  polarity 0
net 24: (3 1)->(3 1) 1 0 0 1 #timing (1969 1818) ps  polarity 0
net 24: (3 1)->(3 1) 0 0 0 1 #timing (1929 2077) ps  polarity 1
net 25: (2 19)->(3 19) 0 2 0 0 #timing (688 688) ps polarity 1
net 25: (3 19)->(3 17) 1 1 0 0 #timing (818 796) ps polarity 0
net 25: (3 17)->(3 21) 3 1 0 0 #timing (1076 1068) ps polarity 0
net 25: (3 21)->(3 21) 1 0 1 1 #timing (1285 1242) ps  polarity 1
net 25: (3 21)->(2 20) 0 3 0 1 #timing (1381 1406) ps  polarity 0
net 25: (2 19)->(3 18) 0 3 0 0 #timing (706 706) ps polarity 1
net 25: (3 18)->(1 18) 1 2 0 0 #timing (848 832) ps polarity 0
net 25: (1 18)->(1 18) 5 0 0 0 #timing (953 1010) ps polarity 1
net 25: (1 18)->(1 2) 13 1 0 0 #timing (1669 1485) ps polarity 0
net 25: (1 2)->(1 2) 5 0 0 1 #timing (1890 1716) ps  polarity 0
net 25: (1 2)->(3 2) 1 2 0 1 #timing (2093 1895) ps  polarity 0
net 25: (3 2)->(3 2) 0 0 0 1 #timing (2005 2224) ps  polarity 1
net 26: (3 6)->(3 6) 0 0 0 0 #timing (661 661) ps polarity 1
net 26: (3 6)->(1 4) 1 3 0 0 #timing (844 805) ps polarity 0
net 26: (1 4)->(3 4) 1 2 0 1 #timing (1117 1048) ps  polarity 1
net 26: (3 4)->(3 5) 0 1 0 1 #timing (1171 1251) ps  polarity 0
net 26: (1 4)->(1 0) 3 1 0 0 #timing (1103 1134) ps polarity 0
net 26: (1 0)->(1 0) 5 0 1 0 #timing (1236 1279) ps polarity 1
net 26: (1 0)->(1 17) 13 1 1 0 #timing (1912 1745) ps polarity 0
net 26: (1 17)->(9 25) 5 3 0 1 #timing (2678 2488) ps  polarity 0
net 26: (9 25)->(9 27) 1 1 0 1 #timing (2890 2678) ps  polarity 0
net 26: (9 27)->(8 27) 0 2 0 1 #timing (2834 3044) ps  polarity 1
net 27: (2 6)->(2 6) 0 0 0 0 #timing (704 704) ps polarity 1
net 27: (2 6)->(0 4) 1 3 0 0 #timing (862 833) ps polarity 0
net 27: (0 4)->(2 4) 1 2 0 1 #timing (1144 1081) ps  polarity 1
net 27: (2 4)->(2 5) 0 1 0 1 #timing (1207 1288) ps  polarity 0
net 27: (0 4)->(0 0) 3 1 0 0 #timing (1157 1159) ps polarity 0
net 27: (0 0)->(0 0) 5 0 1 0 #timing (1295 1308) ps polarity 1
net 27: (0 0)->(0 17) 13 1 1 0 #timing (1973 1828) ps polarity 0
net 27: (0 17)->(8 25) 5 3 0 1 #timing (2803 2627) ps  polarity 0
net 27: (8 25)->(8 27) 1 1 0 1 #timing (3022 2823) ps  polarity 0
net 27: (8 27)->(8 27) 0 0 0 1 #timing (2995 3184) ps  polarity 1
net 28: (3 4)->(3 4) 0 0 0 0 #timing (637 637) ps polarity 1
net 28: (3 4)->(1 6) 1 3 0 0 #timing (801 772) ps polarity 0
net 28: (1 6)->(3 4) 1 3 0 1 #timing (1126 1050) ps  polarity 1
net 28: (3 4)->(3 4) 0 0 0 1 #timing (1172 1279) ps  polarity 0
net 28: (1 6)->(1 2) 3 1 0 0 #timing (1119 1124) ps polarity 0
net 28: (1 2)->(1 2) 5 0 1 0 #timing (1247 1266) ps polarity 1
net 28: (1 2)->(1 18) 13 1 0 0 #timing (1869 1734) ps polarity 0
net 28: (1 18)->(9 26) 5 3 0 1 #timing (2659 2488) ps  polarity 0
net 28: (9 26)->(9 26) 1 0 1 1 #timing (2827 2644) ps  polarity 0
net 28: (9 26)->(8 27) 0 3 0 1 #timing (2728 2916) ps  polarity 1
net 29: (2 4)->(2 4) 0 0 0 0 #timing (649 649) ps polarity 1
net 29: (2 4)->(0 6) 1 3 0 0 #timing (801 777) ps polarity 0
net 29: (0 6)->(2 4) 1 3 0 1 #timing (1121 1052) ps  polarity 1
net 29: (2 4)->(2 4) 0 0 0 1 #timing (1172 1272) ps  polarity 0
net 29: (0 6)->(0 2) 3 1 0 0 #timing (1117 1113) ps polarity 0
net 29: (0 2)->(0 2) 5 0 1 0 #timing (1248 1257) ps polarity 1
net 29: (0 2)->(0 18) 13 1 0 0 #timing (1862 1740) ps polarity 0
net 29: (0 18)->(8 26) 5 3 0 1 #timing (2641 2498) ps  polarity 0
net 29: (8 26)->(8 26) 1 0 1 1 #timing (2821 2666) ps  polarity 0
net 29: (8 26)->(8 27) 0 1 0 1 #timing (2778 2928) ps  polarity 1
net 30: (3 3)->(3 3) 0 0 0 0 #timing (686 686) ps polarity 1
net 30: (3 3)->(3 3) 1 0 0 0 #timing (758 764) ps polarity 0
net 30: (3 3)->(3 3) 1 0 1 1 #timing (961 934) ps  polarity 1
net 30: (3 3)->(3 3) 0 0 0 1 #timing (1036 1063) ps  polarity 0
net 30: (3 3)->(3 3) 5 0 0 0 #timing (866 876) ps polarity 1
net 30: (3 3)->(3 19) 13 1 0 0 #timing (1529 1389) ps polarity 0
net 30: (3 19)->(11 27) 5 3 0 1 #timing (2226 2065) ps  polarity 0
net 30: (11 27)->(9 27) 1 2 0 1 #timing (2441 2257) ps  polarity 0
net 30: (9 27)->(9 27) 0 0 0 1 #timing (2384 2602) ps  polarity 1
net 31: (2 3)->(3 2) 0 3 0 0 #timing (743 743) ps polarity 1
net 31: (3 2)->(3 2) 1 0 0 0 #timing (830 830) ps polarity 0
net 31: (3 2)->(3 2) 1 0 1 1 #timing (1032 999) ps  polarity 1
net 31: (3 2)->(2 3) 0 3 0 1 #timing (1142 1155) ps  polarity 0
net 31: (3 2)->(3 2) 5 0 0 0 #timing (932 948) ps polarity 1
net 31: (3 2)->(3 18) 13 1 0 0 #timing (1501 1385) ps polarity 0
net 31: (3 18)->(11 26) 5 3 0 1 #timing (2191 2049) ps  polarity 0
net 31: (11 26)->(9 26) 1 2 0 1 #timing (2410 2244) ps  polarity 0
net 31: (9 26)->(9 27) 0 1 0 1 #timing (2415 2590) ps  polarity 1
net 32: (3 1)->(2 1) 0 2 0 0 #timing (712 712) ps polarity 1
net 32: (2 1)->(2 3) 1 1 0 0 #timing (828 819) ps polarity 0
net 32: (2 3)->(2 3) 1 0 0 1 #timing (1050 1017) ps  polarity 1
net 32: (2 3)->(3 2) 0 3 0 1 #timing (1173 1181) ps  polarity 0
net 32: (2 3)->(2 3) 5 0 0 0 #timing (931 973) ps polarity 1
net 32: (2 3)->(2 18) 13 1 1 0 #timing (1606 1441) ps polarity 0
net 32: (2 18)->(10 26) 5 3 0 1 #timing (2259 2076) ps  polarity 0
net 32: (10 26)->(8 26) 1 2 0 1 #timing (2497 2282) ps  polarity 0
net 32: (8 26)->(9 27) 0 3 0 1 #timing (2402 2618) ps  polarity 1
net 33: (2 1)->(2 1) 0 0 0 0 #timing (680 680) ps polarity 1
net 33: (2 1)->(0 3) 1 3 0 0 #timing (825 804) ps polarity 0
net 33: (0 3)->(0 3) 5 0 0 0 #timing (928 997) ps polarity 1
net 33: (0 3)->(0 19) 13 1 0 0 #timing (1640 1450) ps polarity 0
net 33: (0 19)->(8 27) 5 3 0 1 #timing (2413 2215) ps  polarity 0
net 33: (8 27)->(8 27) 1 0 1 1 #timing (2593 2383) ps  polarity 0
net 33: (8 27)->(9 27) 0 2 0 1 #timing (2498 2702) ps  polarity 1
net 33: (2 1)->(3 0) 0 3 0 0 #timing (706 706) ps polarity 1
net 33: (3 0)->(3 0) 1 0 0 0 #timing (793 795) ps polarity 0
net 33: (3 0)->(3 2) 1 1 0 1 #timing (1037 994) ps  polarity 1
net 33: (3 2)->(2 2) 0 2 0 1 #timing (1125 1174) ps  polarity 0
net 34: (3 12)->(3 12) 0 0 0 0 #timing (661 661) ps polarity 1
net 34: (3 12)->(1 14) 1 3 0 0 #timing (811 787) ps polarity 0
net 34: (1 14)->(1 10) 3 1 0 1 #timing (1264 1149) ps  polarity 0
net 34: (1 10)->(3 10) 1 2 0 1 #timing (1418 1289) ps  polarity 1
net 34: (3 10)->(3 11) 0 1 0 1 #timing (1412 1551) ps  polarity 0
net 34: (1 14)->(1 18) 3 4 0 0 #timing (1097 1110) ps polarity 0
net 34: (1 18)->(1 18) 5 0 1 0 #timing (1224 1253) ps polarity 1
net 34: (1 18)->(1 3) 13 1 1 0 #timing (1857 1715) ps polarity 0
net 34: (1 3)->(1 3) 5 0 0 1 #timing (2077 1948) ps  polarity 0
net 34: (1 3)->(5 3) 4 2 0 1 #timing (2442 2254) ps  polarity 1
net 34: (5 3)->(5 7) 3 1 0 1 #timing (2712 2478) ps  polarity 1
net 34: (5 7)->(7 5) 1 3 0 1 #timing (2898 2637) ps  polarity 0
net 34: (7 5)->(6 4) 0 3 0 1 #timing (2796 3060) ps  polarity 1
net 35: (2 12)->(2 13) 0 1 0 0 #timing (680 680) ps polarity 1
net 35: (2 13)->(0 13) 1 2 0 0 #timing (819 800) ps polarity 0
net 35: (0 13)->(0 13) 5 0 0 0 #timing (919 977) ps polarity 1
net 35: (0 13)->(0 5) 5 1 0 1 #timing (1257 1322) ps  polarity 0
net 35: (0 5)->(4 5) 4 2 0 1 #timing (1517 1553) ps  polarity 0
net 35: (4 5)->(6 5) 1 2 0 1 #timing (1760 1756) ps  polarity 1
net 35: (6 5)->(6 4) 0 1 0 1 #timing (1878 1897) ps  polarity 0
net 35: (2 12)->(3 12) 0 2 0 0 #timing (704 704) ps polarity 1
net 35: (3 12)->(3 14) 1 1 0 0 #timing (812 806) ps polarity 0
net 35: (3 14)->(3 10) 3 1 0 0 #timing (1096 1078) ps polarity 0
net 35: (3 10)->(3 10) 1 0 1 1 #timing (1315 1259) ps  polarity 1
net 35: (3 10)->(2 11) 0 3 0 1 #timing (1422 1448) ps  polarity 0
net 36: (3 10)->(3 10) 0 0 0 0 #timing (637 637) ps polarity 1
net 36: (3 10)->(1 8) 1 3 0 0 #timing (792 766) ps polarity 0
net 36: (1 8)->(3 10) 1 3 0 1 #timing (1109 1033) ps  polarity 1
net 36: (3 10)->(3 10) 0 0 0 1 #timing (1155 1264) ps  polarity 0
net 36: (1 8)->(1 4) 3 4 0 0 #timing (1053 1076) ps polarity 0
net 36: (1 4)->(5 4) 4 2 0 0 #timing (1375 1369) ps polarity 0
net 36: (5 4)->(7 4) 1 2 0 1 #timing (1640 1594) ps  polarity 1
net 36: (7 4)->(6 4) 0 2 0 1 #timing (1728 1771) ps  polarity 0
net 37: (2 10)->(2 10) 0 0 0 0 #timing (649 649) ps polarity 1
net 37: (2 10)->(0 8) 1 3 0 0 #timing (814 784) ps polarity 0
net 37: (0 8)->(2 10) 1 3 0 1 #timing (1149 1061) ps  polarity 1
net 37: (2 10)->(2 10) 0 0 0 1 #timing (1190 1314) ps  polarity 0
net 37: (0 8)->(0 4) 3 4 0 0 #timing (1104 1119) ps polarity 0
net 37: (0 4)->(4 4) 4 2 0 0 #timing (1375 1384) ps polarity 0
net 37: (4 4)->(6 4) 1 2 0 1 #timing (1639 1588) ps  polarity 1
net 37: (6 4)->(6 4) 0 0 0 1 #timing (1731 1795) ps  polarity 0
net 38: (3 9)->(3 9) 0 0 0 0 #timing (686 686) ps polarity 1
net 38: (3 9)->(3 9) 1 0 0 0 #timing (759 765) ps polarity 0
net 38: (3 9)->(3 5) 3 4 0 0 #timing (1094 1016) ps polarity 0
net 38: (3 5)->(7 5) 4 2 0 0 #timing (1378 1294) ps polarity 0
net 38: (7 5)->(7 5) 1 0 0 1 #timing (1498 1554) ps  polarity 1
net 38: (7 5)->(7 5) 0 0 0 1 #timing (1661 1603) ps  polarity 0
net 38: (3 9)->(1 11) 1 3 0 0 #timing (838 815) ps polarity 0
net 38: (1 11)->(3 9) 1 3 0 1 #timing (1162 1096) ps  polarity 1
net 38: (3 9)->(3 9) 0 0 0 1 #timing (1214 1310) ps  polarity 0
net 39: (2 9)->(2 9) 0 0 0 0 #timing (726 726) ps polarity 1
net 39: (2 9)->(0 11) 1 3 0 0 #timing (868 848) ps polarity 0
net 39: (0 11)->(2 9) 1 3 0 1 #timing (1180 1116) ps  polarity 1
net 39: (2 9)->(2 9) 0 0 0 1 #timing (1235 1328) ps  polarity 0
net 39: (0 11)->(0 7) 3 4 0 0 #timing (1166 1172) ps polarity 0
net 39: (0 7)->(4 7) 4 2 0 0 #timing (1436 1437) ps polarity 0
net 39: (4 7)->(6 5) 1 3 0 1 #timing (1732 1673) ps  polarity 1
net 39: (6 5)->(7 5) 0 2 0 1 #timing (1796 1889) ps  polarity 0
net 40: (3 7)->(3 7) 0 0 0 0 #timing (762 762) ps polarity 1
net 40: (3 7)->(1 5) 1 3 0 0 #timing (927 891) ps polarity 0
net 40: (1 5)->(1 9) 3 4 0 1 #timing (1343 1231) ps  polarity 0
net 40: (1 9)->(3 9) 1 2 0 1 #timing (1509 1378) ps  polarity 1
net 40: (3 9)->(3 8) 0 1 0 1 #timing (1491 1634) ps  polarity 0
net 40: (1 5)->(5 5) 4 2 0 0 #timing (1220 1260) ps polarity 0
net 40: (5 5)->(7 5) 1 2 0 1 #timing (1525 1434) ps  polarity 1
net 40: (7 5)->(7 4) 0 1 0 1 #timing (1561 1656) ps  polarity 0
net 41: (2 7)->(2 7) 0 0 0 0 #timing (680 680) ps polarity 1
net 41: (2 7)->(2 5) 1 1 0 0 #timing (796 787) ps polarity 0
net 41: (2 5)->(2 9) 3 4 0 0 #timing (1115 1081) ps polarity 0
net 41: (2 9)->(2 9) 1 0 1 1 #timing (1327 1259) ps  polarity 1
net 41: (2 9)->(2 8) 0 1 0 1 #timing (1389 1444) ps  polarity 0
net 41: (2 5)->(6 5) 4 2 0 0 #timing (1062 1071) ps polarity 0
net 41: (6 5)->(6 5) 1 0 0 1 #timing (1283 1243) ps  polarity 1
net 41: (6 5)->(7 4) 0 3 0 1 #timing (1372 1400) ps  polarity 0
net 43: (3 2)->(2 3) 0 3 0 0 #timing (204 204) ps polarity 1
net 43: (2 3)->(2 3) 1 0 0 0 #timing (288 289) ps polarity 0
net 43: (2 3)->(2 3) 5 0 1 0 #timing (394 409) ps polarity 1
net 43: (2 3)->(2 19) 13 1 0 0 #timing (1013 886) ps polarity 0
net 43: (2 19)->(2 19) 5 0 0 1 #timing (1247 1131) ps  polarity 0
net 43: (2 19)->(2 23) 3 1 0 1 #timing (1605 1418) ps  polarity 1
net 43: (2 23)->(2 23) 1 0 0 1 #timing (1702 1521) ps  polarity 0
net 43: (2 23)->(2 23) 0 0 0 1 #timing (1650 1820) ps  polarity 1
net 44: (9 27)->(9 27) 0 0 0 0 #timing (147 147) ps polarity 0
net 44: (9 27)->(9 25) 1 1 0 0 #timing (268 257) ps polarity 1
net 44: (9 25)->(9 25) 1 0 1 1 #timing (487 450) ps  polarity 0
net 44: (9 25)->(9 25) 0 0 0 1 #timing (547 586) ps  polarity 1
net 45: (9 26)->(9 26) 0 0 0 0 #timing (210 210) ps polarity 1
net 45: (9 26)->(9 26) 1 0 0 0 #timing (294 296) ps polarity 0
net 45: (9 26)->(9 24) 1 1 0 1 #timing (548 502) ps  polarity 1
net 45: (9 24)->(8 25) 0 3 0 1 #timing (595 662) ps  polarity 0
net 46: (7 5)->(7 5) 0 0 0 0 #timing (216 216) ps polarity 1
net 46: (7 5)->(5 7) 1 3 0 0 #timing (366 344) ps polarity 0
net 46: (5 7)->(7 7) 1 2 0 1 #timing (632 580) ps  polarity 1
net 46: (7 7)->(7 6) 0 1 0 1 #timing (716 764) ps  polarity 0
net 47: (7 4)->(7 4) 0 0 0 0 #timing (199 199) ps polarity 0
net 47: (7 4)->(5 6) 1 3 0 0 #timing (343 326) ps polarity 1
net 47: (5 6)->(7 6) 1 2 0 1 #timing (608 567) ps  polarity 0
net 47: (7 6)->(6 6) 0 2 0 1 #timing (706 746) ps  polarity 1
net 48: (6 6)->(7 6) 0 2 0 0 #timing (221 221) ps polarity 0
net 48: (7 6)->(7 6) 1 0 0 0 #timing (305 307) ps polarity 1
net 48: (7 6)->(7 6) 1 0 1 1 #timing (512 479) ps  polarity 0
net 48: (7 6)->(6 7) 0 3 0 1 #timing (640 646) ps  polarity 1
net 49: (8 27)->(8 26) 0 1 0 0 #timing (217 217) ps polarity 0
net 49: (8 26)->(10 26) 1 2 0 0 #timing (351 336) ps polarity 1
net 49: (10 26)->(10 26) 5 0 0 0 #timing (449 495) ps polarity 0
net 49: (10 26)->(10 10) 13 1 0 0 #timing (1115 955) ps polarity 1
net 49: (10 10)->(2 2) 5 3 0 1 #timing (1808 1631) ps  polarity 1
net 49: (2 2)->(2 2) 1 0 0 1 #timing (1981 1793) ps  polarity 1
net 49: (2 2)->(3 3) 0 3 0 1 #timing (1908 2090) ps  polarity 0
net 49: (10 26)->(10 11) 13 1 1 0 #timing (1140 973) ps polarity 1
net 49: (10 11)->(10 11) 5 0 0 1 #timing (1356 1201) ps  polarity 1
net 49: (10 11)->(6 11) 4 5 0 1 #timing (1724 1511) ps  polarity 0
net 49: (6 11)->(6 7) 3 4 0 1 #timing (2096 1800) ps  polarity 0
net 49: (6 7)->(6 5) 1 1 0 1 #timing (2246 1940) ps  polarity 1
net 49: (6 5)->(6 5) 0 0 0 1 #timing (2117 2419) ps  polarity 0
net 50: (6 4)->(6 4) 0 0 0 0 #timing (206 206) ps polarity 0
net 50: (6 4)->(6 4) 1 0 0 0 #timing (288 292) ps polarity 1
net 50: (6 4)->(6 4) 1 0 1 1 #timing (493 463) ps  polarity 0
net 50: (6 4)->(6 5) 0 1 0 1 #timing (591 609) ps  polarity 1
net 50: (6 4)->(6 5) 0 1 0 0 #timing (218 218) ps polarity 0
net 50: (6 5)->(6 5) 1 0 0 0 #timing (309 310) ps polarity 1
net 50: (6 5)->(6 1) 3 1 0 0 #timing (598 545) ps polarity 1
net 50: (6 1)->(2 1) 4 2 0 0 #timing (925 832) ps polarity 1
net 50: (2 1)->(2 3) 1 1 0 1 #timing (1089 1140) ps  polarity 0
net 50: (2 3)->(3 3) 0 2 0 1 #timing (1246 1212) ps  polarity 1
net 51: (2 17)->(2 17) 0 0 0 0 #timing (155 155) ps polarity 1
net 51: (2 17)->(2 17) 1 0 0 0 #timing (230 233) ps polarity 0
net 51: (2 17)->(2 17) 5 0 0 0 #timing (335 348) ps polarity 1
net 51: (2 17)->(2 1) 13 1 0 0 #timing (1003 865) ps polarity 0
net 51: (2 1)->(2 1) 5 0 1 1 #timing (1229 1102) ps  polarity 0
net 51: (2 1)->(2 1) 1 0 0 1 #timing (1371 1241) ps  polarity 0
net 51: (2 1)->(3 1) 0 2 0 1 #timing (1338 1470) ps  polarity 1
net 51: (2 17)->(3 16) 0 3 0 0 #timing (174 174) ps polarity 1
net 51: (3 16)->(3 16) 1 0 0 0 #timing (259 259) ps polarity 0
net 51: (3 16)->(3 12) 3 4 0 0 #timing (515 477) ps polarity 0
net 51: (3 12)->(3 12) 5 0 0 0 #timing (642 617) ps polarity 1
net 51: (3 12)->(3 4) 5 1 0 1 #timing (969 956) ps  polarity 0
net 51: (3 4)->(7 4) 4 2 0 1 #timing (1216 1189) ps  polarity 0
net 51: (7 4)->(7 6) 1 1 0 1 #timing (1447 1385) ps  polarity 1
net 51: (7 6)->(7 6) 0 0 0 1 #timing (1469 1553) ps  polarity 0
net 52: (2 23)->(3 23) 0 2 0 0 #timing (174 174) ps polarity 1
net 52: (3 23)->(3 23) 1 0 0 0 #timing (263 264) ps polarity 0
net 52: (3 23)->(3 19) 3 1 0 0 #timing (521 479) ps polarity 0
net 52: (3 19)->(3 19) 5 0 0 0 #timing (645 616) ps polarity 1
net 52: (3 19)->(3 2) 13 1 1 0 #timing (1297 1190) ps polarity 0
net 52: (3 2)->(3 2) 5 0 0 1 #timing (1526 1432) ps  polarity 0
net 52: (3 2)->(3 2) 1 0 0 1 #timing (1667 1572) ps  polarity 0
net 52: (3 2)->(3 3) 0 1 0 1 #timing (1718 1792) ps  polarity 1
net 52: (3 23)->(3 23) 5 0 0 0 #timing (365 380) ps polarity 1
net 52: (3 23)->(3 7) 13 1 0 0 #timing (964 842) ps polarity 0
net 52: (3 7)->(3 7) 5 0 0 1 #timing (1188 1079) ps  polarity 0
net 52: (3 7)->(7 7) 4 2 0 1 #timing (1478 1349) ps  polarity 1
net 52: (7 7)->(7 5) 1 1 0 1 #timing (1712 1546) ps  polarity 0
net 52: (7 5)->(6 5) 0 2 0 1 #timing (1705 1866) ps  polarity 1
net 67: (6 8)->(6 8) 0 0 0 0 #timing (178 178) ps polarity 1
net 67: (6 8)->(6 8) 1 0 0 0 #timing (261 262) ps polarity 0
net 67: (6 8)->(6 4) 3 4 0 0 #timing (541 494) ps polarity 0
net 67: (6 4)->(10 4) 4 5 0 0 #timing (902 812) ps polarity 0
net 67: (10 4)->(10 4) 1 0 1 1 #timing (1010 1074) ps  polarity 1
net 67: (10 4)->(10 5) 0 1 0 1 #timing (1171 1107) ps  polarity 0
net 70: (3 2)->(3 2) 0 0 0 0 #timing (162 162) ps polarity 1
net 70: (3 2)->(3 0) 1 1 0 0 #timing (286 273) ps polarity 0
net 70: (3 0)->(3 0) 1 0 1 1 #timing (498 460) ps  polarity 1
net 70: (3 0)->(2 1) 0 3 0 1 #timing (600 620) ps  polarity 0
net 70: (3 2)->(2 2) 0 2 0 0 #timing (174 174) ps polarity 1
net 70: (2 2)->(2 2) 1 0 0 0 #timing (257 258) ps polarity 0
net 70: (2 2)->(2 6) 3 1 0 0 #timing (562 501) ps polarity 0
net 70: (2 6)->(6 6) 4 2 0 0 #timing (849 772) ps polarity 0
net 70: (6 6)->(6 6) 1 0 1 1 #timing (980 1027) ps  polarity 1
net 70: (6 6)->(6 7) 0 1 0 1 #timing (1216 1124) ps  polarity 0
net 71: (7 8)->(7 8) 0 0 0 0 #timing (210 210) ps polarity 1
net 71: (7 8)->(7 8) 1 0 0 0 #timing (294 296) ps polarity 0
net 71: (7 8)->(7 4) 3 4 0 0 #timing (578 531) ps polarity 0
net 71: (7 4)->(7 4) 1 0 1 1 #timing (801 715) ps  polarity 1
net 71: (7 4)->(7 5) 0 1 0 1 #timing (812 898) ps  polarity 0
net 71: (7 4)->(11 4) 4 5 0 0 #timing (1013 884) ps polarity 0
net 71: (11 4)->(11 4) 1 0 1 1 #timing (1091 1192) ps  polarity 1
net 71: (11 4)->(11 4) 0 0 0 1 #timing (1340 1218) ps  polarity 0
net 71: (11 4)->(11 5) 0 1 0 1 #timing (1357 1226) ps  polarity 0
net 71: (7 8)->(6 9) 0 3 0 0 #timing (236 236) ps polarity 1
net 71: (6 9)->(6 11) 1 1 0 0 #timing (360 350) ps polarity 0
net 71: (6 11)->(6 11) 5 0 0 0 #timing (460 502) ps polarity 1
net 71: (6 11)->(6 3) 5 1 0 1 #timing (830 871) ps  polarity 0
net 71: (6 3)->(2 3) 4 2 0 1 #timing (1127 1128) ps  polarity 0
net 71: (2 3)->(2 3) 1 0 1 1 #timing (1321 1297) ps  polarity 1
net 71: (2 3)->(2 3) 0 0 0 1 #timing (1411 1431) ps  polarity 0
net 72: (10 5)->(11 5) 0 2 0 0 #timing (176 176) ps polarity 1
net 72: (11 5)->(11 5) 1 0 0 0 #timing (264 265) ps polarity 0
net 72: (11 5)->(11 5) 5 0 0 0 #timing (367 382) ps polarity 1
net 72: (11 5)->(3 5) 5 2 0 1 #timing (738 751) ps  polarity 0
net 72: (3 5)->(3 1) 3 1 0 1 #timing (1223 1089) ps  polarity 0
net 72: (3 1)->(3 3) 1 1 0 1 #timing (1367 1226) ps  polarity 1
net 72: (3 3)->(2 3) 0 2 0 1 #timing (1369 1513) ps  polarity 0
net 73: (2 2)->(2 3) 0 1 0 0 #timing (183 183) ps polarity 1
net 73: (2 3)->(2 1) 1 1 0 0 #timing (308 294) ps polarity 0
net 73: (2 1)->(2 1) 5 0 0 0 #timing (403 446) ps polarity 1
net 73: (2 1)->(2 17) 13 1 0 0 #timing (1076 912) ps polarity 0
net 73: (2 17)->(2 17) 5 0 0 1 #timing (1318 1164) ps  polarity 0
net 73: (2 17)->(2 17) 1 0 0 1 #timing (1460 1303) ps  polarity 0
net 73: (2 17)->(2 17) 0 0 0 1 #timing (1432 1578) ps  polarity 1
net 104: (11 4)->(11 4) 0 0 0 0 #timing (183 183) ps polarity 0
net 104: (11 4)->(11 4) 1 0 0 0 #timing (255 260) ps polarity 1
net 104: (11 4)->(11 8) 3 4 0 0 #timing (568 500) ps polarity 1
net 104: (11 8)->(7 8) 4 5 0 0 #timing (991 860) ps polarity 1
net 104: (7 8)->(7 8) 1 0 1 1 #timing (1069 1170) ps  polarity 0
net 104: (7 8)->(6 9) 0 3 0 1 #timing (1254 1158) ps  polarity 1
net 105: (10 4)->(10 4) 0 0 0 0 #timing (406 406) ps polarity 0
net 105: (10 4)->(8 6) 1 3 0 0 #timing (546 527) ps polarity 1
net 105: (8 6)->(10 4) 1 3 0 1 #timing (828 776) ps  polarity 0
net 105: (10 4)->(11 4) 0 2 0 1 #timing (899 964) ps  polarity 1
net 105: (10 4)->(11 5) 0 3 0 1 #timing (910 969) ps  polarity 1
net 105: (10 4)->(11 5) 0 3 0 0 #timing (407 407) ps polarity 0
net 105: (11 5)->(9 5) 1 2 0 0 #timing (541 528) ps polarity 1
net 105: (9 5)->(9 9) 3 4 0 0 #timing (877 854) ps polarity 1
net 105: (9 9)->(5 9) 4 5 0 0 #timing (1196 1142) ps polarity 1
net 105: (5 9)->(7 9) 1 2 0 1 #timing (1426 1428) ps  polarity 0
net 105: (7 9)->(7 9) 0 0 0 1 #timing (1538 1545) ps  polarity 1
net 106: (11 6)->(11 6) 0 0 0 0 #timing (397 397) ps polarity 0
net 106: (11 6)->(9 4) 1 3 0 0 #timing (571 536) ps polarity 1
net 106: (9 4)->(9 8) 3 4 0 0 #timing (854 873) ps polarity 1
net 106: (9 8)->(5 8) 4 5 0 0 #timing (1220 1196) ps polarity 1
net 106: (5 8)->(7 8) 1 2 0 1 #timing (1484 1451) ps  polarity 0
net 106: (7 8)->(6 8) 0 2 0 1 #timing (1581 1619) ps  polarity 1
