net 1: (6 3)->(7 2) 0 3 0 0 #timing (227 227) ps polarity 0
net 1: (7 2)->(7 2) 1 0 0 0 #timing (322 322) ps polarity 1
net 1: (7 2)->(7 6) 3 1 0 0 #timing (663 589) ps polarity 1
net 1: (7 6)->(7 6) 5 0 1 0 #timing (795 737) ps polarity 0
net 1: (7 6)->(7 22) 13 1 0 0 #timing (1392 1325) ps polarity 1
net 1: (7 22)->(7 30) 5 1 0 1 #timing (1956 1875) ps  polarity 0
net 1: (7 30)->(5 30) 1 2 0 1 #timing (2133 2164) ps  polarity 1
net 1: (5 30)->(4 31) 0 3 0 1 #timing (2272 2257) ps  polarity 0
net 2: (8 0)->(8 0) 0 0 0 0 #timing (1 1) ps polarity 1
net 2: (8 0)->(10 2) 1 3 0 0 #timing (147 130) ps polarity 0
net 2: (10 2)->(6 2) 4 5 0 1 #timing (639 525) ps  polarity 0
net 2: (6 2)->(6 2) 1 0 0 1 #timing (831 692) ps  polarity 1
net 2: (6 2)->(6 3) 0 1 0 1 #timing (804 939) ps  polarity 0
net 3: (7 0)->(7 0) 0 0 0 0 #timing (1 1) ps polarity 1
net 3: (7 0)->(5 2) 1 3 0 0 #timing (144 126) ps polarity 0
net 3: (5 2)->(7 2) 1 2 0 1 #timing (408 362) ps  polarity 1
net 3: (7 2)->(6 3) 0 3 0 1 #timing (512 547) ps  polarity 0
net 4: (6 2)->(6 3) 0 1 0 0 #timing (189 189) ps polarity 1
net 4: (6 3)->(4 3) 1 2 0 0 #timing (345 317) ps polarity 0
net 4: (4 3)->(4 7) 3 1 0 0 #timing (690 654) ps polarity 0
net 4: (4 7)->(4 7) 5 0 1 0 #timing (822 798) ps polarity 1
net 4: (4 7)->(4 22) 13 1 1 0 #timing (1412 1319) ps polarity 0
net 4: (4 22)->(4 30) 5 1 0 1 #timing (1867 1753) ps  polarity 1
net 4: (4 30)->(4 30) 1 0 1 1 #timing (1964 2041) ps  polarity 0
net 4: (4 30)->(5 31) 0 3 0 1 #timing (2171 2080) ps  polarity 1
net 5: (6 0)->(6 1) 0 1 0 0 #timing (3 3) ps polarity 1
net 5: (6 1)->(4 3) 1 3 0 0 #timing (183 155) ps polarity 0
net 5: (4 3)->(6 3) 1 2 0 1 #timing (478 417) ps  polarity 1
net 5: (6 3)->(6 3) 0 0 0 1 #timing (544 619) ps  polarity 0
