#COLLECTE 4 WINNING_JOBS
##PARALLEL JOB[3] (3,expjob_3) timing=11230 dir=minplacer\00003_pa03_00006_rplan
##PARALLEL JOB[2] (2,expjob_2) timing=11108 dir=minplacer\00002_pa02_00006_rplan
##PARALLEL JOB[1] (0,expjob_0) timing=11108 dir=minplacer\00000_pa00_00006_rplan
##PARALLEL JOB[0] (1,expjob_1) timing=11065 dir=minplacer\00001_pa01_00006_rplan
PrePlaceDly=44510
#PLC_RUNDIR=minplacer\00001_pa01_00003_wl timing=5436 cg=0
PlaceDly=5436
TWL=2020
PEAKMEM=1304MB
#PLC_RUNDIR=minplacer\00001_pa01_00004_repopt timing=5436 cg=0
PlaceDly=5436
TWL=2020
PEAKMEM=1337MB
#PLC_RUNDIR=minplacer\00001_pa01_00005_post timing=11065 cg=0
PostIter=5
PlaceDly=11065
TWL=5590
PEAKMEM=1415MB
TotPostIter=5
#PLC_RUNDIR=minplacer\00001_pa01_00006_rplan timing=11065 cg=50
FinderPnRatio=50
FinderPnIter=0
PlaceDly=11065
PEAKMEM=1374MB
ParWin                              =expjob_1
